16:10:19 INFO  : Registering command handlers for SDK TCF services
16:10:19 INFO  : Launching XSCT server: xsct.bat -interactive C:\Projects\Misc\Dual_DAC\Dual_DAC.sdk\temp_xsdb_launch_script.tcl
16:10:20 INFO  : XSCT server has started successfully.
16:10:20 INFO  : Successfully done setting XSCT server connection channel  
16:10:20 INFO  : Successfully done setting SDK workspace  
16:10:20 INFO  : Processing command line option -hwspec C:/Projects/Misc/Dual_DAC/Dual_DAC.sdk/design_1_wrapper.hdf.
16:12:30 INFO  : Connected to target on host '127.0.0.1' and port '3121'.
16:12:34 INFO  : 'targets -set -filter {jtag_cable_name =~ "Digilent Zed 210248570623" && level==0} -index 1' command is executed.
16:12:37 INFO  : FPGA configured successfully with bitstream "C:/Projects/Misc/Dual_DAC/Dual_DAC.sdk/design_1_wrapper_hw_platform_0/design_1_wrapper.bit"
16:13:07 INFO  : 'targets -set -filter {jtag_cable_name =~ "Digilent Zed 210248570623" && level==0} -index 1' command is executed.
16:13:07 INFO  : 'fpga -state' command is executed.
16:13:07 INFO  : Connected to target on host '127.0.0.1' and port '3121'.
16:13:07 INFO  : Jtag cable 'Digilent Zed 210248570623' is selected.
16:13:07 INFO  : 'jtag frequency' command is executed.
16:13:07 INFO  : Sourcing of 'C:/Projects/Misc/Dual_DAC/Dual_DAC.sdk/design_1_wrapper_hw_platform_0/ps7_init.tcl' is done.
16:13:07 INFO  : Context for 'APU' is selected.
16:13:07 INFO  : Hardware design information is loaded from 'C:/Projects/Misc/Dual_DAC/Dual_DAC.sdk/design_1_wrapper_hw_platform_0/system.hdf'.
16:13:07 INFO  : Context for 'APU' is selected.
16:13:09 INFO  : 'stop' command is executed.
16:13:16 INFO  : 'ps7_init' command is executed.
16:13:16 INFO  : 'ps7_post_config' command is executed.
16:13:16 INFO  : Context for processor 'ps7_cortexa9_0' is selected.
16:13:16 INFO  : Processor reset is completed for 'ps7_cortexa9_0'.
16:13:16 INFO  : Context for processor 'ps7_cortexa9_0' is selected.
16:13:18 INFO  : The application 'C:/Projects/Misc/Dual_DAC/Dual_DAC.sdk/Dual_DAC/Debug/Dual_DAC.elf' is downloaded to processor 'ps7_cortexa9_0'.
16:13:18 INFO  : ----------------XSDB Script----------------
connect -url tcp:127.0.0.1:3121
source C:/Projects/Misc/Dual_DAC/Dual_DAC.sdk/design_1_wrapper_hw_platform_0/ps7_init.tcl
targets -set -nocase -filter {name =~"APU*" && jtag_cable_name =~ "Digilent Zed 210248570623"} -index 0
loadhw C:/Projects/Misc/Dual_DAC/Dual_DAC.sdk/design_1_wrapper_hw_platform_0/system.hdf
targets -set -nocase -filter {name =~"APU*" && jtag_cable_name =~ "Digilent Zed 210248570623"} -index 0
stop
ps7_init
ps7_post_config
targets -set -nocase -filter {name =~ "ARM*#0" && jtag_cable_name =~ "Digilent Zed 210248570623"} -index 0
rst -processor
targets -set -nocase -filter {name =~ "ARM*#0" && jtag_cable_name =~ "Digilent Zed 210248570623"} -index 0
dow C:/Projects/Misc/Dual_DAC/Dual_DAC.sdk/Dual_DAC/Debug/Dual_DAC.elf
----------------End of Script----------------

16:13:18 INFO  : Memory regions updated for context APU
16:13:18 INFO  : Context for processor 'ps7_cortexa9_0' is selected.
16:13:18 INFO  : 'con' command is executed.
16:13:18 INFO  : ----------------XSDB Script (After Launch)----------------
targets -set -nocase -filter {name =~ "ARM*#0" && jtag_cable_name =~ "Digilent Zed 210248570623"} -index 0
con
----------------End of Script----------------

16:13:18 INFO  : Launch script is exported to file 'C:\Projects\Misc\Dual_DAC\Dual_DAC.sdk\.sdk\launch_scripts\xilinx_c-c++_application_(system_debugger)\system_debugger_using_debug_dual_dac.elf_on_local.tcl'
16:14:41 INFO  : Disconnected from the channel tcfchan#1.
16:14:43 INFO  : 'targets -set -filter {jtag_cable_name =~ "Digilent Zed 210248570623" && level==0} -index 1' command is executed.
16:14:43 INFO  : 'fpga -state' command is executed.
16:14:43 INFO  : Connected to target on host '127.0.0.1' and port '3121'.
16:14:43 INFO  : Jtag cable 'Digilent Zed 210248570623' is selected.
16:14:44 INFO  : 'jtag frequency' command is executed.
16:14:44 INFO  : Sourcing of 'C:/Projects/Misc/Dual_DAC/Dual_DAC.sdk/design_1_wrapper_hw_platform_0/ps7_init.tcl' is done.
16:14:44 INFO  : Context for 'APU' is selected.
16:14:47 INFO  : Hardware design information is loaded from 'C:/Projects/Misc/Dual_DAC/Dual_DAC.sdk/design_1_wrapper_hw_platform_0/system.hdf'.
16:14:47 INFO  : Context for 'APU' is selected.
16:14:47 INFO  : 'stop' command is executed.
16:15:03 INFO  : 'ps7_init' command is executed.
16:15:03 INFO  : 'ps7_post_config' command is executed.
16:15:03 INFO  : Context for processor 'ps7_cortexa9_0' is selected.
16:15:03 INFO  : Processor reset is completed for 'ps7_cortexa9_0'.
16:15:03 INFO  : Context for processor 'ps7_cortexa9_0' is selected.
16:15:03 INFO  : The application 'C:/Projects/Misc/Dual_DAC/Dual_DAC.sdk/Dual_DAC/Debug/Dual_DAC.elf' is downloaded to processor 'ps7_cortexa9_0'.
16:15:03 INFO  : ----------------XSDB Script----------------
connect -url tcp:127.0.0.1:3121
source C:/Projects/Misc/Dual_DAC/Dual_DAC.sdk/design_1_wrapper_hw_platform_0/ps7_init.tcl
targets -set -nocase -filter {name =~"APU*" && jtag_cable_name =~ "Digilent Zed 210248570623"} -index 0
loadhw C:/Projects/Misc/Dual_DAC/Dual_DAC.sdk/design_1_wrapper_hw_platform_0/system.hdf
targets -set -nocase -filter {name =~"APU*" && jtag_cable_name =~ "Digilent Zed 210248570623"} -index 0
stop
ps7_init
ps7_post_config
targets -set -nocase -filter {name =~ "ARM*#0" && jtag_cable_name =~ "Digilent Zed 210248570623"} -index 0
rst -processor
targets -set -nocase -filter {name =~ "ARM*#0" && jtag_cable_name =~ "Digilent Zed 210248570623"} -index 0
dow C:/Projects/Misc/Dual_DAC/Dual_DAC.sdk/Dual_DAC/Debug/Dual_DAC.elf
----------------End of Script----------------

16:15:03 INFO  : Memory regions updated for context APU
16:15:04 INFO  : Context for processor 'ps7_cortexa9_0' is selected.
16:15:04 INFO  : 'con' command is executed.
16:15:04 INFO  : ----------------XSDB Script (After Launch)----------------
targets -set -nocase -filter {name =~ "ARM*#0" && jtag_cable_name =~ "Digilent Zed 210248570623"} -index 0
con
----------------End of Script----------------

16:15:04 INFO  : Launch script is exported to file 'C:\Projects\Misc\Dual_DAC\Dual_DAC.sdk\.sdk\launch_scripts\xilinx_c-c++_application_(system_debugger)\system_debugger_using_debug_dual_dac.elf_on_local.tcl'
16:15:28 INFO  : Disconnected from the channel tcfchan#2.
16:15:30 INFO  : 'targets -set -filter {jtag_cable_name =~ "Digilent Zed 210248570623" && level==0} -index 1' command is executed.
16:15:30 INFO  : 'fpga -state' command is executed.
16:15:30 INFO  : Connected to target on host '127.0.0.1' and port '3121'.
16:15:30 INFO  : Jtag cable 'Digilent Zed 210248570623' is selected.
16:15:30 INFO  : 'jtag frequency' command is executed.
16:15:30 INFO  : Sourcing of 'C:/Projects/Misc/Dual_DAC/Dual_DAC.sdk/design_1_wrapper_hw_platform_0/ps7_init.tcl' is done.
16:15:31 INFO  : Context for 'APU' is selected.
16:15:33 INFO  : Hardware design information is loaded from 'C:/Projects/Misc/Dual_DAC/Dual_DAC.sdk/design_1_wrapper_hw_platform_0/system.hdf'.
16:15:33 INFO  : Context for 'APU' is selected.
16:15:33 INFO  : 'stop' command is executed.
16:15:35 INFO  : 'ps7_init' command is executed.
16:15:36 INFO  : 'ps7_post_config' command is executed.
16:15:36 INFO  : Context for processor 'ps7_cortexa9_0' is selected.
16:15:36 INFO  : Processor reset is completed for 'ps7_cortexa9_0'.
16:15:36 INFO  : Context for processor 'ps7_cortexa9_0' is selected.
16:15:37 INFO  : The application 'C:/Projects/Misc/Dual_DAC/Dual_DAC.sdk/Dual_DAC/Debug/Dual_DAC.elf' is downloaded to processor 'ps7_cortexa9_0'.
16:15:37 INFO  : ----------------XSDB Script----------------
connect -url tcp:127.0.0.1:3121
source C:/Projects/Misc/Dual_DAC/Dual_DAC.sdk/design_1_wrapper_hw_platform_0/ps7_init.tcl
targets -set -nocase -filter {name =~"APU*" && jtag_cable_name =~ "Digilent Zed 210248570623"} -index 0
loadhw C:/Projects/Misc/Dual_DAC/Dual_DAC.sdk/design_1_wrapper_hw_platform_0/system.hdf
targets -set -nocase -filter {name =~"APU*" && jtag_cable_name =~ "Digilent Zed 210248570623"} -index 0
stop
ps7_init
ps7_post_config
targets -set -nocase -filter {name =~ "ARM*#0" && jtag_cable_name =~ "Digilent Zed 210248570623"} -index 0
rst -processor
targets -set -nocase -filter {name =~ "ARM*#0" && jtag_cable_name =~ "Digilent Zed 210248570623"} -index 0
dow C:/Projects/Misc/Dual_DAC/Dual_DAC.sdk/Dual_DAC/Debug/Dual_DAC.elf
----------------End of Script----------------

16:15:38 INFO  : Memory regions updated for context APU
16:15:38 INFO  : Context for processor 'ps7_cortexa9_0' is selected.
16:15:38 INFO  : 'con' command is executed.
16:15:38 INFO  : ----------------XSDB Script (After Launch)----------------
targets -set -nocase -filter {name =~ "ARM*#0" && jtag_cable_name =~ "Digilent Zed 210248570623"} -index 0
con
----------------End of Script----------------

16:15:38 INFO  : Launch script is exported to file 'C:\Projects\Misc\Dual_DAC\Dual_DAC.sdk\.sdk\launch_scripts\xilinx_c-c++_application_(system_debugger)\system_debugger_using_debug_dual_dac.elf_on_local.tcl'
16:16:46 INFO  : Disconnected from the channel tcfchan#3.
16:16:48 INFO  : 'targets -set -filter {jtag_cable_name =~ "Digilent Zed 210248570623" && level==0} -index 1' command is executed.
16:16:49 INFO  : 'fpga -state' command is executed.
16:16:49 INFO  : Connected to target on host '127.0.0.1' and port '3121'.
16:16:49 INFO  : Jtag cable 'Digilent Zed 210248570623' is selected.
16:16:50 INFO  : 'jtag frequency' command is executed.
16:16:50 INFO  : Sourcing of 'C:/Projects/Misc/Dual_DAC/Dual_DAC.sdk/design_1_wrapper_hw_platform_0/ps7_init.tcl' is done.
16:16:50 INFO  : Context for 'APU' is selected.
16:16:52 INFO  : Hardware design information is loaded from 'C:/Projects/Misc/Dual_DAC/Dual_DAC.sdk/design_1_wrapper_hw_platform_0/system.hdf'.
16:16:52 INFO  : Context for 'APU' is selected.
16:16:52 INFO  : 'stop' command is executed.
16:16:57 INFO  : 'ps7_init' command is executed.
16:16:57 INFO  : 'ps7_post_config' command is executed.
16:16:57 INFO  : Context for processor 'ps7_cortexa9_0' is selected.
16:16:58 INFO  : Processor reset is completed for 'ps7_cortexa9_0'.
16:16:58 INFO  : Context for processor 'ps7_cortexa9_0' is selected.
16:16:59 INFO  : The application 'C:/Projects/Misc/Dual_DAC/Dual_DAC.sdk/Dual_DAC/Debug/Dual_DAC.elf' is downloaded to processor 'ps7_cortexa9_0'.
16:16:59 INFO  : ----------------XSDB Script----------------
connect -url tcp:127.0.0.1:3121
source C:/Projects/Misc/Dual_DAC/Dual_DAC.sdk/design_1_wrapper_hw_platform_0/ps7_init.tcl
targets -set -nocase -filter {name =~"APU*" && jtag_cable_name =~ "Digilent Zed 210248570623"} -index 0
loadhw C:/Projects/Misc/Dual_DAC/Dual_DAC.sdk/design_1_wrapper_hw_platform_0/system.hdf
targets -set -nocase -filter {name =~"APU*" && jtag_cable_name =~ "Digilent Zed 210248570623"} -index 0
stop
ps7_init
ps7_post_config
targets -set -nocase -filter {name =~ "ARM*#0" && jtag_cable_name =~ "Digilent Zed 210248570623"} -index 0
rst -processor
targets -set -nocase -filter {name =~ "ARM*#0" && jtag_cable_name =~ "Digilent Zed 210248570623"} -index 0
dow C:/Projects/Misc/Dual_DAC/Dual_DAC.sdk/Dual_DAC/Debug/Dual_DAC.elf
----------------End of Script----------------

16:17:00 INFO  : Memory regions updated for context APU
16:17:00 INFO  : Context for processor 'ps7_cortexa9_0' is selected.
16:17:00 INFO  : 'con' command is executed.
16:17:00 INFO  : ----------------XSDB Script (After Launch)----------------
targets -set -nocase -filter {name =~ "ARM*#0" && jtag_cable_name =~ "Digilent Zed 210248570623"} -index 0
con
----------------End of Script----------------

16:17:00 INFO  : Launch script is exported to file 'C:\Projects\Misc\Dual_DAC\Dual_DAC.sdk\.sdk\launch_scripts\xilinx_c-c++_application_(system_debugger)\system_debugger_using_debug_dual_dac.elf_on_local.tcl'
16:24:18 INFO  : Disconnected from the channel tcfchan#4.
16:24:19 INFO  : 'targets -set -filter {jtag_cable_name =~ "Digilent Zed 210248570623" && level==0} -index 1' command is executed.
16:24:19 INFO  : 'fpga -state' command is executed.
16:24:19 INFO  : Connected to target on host '127.0.0.1' and port '3121'.
16:24:20 INFO  : Jtag cable 'Digilent Zed 210248570623' is selected.
16:24:20 INFO  : 'jtag frequency' command is executed.
16:24:20 INFO  : Sourcing of 'C:/Projects/Misc/Dual_DAC/Dual_DAC.sdk/design_1_wrapper_hw_platform_0/ps7_init.tcl' is done.
16:24:20 INFO  : Context for 'APU' is selected.
16:24:22 INFO  : Hardware design information is loaded from 'C:/Projects/Misc/Dual_DAC/Dual_DAC.sdk/design_1_wrapper_hw_platform_0/system.hdf'.
16:24:22 INFO  : Context for 'APU' is selected.
16:24:22 INFO  : 'stop' command is executed.
16:24:27 INFO  : 'ps7_init' command is executed.
16:24:28 INFO  : 'ps7_post_config' command is executed.
16:24:28 INFO  : Context for processor 'ps7_cortexa9_0' is selected.
16:24:29 INFO  : Processor reset is completed for 'ps7_cortexa9_0'.
16:24:29 INFO  : Context for processor 'ps7_cortexa9_0' is selected.
16:24:29 INFO  : The application 'C:/Projects/Misc/Dual_DAC/Dual_DAC.sdk/Dual_DAC/Debug/Dual_DAC.elf' is downloaded to processor 'ps7_cortexa9_0'.
16:24:29 INFO  : ----------------XSDB Script----------------
connect -url tcp:127.0.0.1:3121
source C:/Projects/Misc/Dual_DAC/Dual_DAC.sdk/design_1_wrapper_hw_platform_0/ps7_init.tcl
targets -set -nocase -filter {name =~"APU*" && jtag_cable_name =~ "Digilent Zed 210248570623"} -index 0
loadhw C:/Projects/Misc/Dual_DAC/Dual_DAC.sdk/design_1_wrapper_hw_platform_0/system.hdf
targets -set -nocase -filter {name =~"APU*" && jtag_cable_name =~ "Digilent Zed 210248570623"} -index 0
stop
ps7_init
ps7_post_config
targets -set -nocase -filter {name =~ "ARM*#0" && jtag_cable_name =~ "Digilent Zed 210248570623"} -index 0
rst -processor
targets -set -nocase -filter {name =~ "ARM*#0" && jtag_cable_name =~ "Digilent Zed 210248570623"} -index 0
dow C:/Projects/Misc/Dual_DAC/Dual_DAC.sdk/Dual_DAC/Debug/Dual_DAC.elf
----------------End of Script----------------

16:24:30 INFO  : Memory regions updated for context APU
16:24:30 INFO  : Context for processor 'ps7_cortexa9_0' is selected.
16:24:30 INFO  : 'con' command is executed.
16:24:30 INFO  : ----------------XSDB Script (After Launch)----------------
targets -set -nocase -filter {name =~ "ARM*#0" && jtag_cable_name =~ "Digilent Zed 210248570623"} -index 0
con
----------------End of Script----------------

16:24:30 INFO  : Launch script is exported to file 'C:\Projects\Misc\Dual_DAC\Dual_DAC.sdk\.sdk\launch_scripts\xilinx_c-c++_application_(system_debugger)\system_debugger_using_debug_dual_dac.elf_on_local.tcl'
16:26:05 INFO  : Disconnected from the channel tcfchan#5.
16:26:07 INFO  : 'targets -set -filter {jtag_cable_name =~ "Digilent Zed 210248570623" && level==0} -index 1' command is executed.
16:26:07 INFO  : 'fpga -state' command is executed.
16:26:07 INFO  : Connected to target on host '127.0.0.1' and port '3121'.
16:26:08 INFO  : Jtag cable 'Digilent Zed 210248570623' is selected.
16:26:08 INFO  : 'jtag frequency' command is executed.
16:26:08 INFO  : Sourcing of 'C:/Projects/Misc/Dual_DAC/Dual_DAC.sdk/design_1_wrapper_hw_platform_0/ps7_init.tcl' is done.
16:26:08 INFO  : Context for 'APU' is selected.
16:26:10 INFO  : Hardware design information is loaded from 'C:/Projects/Misc/Dual_DAC/Dual_DAC.sdk/design_1_wrapper_hw_platform_0/system.hdf'.
16:26:10 INFO  : Context for 'APU' is selected.
16:26:10 INFO  : 'stop' command is executed.
16:26:17 INFO  : 'ps7_init' command is executed.
16:26:17 INFO  : 'ps7_post_config' command is executed.
16:26:17 INFO  : Context for processor 'ps7_cortexa9_0' is selected.
16:26:17 INFO  : Processor reset is completed for 'ps7_cortexa9_0'.
16:26:17 INFO  : Context for processor 'ps7_cortexa9_0' is selected.
16:26:18 INFO  : The application 'C:/Projects/Misc/Dual_DAC/Dual_DAC.sdk/Dual_DAC/Debug/Dual_DAC.elf' is downloaded to processor 'ps7_cortexa9_0'.
16:26:18 INFO  : ----------------XSDB Script----------------
connect -url tcp:127.0.0.1:3121
source C:/Projects/Misc/Dual_DAC/Dual_DAC.sdk/design_1_wrapper_hw_platform_0/ps7_init.tcl
targets -set -nocase -filter {name =~"APU*" && jtag_cable_name =~ "Digilent Zed 210248570623"} -index 0
loadhw C:/Projects/Misc/Dual_DAC/Dual_DAC.sdk/design_1_wrapper_hw_platform_0/system.hdf
targets -set -nocase -filter {name =~"APU*" && jtag_cable_name =~ "Digilent Zed 210248570623"} -index 0
stop
ps7_init
ps7_post_config
targets -set -nocase -filter {name =~ "ARM*#0" && jtag_cable_name =~ "Digilent Zed 210248570623"} -index 0
rst -processor
targets -set -nocase -filter {name =~ "ARM*#0" && jtag_cable_name =~ "Digilent Zed 210248570623"} -index 0
dow C:/Projects/Misc/Dual_DAC/Dual_DAC.sdk/Dual_DAC/Debug/Dual_DAC.elf
----------------End of Script----------------

16:26:18 INFO  : Memory regions updated for context APU
16:26:18 INFO  : Context for processor 'ps7_cortexa9_0' is selected.
16:26:18 INFO  : 'con' command is executed.
16:26:18 INFO  : ----------------XSDB Script (After Launch)----------------
targets -set -nocase -filter {name =~ "ARM*#0" && jtag_cable_name =~ "Digilent Zed 210248570623"} -index 0
con
----------------End of Script----------------

16:26:18 INFO  : Launch script is exported to file 'C:\Projects\Misc\Dual_DAC\Dual_DAC.sdk\.sdk\launch_scripts\xilinx_c-c++_application_(system_debugger)\system_debugger_using_debug_dual_dac.elf_on_local.tcl'
17:52:38 INFO  : Disconnected from the channel tcfchan#6.
10:48:33 INFO  : Registering command handlers for SDK TCF services
10:48:33 INFO  : Launching XSCT server: xsct.bat -interactive C:\Projects\Misc\Dual_DAC\Dual_DAC.sdk\temp_xsdb_launch_script.tcl
10:48:35 INFO  : XSCT server has started successfully.
10:48:38 INFO  : Successfully done setting XSCT server connection channel  
10:48:38 INFO  : Processing command line option -hwspec C:/Projects/Misc/Dual_DAC/Dual_DAC.sdk/design_1_wrapper.hdf.
10:48:38 INFO  : Successfully done setting SDK workspace  
10:48:38 INFO  : Checking for hwspec changes in the project design_1_wrapper_hw_platform_0.
10:48:40 INFO  : SDK has detected change in the last modified timestamps for source hardware specification file Source:1522745250463,  Project:1521299378772
10:48:40 INFO  : The hardware specification for project 'design_1_wrapper_hw_platform_0' is different from C:/Projects/Misc/Dual_DAC/Dual_DAC.sdk/design_1_wrapper.hdf.
10:48:40 INFO  : Copied contents of C:/Projects/Misc/Dual_DAC/Dual_DAC.sdk/design_1_wrapper.hdf into \design_1_wrapper_hw_platform_0\system.hdf.
10:48:48 INFO  : Synchronizing projects in the workspace with the hardware platform specification changes.
10:48:52 INFO  : 
10:48:53 INFO  : Updating hardware inferred compiler options for Dual_DAC.
10:48:53 INFO  : Clearing existing target manager status.
10:49:09 INFO  : Connected to target on host '127.0.0.1' and port '3121'.
10:49:10 INFO  : 'targets -set -filter {jtag_cable_name =~ "Digilent Zed 210248A276A5" && level==0} -index 1' command is executed.
10:49:12 INFO  : FPGA configured successfully with bitstream "C:/Projects/Misc/Dual_DAC/Dual_DAC.sdk/design_1_wrapper_hw_platform_0/design_1_wrapper.bit"
10:50:08 INFO  : Connected to target on host '127.0.0.1' and port '3121'.
10:50:08 INFO  : 'targets -set -filter {jtag_cable_name =~ "Digilent Zed 210248A276A5" && level==0} -index 1' command is executed.
10:50:10 INFO  : FPGA configured successfully with bitstream "C:/Projects/Misc/Dual_DAC/Dual_DAC.sdk/design_1_wrapper_hw_platform_0/design_1_wrapper.bit"
10:50:55 INFO  : 'targets -set -filter {jtag_cable_name =~ "Digilent Zed 210248A276A5" && level==0} -index 1' command is executed.
10:50:55 INFO  : 'fpga -state' command is executed.
10:50:55 INFO  : Connected to target on host '127.0.0.1' and port '3121'.
10:50:55 INFO  : Jtag cable 'Digilent Zed 210248A276A5' is selected.
10:50:55 INFO  : 'jtag frequency' command is executed.
10:50:55 INFO  : Sourcing of 'C:/Projects/Misc/Dual_DAC/Dual_DAC.sdk/design_1_wrapper_hw_platform_0/ps7_init.tcl' is done.
10:50:55 INFO  : Context for 'APU' is selected.
10:50:55 INFO  : Hardware design information is loaded from 'C:/Projects/Misc/Dual_DAC/Dual_DAC.sdk/design_1_wrapper_hw_platform_0/system.hdf'.
10:50:55 INFO  : Context for 'APU' is selected.
10:50:55 INFO  : 'stop' command is executed.
10:50:56 INFO  : 'ps7_init' command is executed.
10:50:56 INFO  : 'ps7_post_config' command is executed.
10:50:56 INFO  : Context for processor 'ps7_cortexa9_0' is selected.
10:50:56 INFO  : Processor reset is completed for 'ps7_cortexa9_0'.
10:50:56 INFO  : Context for processor 'ps7_cortexa9_0' is selected.
10:50:56 INFO  : The application 'C:/Projects/Misc/Dual_DAC/Dual_DAC.sdk/Dual_DAC/Debug/Dual_DAC.elf' is downloaded to processor 'ps7_cortexa9_0'.
10:50:56 INFO  : ----------------XSDB Script----------------
connect -url tcp:127.0.0.1:3121
source C:/Projects/Misc/Dual_DAC/Dual_DAC.sdk/design_1_wrapper_hw_platform_0/ps7_init.tcl
targets -set -nocase -filter {name =~"APU*" && jtag_cable_name =~ "Digilent Zed 210248A276A5"} -index 0
loadhw C:/Projects/Misc/Dual_DAC/Dual_DAC.sdk/design_1_wrapper_hw_platform_0/system.hdf
targets -set -nocase -filter {name =~"APU*" && jtag_cable_name =~ "Digilent Zed 210248A276A5"} -index 0
stop
ps7_init
ps7_post_config
targets -set -nocase -filter {name =~ "ARM*#0" && jtag_cable_name =~ "Digilent Zed 210248A276A5"} -index 0
rst -processor
targets -set -nocase -filter {name =~ "ARM*#0" && jtag_cable_name =~ "Digilent Zed 210248A276A5"} -index 0
dow C:/Projects/Misc/Dual_DAC/Dual_DAC.sdk/Dual_DAC/Debug/Dual_DAC.elf
----------------End of Script----------------

10:50:56 INFO  : Memory regions updated for context APU
10:50:56 INFO  : Context for processor 'ps7_cortexa9_0' is selected.
10:50:56 INFO  : 'con' command is executed.
10:50:56 INFO  : ----------------XSDB Script (After Launch)----------------
targets -set -nocase -filter {name =~ "ARM*#0" && jtag_cable_name =~ "Digilent Zed 210248A276A5"} -index 0
con
----------------End of Script----------------

10:50:56 INFO  : Launch script is exported to file 'C:\Projects\Misc\Dual_DAC\Dual_DAC.sdk\.sdk\launch_scripts\xilinx_c-c++_application_(system_debugger)\system_debugger_using_debug_dual_dac.elf_on_local.tcl'
10:52:43 INFO  : Disconnected from the channel tcfchan#1.
10:52:44 INFO  : 'targets -set -filter {jtag_cable_name =~ "Digilent Zed 210248A276A5" && level==0} -index 1' command is executed.
10:52:44 INFO  : 'fpga -state' command is executed.
10:52:44 INFO  : Connected to target on host '127.0.0.1' and port '3121'.
10:52:44 INFO  : Jtag cable 'Digilent Zed 210248A276A5' is selected.
10:52:44 INFO  : 'jtag frequency' command is executed.
10:52:44 INFO  : Sourcing of 'C:/Projects/Misc/Dual_DAC/Dual_DAC.sdk/design_1_wrapper_hw_platform_0/ps7_init.tcl' is done.
10:52:44 INFO  : Context for 'APU' is selected.
10:52:46 INFO  : Hardware design information is loaded from 'C:/Projects/Misc/Dual_DAC/Dual_DAC.sdk/design_1_wrapper_hw_platform_0/system.hdf'.
10:52:46 INFO  : Context for 'APU' is selected.
10:52:46 INFO  : 'stop' command is executed.
10:52:46 INFO  : 'ps7_init' command is executed.
10:52:46 INFO  : 'ps7_post_config' command is executed.
10:52:47 INFO  : Context for processor 'ps7_cortexa9_0' is selected.
10:52:47 INFO  : Processor reset is completed for 'ps7_cortexa9_0'.
10:52:47 INFO  : Context for processor 'ps7_cortexa9_0' is selected.
10:52:47 INFO  : The application 'C:/Projects/Misc/Dual_DAC/Dual_DAC.sdk/Dual_DAC/Debug/Dual_DAC.elf' is downloaded to processor 'ps7_cortexa9_0'.
10:52:47 INFO  : ----------------XSDB Script----------------
connect -url tcp:127.0.0.1:3121
source C:/Projects/Misc/Dual_DAC/Dual_DAC.sdk/design_1_wrapper_hw_platform_0/ps7_init.tcl
targets -set -nocase -filter {name =~"APU*" && jtag_cable_name =~ "Digilent Zed 210248A276A5"} -index 0
loadhw C:/Projects/Misc/Dual_DAC/Dual_DAC.sdk/design_1_wrapper_hw_platform_0/system.hdf
targets -set -nocase -filter {name =~"APU*" && jtag_cable_name =~ "Digilent Zed 210248A276A5"} -index 0
stop
ps7_init
ps7_post_config
targets -set -nocase -filter {name =~ "ARM*#0" && jtag_cable_name =~ "Digilent Zed 210248A276A5"} -index 0
rst -processor
targets -set -nocase -filter {name =~ "ARM*#0" && jtag_cable_name =~ "Digilent Zed 210248A276A5"} -index 0
dow C:/Projects/Misc/Dual_DAC/Dual_DAC.sdk/Dual_DAC/Debug/Dual_DAC.elf
----------------End of Script----------------

10:52:47 INFO  : Memory regions updated for context APU
10:52:47 INFO  : Context for processor 'ps7_cortexa9_0' is selected.
10:52:47 INFO  : 'con' command is executed.
10:52:47 INFO  : ----------------XSDB Script (After Launch)----------------
targets -set -nocase -filter {name =~ "ARM*#0" && jtag_cable_name =~ "Digilent Zed 210248A276A5"} -index 0
con
----------------End of Script----------------

10:52:47 INFO  : Launch script is exported to file 'C:\Projects\Misc\Dual_DAC\Dual_DAC.sdk\.sdk\launch_scripts\xilinx_c-c++_application_(system_debugger)\system_debugger_using_debug_dual_dac.elf_on_local.tcl'
10:56:45 INFO  : Disconnected from the channel tcfchan#2.
10:56:46 INFO  : 'targets -set -filter {jtag_cable_name =~ "Digilent Zed 210248A276A5" && level==0} -index 1' command is executed.
10:56:46 INFO  : 'fpga -state' command is executed.
10:56:46 INFO  : Connected to target on host '127.0.0.1' and port '3121'.
10:56:47 INFO  : Jtag cable 'Digilent Zed 210248A276A5' is selected.
10:56:47 INFO  : 'jtag frequency' command is executed.
10:56:47 INFO  : Sourcing of 'C:/Projects/Misc/Dual_DAC/Dual_DAC.sdk/design_1_wrapper_hw_platform_0/ps7_init.tcl' is done.
10:56:47 INFO  : Context for 'APU' is selected.
10:56:47 INFO  : Hardware design information is loaded from 'C:/Projects/Misc/Dual_DAC/Dual_DAC.sdk/design_1_wrapper_hw_platform_0/system.hdf'.
10:56:47 INFO  : Context for 'APU' is selected.
10:56:47 INFO  : 'stop' command is executed.
10:56:47 INFO  : 'ps7_init' command is executed.
10:56:47 INFO  : 'ps7_post_config' command is executed.
10:56:47 INFO  : Context for processor 'ps7_cortexa9_0' is selected.
10:56:47 INFO  : Processor reset is completed for 'ps7_cortexa9_0'.
10:56:47 INFO  : Context for processor 'ps7_cortexa9_0' is selected.
10:56:47 INFO  : The application 'C:/Projects/Misc/Dual_DAC/Dual_DAC.sdk/Dual_DAC/Debug/Dual_DAC.elf' is downloaded to processor 'ps7_cortexa9_0'.
10:56:47 INFO  : ----------------XSDB Script----------------
connect -url tcp:127.0.0.1:3121
source C:/Projects/Misc/Dual_DAC/Dual_DAC.sdk/design_1_wrapper_hw_platform_0/ps7_init.tcl
targets -set -nocase -filter {name =~"APU*" && jtag_cable_name =~ "Digilent Zed 210248A276A5"} -index 0
loadhw C:/Projects/Misc/Dual_DAC/Dual_DAC.sdk/design_1_wrapper_hw_platform_0/system.hdf
targets -set -nocase -filter {name =~"APU*" && jtag_cable_name =~ "Digilent Zed 210248A276A5"} -index 0
stop
ps7_init
ps7_post_config
targets -set -nocase -filter {name =~ "ARM*#0" && jtag_cable_name =~ "Digilent Zed 210248A276A5"} -index 0
rst -processor
targets -set -nocase -filter {name =~ "ARM*#0" && jtag_cable_name =~ "Digilent Zed 210248A276A5"} -index 0
dow C:/Projects/Misc/Dual_DAC/Dual_DAC.sdk/Dual_DAC/Debug/Dual_DAC.elf
----------------End of Script----------------

10:56:47 INFO  : Memory regions updated for context APU
10:56:47 INFO  : Context for processor 'ps7_cortexa9_0' is selected.
10:56:47 INFO  : 'con' command is executed.
10:56:47 INFO  : ----------------XSDB Script (After Launch)----------------
targets -set -nocase -filter {name =~ "ARM*#0" && jtag_cable_name =~ "Digilent Zed 210248A276A5"} -index 0
con
----------------End of Script----------------

10:56:47 INFO  : Launch script is exported to file 'C:\Projects\Misc\Dual_DAC\Dual_DAC.sdk\.sdk\launch_scripts\xilinx_c-c++_application_(system_debugger)\system_debugger_using_debug_dual_dac.elf_on_local.tcl'
10:58:41 INFO  : Disconnected from the channel tcfchan#3.
10:58:42 INFO  : 'targets -set -filter {jtag_cable_name =~ "Digilent Zed 210248A276A5" && level==0} -index 1' command is executed.
10:58:42 INFO  : 'fpga -state' command is executed.
10:58:42 INFO  : Connected to target on host '127.0.0.1' and port '3121'.
10:58:42 INFO  : Jtag cable 'Digilent Zed 210248A276A5' is selected.
10:58:42 INFO  : 'jtag frequency' command is executed.
10:58:42 INFO  : Sourcing of 'C:/Projects/Misc/Dual_DAC/Dual_DAC.sdk/design_1_wrapper_hw_platform_0/ps7_init.tcl' is done.
10:58:42 INFO  : Context for 'APU' is selected.
10:58:42 INFO  : Hardware design information is loaded from 'C:/Projects/Misc/Dual_DAC/Dual_DAC.sdk/design_1_wrapper_hw_platform_0/system.hdf'.
10:58:42 INFO  : Context for 'APU' is selected.
10:58:42 INFO  : 'stop' command is executed.
10:58:43 INFO  : 'ps7_init' command is executed.
10:58:43 INFO  : 'ps7_post_config' command is executed.
10:58:43 INFO  : Context for processor 'ps7_cortexa9_0' is selected.
10:58:43 INFO  : Processor reset is completed for 'ps7_cortexa9_0'.
10:58:43 INFO  : Context for processor 'ps7_cortexa9_0' is selected.
10:58:43 INFO  : The application 'C:/Projects/Misc/Dual_DAC/Dual_DAC.sdk/Dual_DAC/Debug/Dual_DAC.elf' is downloaded to processor 'ps7_cortexa9_0'.
10:58:43 INFO  : ----------------XSDB Script----------------
connect -url tcp:127.0.0.1:3121
source C:/Projects/Misc/Dual_DAC/Dual_DAC.sdk/design_1_wrapper_hw_platform_0/ps7_init.tcl
targets -set -nocase -filter {name =~"APU*" && jtag_cable_name =~ "Digilent Zed 210248A276A5"} -index 0
loadhw C:/Projects/Misc/Dual_DAC/Dual_DAC.sdk/design_1_wrapper_hw_platform_0/system.hdf
targets -set -nocase -filter {name =~"APU*" && jtag_cable_name =~ "Digilent Zed 210248A276A5"} -index 0
stop
ps7_init
ps7_post_config
targets -set -nocase -filter {name =~ "ARM*#0" && jtag_cable_name =~ "Digilent Zed 210248A276A5"} -index 0
rst -processor
targets -set -nocase -filter {name =~ "ARM*#0" && jtag_cable_name =~ "Digilent Zed 210248A276A5"} -index 0
dow C:/Projects/Misc/Dual_DAC/Dual_DAC.sdk/Dual_DAC/Debug/Dual_DAC.elf
----------------End of Script----------------

10:58:43 INFO  : Memory regions updated for context APU
10:58:43 INFO  : Context for processor 'ps7_cortexa9_0' is selected.
10:58:43 INFO  : 'con' command is executed.
10:58:43 INFO  : ----------------XSDB Script (After Launch)----------------
targets -set -nocase -filter {name =~ "ARM*#0" && jtag_cable_name =~ "Digilent Zed 210248A276A5"} -index 0
con
----------------End of Script----------------

10:58:43 INFO  : Launch script is exported to file 'C:\Projects\Misc\Dual_DAC\Dual_DAC.sdk\.sdk\launch_scripts\xilinx_c-c++_application_(system_debugger)\system_debugger_using_debug_dual_dac.elf_on_local.tcl'
11:02:23 INFO  : Disconnected from the channel tcfchan#4.
11:02:24 INFO  : 'targets -set -filter {jtag_cable_name =~ "Digilent Zed 210248A276A5" && level==0} -index 1' command is executed.
11:02:24 INFO  : 'fpga -state' command is executed.
11:02:24 INFO  : Connected to target on host '127.0.0.1' and port '3121'.
11:02:24 INFO  : Jtag cable 'Digilent Zed 210248A276A5' is selected.
11:02:24 INFO  : 'jtag frequency' command is executed.
11:02:24 INFO  : Sourcing of 'C:/Projects/Misc/Dual_DAC/Dual_DAC.sdk/design_1_wrapper_hw_platform_0/ps7_init.tcl' is done.
11:02:24 INFO  : Context for 'APU' is selected.
11:02:24 INFO  : Hardware design information is loaded from 'C:/Projects/Misc/Dual_DAC/Dual_DAC.sdk/design_1_wrapper_hw_platform_0/system.hdf'.
11:02:24 INFO  : Context for 'APU' is selected.
11:02:24 INFO  : 'stop' command is executed.
11:02:25 INFO  : 'ps7_init' command is executed.
11:02:25 INFO  : 'ps7_post_config' command is executed.
11:02:25 INFO  : Context for processor 'ps7_cortexa9_0' is selected.
11:02:25 INFO  : Processor reset is completed for 'ps7_cortexa9_0'.
11:02:25 INFO  : Context for processor 'ps7_cortexa9_0' is selected.
11:02:25 INFO  : The application 'C:/Projects/Misc/Dual_DAC/Dual_DAC.sdk/Dual_DAC/Debug/Dual_DAC.elf' is downloaded to processor 'ps7_cortexa9_0'.
11:02:25 INFO  : ----------------XSDB Script----------------
connect -url tcp:127.0.0.1:3121
source C:/Projects/Misc/Dual_DAC/Dual_DAC.sdk/design_1_wrapper_hw_platform_0/ps7_init.tcl
targets -set -nocase -filter {name =~"APU*" && jtag_cable_name =~ "Digilent Zed 210248A276A5"} -index 0
loadhw C:/Projects/Misc/Dual_DAC/Dual_DAC.sdk/design_1_wrapper_hw_platform_0/system.hdf
targets -set -nocase -filter {name =~"APU*" && jtag_cable_name =~ "Digilent Zed 210248A276A5"} -index 0
stop
ps7_init
ps7_post_config
targets -set -nocase -filter {name =~ "ARM*#0" && jtag_cable_name =~ "Digilent Zed 210248A276A5"} -index 0
rst -processor
targets -set -nocase -filter {name =~ "ARM*#0" && jtag_cable_name =~ "Digilent Zed 210248A276A5"} -index 0
dow C:/Projects/Misc/Dual_DAC/Dual_DAC.sdk/Dual_DAC/Debug/Dual_DAC.elf
----------------End of Script----------------

11:02:25 INFO  : Memory regions updated for context APU
11:02:25 INFO  : Context for processor 'ps7_cortexa9_0' is selected.
11:02:25 INFO  : 'con' command is executed.
11:02:25 INFO  : ----------------XSDB Script (After Launch)----------------
targets -set -nocase -filter {name =~ "ARM*#0" && jtag_cable_name =~ "Digilent Zed 210248A276A5"} -index 0
con
----------------End of Script----------------

11:02:25 INFO  : Launch script is exported to file 'C:\Projects\Misc\Dual_DAC\Dual_DAC.sdk\.sdk\launch_scripts\xilinx_c-c++_application_(system_debugger)\system_debugger_using_debug_dual_dac.elf_on_local.tcl'
11:03:42 INFO  : Disconnected from the channel tcfchan#5.
11:03:43 INFO  : 'targets -set -filter {jtag_cable_name =~ "Digilent Zed 210248A276A5" && level==0} -index 1' command is executed.
11:03:43 INFO  : 'fpga -state' command is executed.
11:03:43 INFO  : Connected to target on host '127.0.0.1' and port '3121'.
11:03:43 INFO  : Jtag cable 'Digilent Zed 210248A276A5' is selected.
11:03:43 INFO  : 'jtag frequency' command is executed.
11:03:43 INFO  : Sourcing of 'C:/Projects/Misc/Dual_DAC/Dual_DAC.sdk/design_1_wrapper_hw_platform_0/ps7_init.tcl' is done.
11:03:43 INFO  : Context for 'APU' is selected.
11:03:43 INFO  : Hardware design information is loaded from 'C:/Projects/Misc/Dual_DAC/Dual_DAC.sdk/design_1_wrapper_hw_platform_0/system.hdf'.
11:03:43 INFO  : Context for 'APU' is selected.
11:03:43 INFO  : 'stop' command is executed.
11:03:43 INFO  : 'ps7_init' command is executed.
11:03:43 INFO  : 'ps7_post_config' command is executed.
11:03:43 INFO  : Context for processor 'ps7_cortexa9_0' is selected.
11:03:43 INFO  : Processor reset is completed for 'ps7_cortexa9_0'.
11:03:43 INFO  : Context for processor 'ps7_cortexa9_0' is selected.
11:03:44 INFO  : The application 'C:/Projects/Misc/Dual_DAC/Dual_DAC.sdk/Dual_DAC/Debug/Dual_DAC.elf' is downloaded to processor 'ps7_cortexa9_0'.
11:03:44 INFO  : ----------------XSDB Script----------------
connect -url tcp:127.0.0.1:3121
source C:/Projects/Misc/Dual_DAC/Dual_DAC.sdk/design_1_wrapper_hw_platform_0/ps7_init.tcl
targets -set -nocase -filter {name =~"APU*" && jtag_cable_name =~ "Digilent Zed 210248A276A5"} -index 0
loadhw C:/Projects/Misc/Dual_DAC/Dual_DAC.sdk/design_1_wrapper_hw_platform_0/system.hdf
targets -set -nocase -filter {name =~"APU*" && jtag_cable_name =~ "Digilent Zed 210248A276A5"} -index 0
stop
ps7_init
ps7_post_config
targets -set -nocase -filter {name =~ "ARM*#0" && jtag_cable_name =~ "Digilent Zed 210248A276A5"} -index 0
rst -processor
targets -set -nocase -filter {name =~ "ARM*#0" && jtag_cable_name =~ "Digilent Zed 210248A276A5"} -index 0
dow C:/Projects/Misc/Dual_DAC/Dual_DAC.sdk/Dual_DAC/Debug/Dual_DAC.elf
----------------End of Script----------------

11:03:44 INFO  : Memory regions updated for context APU
11:03:44 INFO  : Context for processor 'ps7_cortexa9_0' is selected.
11:03:44 INFO  : 'con' command is executed.
11:03:44 INFO  : ----------------XSDB Script (After Launch)----------------
targets -set -nocase -filter {name =~ "ARM*#0" && jtag_cable_name =~ "Digilent Zed 210248A276A5"} -index 0
con
----------------End of Script----------------

11:03:44 INFO  : Launch script is exported to file 'C:\Projects\Misc\Dual_DAC\Dual_DAC.sdk\.sdk\launch_scripts\xilinx_c-c++_application_(system_debugger)\system_debugger_using_debug_dual_dac.elf_on_local.tcl'
11:05:22 INFO  : Disconnected from the channel tcfchan#6.
11:05:23 INFO  : 'targets -set -filter {jtag_cable_name =~ "Digilent Zed 210248A276A5" && level==0} -index 1' command is executed.
11:05:23 INFO  : 'fpga -state' command is executed.
11:05:23 INFO  : Connected to target on host '127.0.0.1' and port '3121'.
11:05:23 INFO  : Jtag cable 'Digilent Zed 210248A276A5' is selected.
11:05:23 INFO  : 'jtag frequency' command is executed.
11:05:23 INFO  : Sourcing of 'C:/Projects/Misc/Dual_DAC/Dual_DAC.sdk/design_1_wrapper_hw_platform_0/ps7_init.tcl' is done.
11:05:23 INFO  : Context for 'APU' is selected.
11:05:23 INFO  : Hardware design information is loaded from 'C:/Projects/Misc/Dual_DAC/Dual_DAC.sdk/design_1_wrapper_hw_platform_0/system.hdf'.
11:05:23 INFO  : Context for 'APU' is selected.
11:05:24 INFO  : 'stop' command is executed.
11:05:24 INFO  : 'ps7_init' command is executed.
11:05:24 INFO  : 'ps7_post_config' command is executed.
11:05:24 INFO  : Context for processor 'ps7_cortexa9_0' is selected.
11:05:24 INFO  : Processor reset is completed for 'ps7_cortexa9_0'.
11:05:24 INFO  : Context for processor 'ps7_cortexa9_0' is selected.
11:05:24 INFO  : The application 'C:/Projects/Misc/Dual_DAC/Dual_DAC.sdk/Dual_DAC/Debug/Dual_DAC.elf' is downloaded to processor 'ps7_cortexa9_0'.
11:05:24 INFO  : ----------------XSDB Script----------------
connect -url tcp:127.0.0.1:3121
source C:/Projects/Misc/Dual_DAC/Dual_DAC.sdk/design_1_wrapper_hw_platform_0/ps7_init.tcl
targets -set -nocase -filter {name =~"APU*" && jtag_cable_name =~ "Digilent Zed 210248A276A5"} -index 0
loadhw C:/Projects/Misc/Dual_DAC/Dual_DAC.sdk/design_1_wrapper_hw_platform_0/system.hdf
targets -set -nocase -filter {name =~"APU*" && jtag_cable_name =~ "Digilent Zed 210248A276A5"} -index 0
stop
ps7_init
ps7_post_config
targets -set -nocase -filter {name =~ "ARM*#0" && jtag_cable_name =~ "Digilent Zed 210248A276A5"} -index 0
rst -processor
targets -set -nocase -filter {name =~ "ARM*#0" && jtag_cable_name =~ "Digilent Zed 210248A276A5"} -index 0
dow C:/Projects/Misc/Dual_DAC/Dual_DAC.sdk/Dual_DAC/Debug/Dual_DAC.elf
----------------End of Script----------------

11:05:24 INFO  : Memory regions updated for context APU
11:05:24 INFO  : Context for processor 'ps7_cortexa9_0' is selected.
11:05:24 INFO  : 'con' command is executed.
11:05:24 INFO  : ----------------XSDB Script (After Launch)----------------
targets -set -nocase -filter {name =~ "ARM*#0" && jtag_cable_name =~ "Digilent Zed 210248A276A5"} -index 0
con
----------------End of Script----------------

11:05:24 INFO  : Launch script is exported to file 'C:\Projects\Misc\Dual_DAC\Dual_DAC.sdk\.sdk\launch_scripts\xilinx_c-c++_application_(system_debugger)\system_debugger_using_debug_dual_dac.elf_on_local.tcl'
11:06:15 INFO  : Disconnected from the channel tcfchan#7.
11:06:16 INFO  : 'targets -set -filter {jtag_cable_name =~ "Digilent Zed 210248A276A5" && level==0} -index 1' command is executed.
11:06:16 INFO  : 'fpga -state' command is executed.
11:06:16 INFO  : Connected to target on host '127.0.0.1' and port '3121'.
11:06:16 INFO  : Jtag cable 'Digilent Zed 210248A276A5' is selected.
11:06:16 INFO  : 'jtag frequency' command is executed.
11:06:16 INFO  : Sourcing of 'C:/Projects/Misc/Dual_DAC/Dual_DAC.sdk/design_1_wrapper_hw_platform_0/ps7_init.tcl' is done.
11:06:16 INFO  : Context for 'APU' is selected.
11:06:16 INFO  : Hardware design information is loaded from 'C:/Projects/Misc/Dual_DAC/Dual_DAC.sdk/design_1_wrapper_hw_platform_0/system.hdf'.
11:06:17 INFO  : Context for 'APU' is selected.
11:06:17 INFO  : 'stop' command is executed.
11:06:17 INFO  : 'ps7_init' command is executed.
11:06:17 INFO  : 'ps7_post_config' command is executed.
11:06:17 INFO  : Context for processor 'ps7_cortexa9_0' is selected.
11:06:17 INFO  : Processor reset is completed for 'ps7_cortexa9_0'.
11:06:17 INFO  : Context for processor 'ps7_cortexa9_0' is selected.
11:06:18 INFO  : The application 'C:/Projects/Misc/Dual_DAC/Dual_DAC.sdk/Dual_DAC/Debug/Dual_DAC.elf' is downloaded to processor 'ps7_cortexa9_0'.
11:06:18 INFO  : ----------------XSDB Script----------------
connect -url tcp:127.0.0.1:3121
source C:/Projects/Misc/Dual_DAC/Dual_DAC.sdk/design_1_wrapper_hw_platform_0/ps7_init.tcl
targets -set -nocase -filter {name =~"APU*" && jtag_cable_name =~ "Digilent Zed 210248A276A5"} -index 0
loadhw C:/Projects/Misc/Dual_DAC/Dual_DAC.sdk/design_1_wrapper_hw_platform_0/system.hdf
targets -set -nocase -filter {name =~"APU*" && jtag_cable_name =~ "Digilent Zed 210248A276A5"} -index 0
stop
ps7_init
ps7_post_config
targets -set -nocase -filter {name =~ "ARM*#0" && jtag_cable_name =~ "Digilent Zed 210248A276A5"} -index 0
rst -processor
targets -set -nocase -filter {name =~ "ARM*#0" && jtag_cable_name =~ "Digilent Zed 210248A276A5"} -index 0
dow C:/Projects/Misc/Dual_DAC/Dual_DAC.sdk/Dual_DAC/Debug/Dual_DAC.elf
----------------End of Script----------------

11:06:18 INFO  : Memory regions updated for context APU
11:06:18 INFO  : Context for processor 'ps7_cortexa9_0' is selected.
11:06:18 INFO  : 'con' command is executed.
11:06:18 INFO  : ----------------XSDB Script (After Launch)----------------
targets -set -nocase -filter {name =~ "ARM*#0" && jtag_cable_name =~ "Digilent Zed 210248A276A5"} -index 0
con
----------------End of Script----------------

11:06:18 INFO  : Launch script is exported to file 'C:\Projects\Misc\Dual_DAC\Dual_DAC.sdk\.sdk\launch_scripts\xilinx_c-c++_application_(system_debugger)\system_debugger_using_debug_dual_dac.elf_on_local.tcl'
11:07:00 INFO  : Disconnected from the channel tcfchan#8.
11:07:01 ERROR : Unexpected error while parsing XMD response ?: com.google.gson.JsonSyntaxException: com.google.gson.stream.MalformedJsonException: invalid number or unquoted string near 
