
*** Running vivado
    with args -log design_1_Arty_RGB_RTL_0_0.vds -m64 -product Vivado -mode batch -messageDb vivado.pb -notrace -source design_1_Arty_RGB_RTL_0_0.tcl


****** Vivado v2017.4 (64-bit)
  **** SW Build 2086221 on Fri Dec 15 20:55:39 MST 2017
  **** IP Build 2085800 on Fri Dec 15 22:25:07 MST 2017
    ** Copyright 1986-2017 Xilinx, Inc. All Rights Reserved.

source design_1_Arty_RGB_RTL_0_0.tcl -notrace
Command: synth_design -top design_1_Arty_RGB_RTL_0_0 -part xc7s50csga324-1 -mode out_of_context
Starting synth_design
Attempting to get a license for feature 'Synthesis' and/or device 'xc7s50'
INFO: [Common 17-349] Got license for feature 'Synthesis' and/or device 'xc7s50'
INFO: Launching helper process for spawning children vivado processes
INFO: Helper process launched with PID 3712 
---------------------------------------------------------------------------------
Starting RTL Elaboration : Time (s): cpu = 00:00:05 ; elapsed = 00:00:05 . Memory (MB): peak = 353.758 ; gain = 97.969
---------------------------------------------------------------------------------
INFO: [Synth 8-638] synthesizing module 'design_1_Arty_RGB_RTL_0_0' [c:/Projects/2017/Arty_RGB_RTL/Arty_RGB_RTL.srcs/sources_1/bd/design_1/ip/design_1_Arty_RGB_RTL_0_0/synth/design_1_Arty_RGB_RTL_0_0.vhd:75]
	Parameter Note bound to: CLK_freq>=PWM_freq*LED_reso - type: string 
	Parameter clk_freq_MHz bound to: 100 - type: integer 
	Parameter pwm_freq_hz bound to: 1000 - type: integer 
	Parameter led_bit_reso bound to: 8 - type: integer 
INFO: [Synth 8-3491] module 'RGB_controller' declared at 'c:/Projects/2017/Arty_RGB_RTL/Arty_RGB_RTL.srcs/sources_1/bd/design_1/ipshared/c65d/src/RGB_controller.vhd:26' bound to instance 'U0' of component 'RGB_controller' [c:/Projects/2017/Arty_RGB_RTL/Arty_RGB_RTL.srcs/sources_1/bd/design_1/ip/design_1_Arty_RGB_RTL_0_0/synth/design_1_Arty_RGB_RTL_0_0.vhd:113]
INFO: [Synth 8-638] synthesizing module 'RGB_controller' [c:/Projects/2017/Arty_RGB_RTL/Arty_RGB_RTL.srcs/sources_1/bd/design_1/ipshared/c65d/src/RGB_controller.vhd:51]
	Parameter Note bound to: CLK_freq>=PWM_freq*LED_reso - type: string 
	Parameter clk_freq_MHz bound to: 100 - type: integer 
	Parameter pwm_freq_hz bound to: 1000 - type: integer 
	Parameter led_bit_reso bound to: 8 - type: integer 
INFO: [Synth 8-256] done synthesizing module 'RGB_controller' (1#1) [c:/Projects/2017/Arty_RGB_RTL/Arty_RGB_RTL.srcs/sources_1/bd/design_1/ipshared/c65d/src/RGB_controller.vhd:51]
INFO: [Synth 8-256] done synthesizing module 'design_1_Arty_RGB_RTL_0_0' (2#1) [c:/Projects/2017/Arty_RGB_RTL/Arty_RGB_RTL.srcs/sources_1/bd/design_1/ip/design_1_Arty_RGB_RTL_0_0/synth/design_1_Arty_RGB_RTL_0_0.vhd:75]
---------------------------------------------------------------------------------
Finished RTL Elaboration : Time (s): cpu = 00:00:06 ; elapsed = 00:00:06 . Memory (MB): peak = 405.918 ; gain = 150.129
---------------------------------------------------------------------------------

Report Check Netlist: 
+------+------------------+-------+---------+-------+------------------+
|      |Item              |Errors |Warnings |Status |Description       |
+------+------------------+-------+---------+-------+------------------+
|1     |multi_driven_nets |      0|        0|Passed |Multi driven nets |
+------+------------------+-------+---------+-------+------------------+
---------------------------------------------------------------------------------
Finished RTL Optimization Phase 1 : Time (s): cpu = 00:00:06 ; elapsed = 00:00:06 . Memory (MB): peak = 405.918 ; gain = 150.129
---------------------------------------------------------------------------------
INFO: [Device 21-403] Loading part xc7s50csga324-1
INFO: [Project 1-570] Preparing netlist for logic optimization

Processing XDC Constraints
Initializing timing engine
Completed Processing XDC Constraints

INFO: [Project 1-111] Unisim Transformation Summary:
No Unisim elements were transformed.

Constraint Validation Runtime : Time (s): cpu = 00:00:00 ; elapsed = 00:00:00.007 . Memory (MB): peak = 707.668 ; gain = 0.000
---------------------------------------------------------------------------------
Finished Constraint Validation : Time (s): cpu = 00:00:17 ; elapsed = 00:00:18 . Memory (MB): peak = 707.668 ; gain = 451.879
---------------------------------------------------------------------------------
---------------------------------------------------------------------------------
Start Loading Part and Timing Information
---------------------------------------------------------------------------------
Loading part: xc7s50csga324-1
---------------------------------------------------------------------------------
Finished Loading Part and Timing Information : Time (s): cpu = 00:00:17 ; elapsed = 00:00:18 . Memory (MB): peak = 707.668 ; gain = 451.879
---------------------------------------------------------------------------------
---------------------------------------------------------------------------------
Start Applying 'set_property' XDC Constraints
---------------------------------------------------------------------------------
---------------------------------------------------------------------------------
Finished applying 'set_property' XDC Constraints : Time (s): cpu = 00:00:17 ; elapsed = 00:00:18 . Memory (MB): peak = 707.668 ; gain = 451.879
---------------------------------------------------------------------------------
INFO: [Synth 8-5546] ROM "freq_counter" won't be mapped to RAM because it is too sparse
INFO: [Synth 8-5546] ROM "pwm_counter" won't be mapped to RAM because it is too sparse
WARNING: [Synth 8-6014] Unused sequential element freq_counter_reg was removed.  [c:/Projects/2017/Arty_RGB_RTL/Arty_RGB_RTL.srcs/sources_1/bd/design_1/ipshared/c65d/src/RGB_controller.vhd:80]
WARNING: [Synth 8-6014] Unused sequential element pwm_counter_reg was removed.  [c:/Projects/2017/Arty_RGB_RTL/Arty_RGB_RTL.srcs/sources_1/bd/design_1/ipshared/c65d/src/RGB_controller.vhd:81]
---------------------------------------------------------------------------------
Finished RTL Optimization Phase 2 : Time (s): cpu = 00:00:17 ; elapsed = 00:00:18 . Memory (MB): peak = 707.668 ; gain = 451.879
---------------------------------------------------------------------------------

Report RTL Partitions: 
+-+--------------+------------+----------+
| |RTL Partition |Replication |Instances |
+-+--------------+------------+----------+
+-+--------------+------------+----------+
---------------------------------------------------------------------------------
Start RTL Component Statistics 
---------------------------------------------------------------------------------
Detailed RTL Component Info : 
+---Adders : 
	   2 Input     10 Bit       Adders := 1     
	   2 Input      8 Bit       Adders := 1     
+---Registers : 
	               10 Bit    Registers := 1     
	                8 Bit    Registers := 1     
	                1 Bit    Registers := 7     
+---Muxes : 
	   2 Input     10 Bit        Muxes := 1     
	   2 Input      8 Bit        Muxes := 1     
	   2 Input      1 Bit        Muxes := 4     
	   3 Input      1 Bit        Muxes := 1     
---------------------------------------------------------------------------------
Finished RTL Component Statistics 
---------------------------------------------------------------------------------
---------------------------------------------------------------------------------
Start RTL Hierarchical Component Statistics 
---------------------------------------------------------------------------------
Hierarchical RTL Component report 
Module RGB_controller 
Detailed RTL Component Info : 
+---Adders : 
	   2 Input     10 Bit       Adders := 1     
	   2 Input      8 Bit       Adders := 1     
+---Registers : 
	               10 Bit    Registers := 1     
	                8 Bit    Registers := 1     
	                1 Bit    Registers := 7     
+---Muxes : 
	   2 Input     10 Bit        Muxes := 1     
	   2 Input      8 Bit        Muxes := 1     
	   2 Input      1 Bit        Muxes := 4     
	   3 Input      1 Bit        Muxes := 1     
---------------------------------------------------------------------------------
Finished RTL Hierarchical Component Statistics
---------------------------------------------------------------------------------
---------------------------------------------------------------------------------
Start Part Resource Summary
---------------------------------------------------------------------------------
Part Resources:
DSPs: 120 (col length:60)
BRAMs: 150 (col length: RAMB18 60 RAMB36 30)
---------------------------------------------------------------------------------
Finished Part Resource Summary
---------------------------------------------------------------------------------
---------------------------------------------------------------------------------
Start Cross Boundary and Area Optimization
---------------------------------------------------------------------------------
INFO: [Synth 8-5546] ROM "U0/pwm_counter" won't be mapped to RAM because it is too sparse
WARNING: [Synth 8-6014] Unused sequential element U0/freq_counter_reg was removed.  [c:/Projects/2017/Arty_RGB_RTL/Arty_RGB_RTL.srcs/sources_1/bd/design_1/ipshared/c65d/src/RGB_controller.vhd:80]
WARNING: [Synth 8-6014] Unused sequential element U0/pwm_counter_reg was removed.  [c:/Projects/2017/Arty_RGB_RTL/Arty_RGB_RTL.srcs/sources_1/bd/design_1/ipshared/c65d/src/RGB_controller.vhd:81]
INFO: [Synth 8-3333] propagating constant 0 across sequential element (U0i_0/\U0/freq_counter_reg[9] )
INFO: [Synth 8-3332] Sequential element (U0/freq_counter_reg[9]) is unused and will be removed from module design_1_Arty_RGB_RTL_0_0.
---------------------------------------------------------------------------------
Finished Cross Boundary and Area Optimization : Time (s): cpu = 00:00:18 ; elapsed = 00:00:19 . Memory (MB): peak = 707.668 ; gain = 451.879
---------------------------------------------------------------------------------

Report RTL Partitions: 
+-+--------------+------------+----------+
| |RTL Partition |Replication |Instances |
+-+--------------+------------+----------+
+-+--------------+------------+----------+
---------------------------------------------------------------------------------
Start Applying XDC Timing Constraints
---------------------------------------------------------------------------------
---------------------------------------------------------------------------------
Finished Applying XDC Timing Constraints : Time (s): cpu = 00:00:27 ; elapsed = 00:00:28 . Memory (MB): peak = 717.113 ; gain = 461.324
---------------------------------------------------------------------------------
---------------------------------------------------------------------------------
Start Timing Optimization
---------------------------------------------------------------------------------
---------------------------------------------------------------------------------
Finished Timing Optimization : Time (s): cpu = 00:00:27 ; elapsed = 00:00:28 . Memory (MB): peak = 717.262 ; gain = 461.473
---------------------------------------------------------------------------------

Report RTL Partitions: 
+-+--------------+------------+----------+
| |RTL Partition |Replication |Instances |
+-+--------------+------------+----------+
+-+--------------+------------+----------+
---------------------------------------------------------------------------------
Start Technology Mapping
---------------------------------------------------------------------------------
---------------------------------------------------------------------------------
Finished Technology Mapping : Time (s): cpu = 00:00:27 ; elapsed = 00:00:28 . Memory (MB): peak = 737.336 ; gain = 481.547
---------------------------------------------------------------------------------

Report RTL Partitions: 
+-+--------------+------------+----------+
| |RTL Partition |Replication |Instances |
+-+--------------+------------+----------+
+-+--------------+------------+----------+
---------------------------------------------------------------------------------
Start IO Insertion
---------------------------------------------------------------------------------
---------------------------------------------------------------------------------
Start Flattening Before IO Insertion
---------------------------------------------------------------------------------
---------------------------------------------------------------------------------
Finished Flattening Before IO Insertion
---------------------------------------------------------------------------------
---------------------------------------------------------------------------------
Start Final Netlist Cleanup
---------------------------------------------------------------------------------
---------------------------------------------------------------------------------
Finished Final Netlist Cleanup
---------------------------------------------------------------------------------
---------------------------------------------------------------------------------
Finished IO Insertion : Time (s): cpu = 00:00:28 ; elapsed = 00:00:29 . Memory (MB): peak = 737.336 ; gain = 481.547
---------------------------------------------------------------------------------

Report Check Netlist: 
+------+------------------+-------+---------+-------+------------------+
|      |Item              |Errors |Warnings |Status |Description       |
+------+------------------+-------+---------+-------+------------------+
|1     |multi_driven_nets |      0|        0|Passed |Multi driven nets |
+------+------------------+-------+---------+-------+------------------+
---------------------------------------------------------------------------------
Start Renaming Generated Instances
---------------------------------------------------------------------------------
---------------------------------------------------------------------------------
Finished Renaming Generated Instances : Time (s): cpu = 00:00:28 ; elapsed = 00:00:29 . Memory (MB): peak = 737.336 ; gain = 481.547
---------------------------------------------------------------------------------

Report RTL Partitions: 
+-+--------------+------------+----------+
| |RTL Partition |Replication |Instances |
+-+--------------+------------+----------+
+-+--------------+------------+----------+
---------------------------------------------------------------------------------
Start Rebuilding User Hierarchy
---------------------------------------------------------------------------------
---------------------------------------------------------------------------------
Finished Rebuilding User Hierarchy : Time (s): cpu = 00:00:28 ; elapsed = 00:00:29 . Memory (MB): peak = 737.336 ; gain = 481.547
---------------------------------------------------------------------------------
---------------------------------------------------------------------------------
Start Renaming Generated Ports
---------------------------------------------------------------------------------
---------------------------------------------------------------------------------
Finished Renaming Generated Ports : Time (s): cpu = 00:00:28 ; elapsed = 00:00:29 . Memory (MB): peak = 737.336 ; gain = 481.547
---------------------------------------------------------------------------------
---------------------------------------------------------------------------------
Start Handling Custom Attributes
---------------------------------------------------------------------------------
---------------------------------------------------------------------------------
Finished Handling Custom Attributes : Time (s): cpu = 00:00:28 ; elapsed = 00:00:29 . Memory (MB): peak = 737.336 ; gain = 481.547
---------------------------------------------------------------------------------
---------------------------------------------------------------------------------
Start Renaming Generated Nets
---------------------------------------------------------------------------------
---------------------------------------------------------------------------------
Finished Renaming Generated Nets : Time (s): cpu = 00:00:28 ; elapsed = 00:00:29 . Memory (MB): peak = 737.336 ; gain = 481.547
---------------------------------------------------------------------------------
---------------------------------------------------------------------------------
Start Writing Synthesis Report
---------------------------------------------------------------------------------

Report BlackBoxes: 
+-+--------------+----------+
| |BlackBox name |Instances |
+-+--------------+----------+
+-+--------------+----------+

Report Cell Usage: 
+------+-------+------+
|      |Cell   |Count |
+------+-------+------+
|1     |CARRY4 |     6|
|2     |LUT1   |     3|
|3     |LUT2   |     4|
|4     |LUT3   |     4|
|5     |LUT4   |    59|
|6     |LUT5   |     4|
|7     |LUT6   |    14|
|8     |FDRE   |    24|
+------+-------+------+

Report Instance Areas: 
+------+---------+---------------+------+
|      |Instance |Module         |Cells |
+------+---------+---------------+------+
|1     |top      |               |   118|
|2     |  U0     |RGB_controller |   118|
+------+---------+---------------+------+
---------------------------------------------------------------------------------
Finished Writing Synthesis Report : Time (s): cpu = 00:00:28 ; elapsed = 00:00:29 . Memory (MB): peak = 737.336 ; gain = 481.547
---------------------------------------------------------------------------------
Synthesis finished with 0 errors, 0 critical warnings and 4 warnings.
Synthesis Optimization Runtime : Time (s): cpu = 00:00:17 ; elapsed = 00:00:24 . Memory (MB): peak = 737.336 ; gain = 179.797
Synthesis Optimization Complete : Time (s): cpu = 00:00:28 ; elapsed = 00:00:29 . Memory (MB): peak = 737.336 ; gain = 481.547
INFO: [Project 1-571] Translating synthesized netlist
INFO: [Netlist 29-17] Analyzing 6 Unisim elements for replacement
INFO: [Netlist 29-28] Unisim Transformation completed in 0 CPU seconds
INFO: [Project 1-570] Preparing netlist for logic optimization
INFO: [Opt 31-138] Pushed 0 inverter(s) to 0 load pin(s).
INFO: [Project 1-111] Unisim Transformation Summary:
No Unisim elements were transformed.

INFO: [Common 17-83] Releasing license: Synthesis
21 Infos, 4 Warnings, 0 Critical Warnings and 0 Errors encountered.
synth_design completed successfully
synth_design: Time (s): cpu = 00:00:30 ; elapsed = 00:00:31 . Memory (MB): peak = 737.336 ; gain = 481.547
INFO: [Common 17-1381] The checkpoint 'C:/Projects/2017/Arty_RGB_RTL/Arty_RGB_RTL.runs/design_1_Arty_RGB_RTL_0_0_synth_1/design_1_Arty_RGB_RTL_0_0.dcp' has been generated.
