
*** Running vivado
    with args -log design_2_auto_us_1.vds -m64 -product Vivado -mode batch -messageDb vivado.pb -notrace -source design_2_auto_us_1.tcl


****** Vivado v2017.4 (64-bit)
  **** SW Build 2086221 on Fri Dec 15 20:55:39 MST 2017
  **** IP Build 2085800 on Fri Dec 15 22:25:07 MST 2017
    ** Copyright 1986-2017 Xilinx, Inc. All Rights Reserved.

source design_2_auto_us_1.tcl -notrace
Command: synth_design -top design_2_auto_us_1 -part xc7s50csga324-1 -mode out_of_context
Starting synth_design
Attempting to get a license for feature 'Synthesis' and/or device 'xc7s50'
INFO: [Common 17-349] Got license for feature 'Synthesis' and/or device 'xc7s50'
INFO: Launching helper process for spawning children vivado processes
INFO: Helper process launched with PID 11448 
---------------------------------------------------------------------------------
Starting RTL Elaboration : Time (s): cpu = 00:00:09 ; elapsed = 00:00:10 . Memory (MB): peak = 373.414 ; gain = 112.371
---------------------------------------------------------------------------------
INFO: [Synth 8-638] synthesizing module 'design_2_auto_us_1' [c:/Projects/2017/S7_system/S7_system.srcs/sources_1/bd/design_2/ip/design_2_auto_us_1/synth/design_2_auto_us_1.v:58]
INFO: [Synth 8-638] synthesizing module 'axi_dwidth_converter_v2_1_15_top' [c:/Projects/2017/S7_system/S7_system.srcs/sources_1/bd/design_2/ipshared/1cdc/hdl/axi_dwidth_converter_v2_1_vlsyn_rfs.v:14462]
	Parameter C_FAMILY bound to: spartan7 - type: string 
	Parameter C_AXI_PROTOCOL bound to: 2 - type: integer 
	Parameter C_S_AXI_ID_WIDTH bound to: 1 - type: integer 
	Parameter C_SUPPORTS_ID bound to: 0 - type: integer 
	Parameter C_AXI_ADDR_WIDTH bound to: 32 - type: integer 
	Parameter C_S_AXI_DATA_WIDTH bound to: 32 - type: integer 
	Parameter C_M_AXI_DATA_WIDTH bound to: 64 - type: integer 
	Parameter C_AXI_SUPPORTS_WRITE bound to: 1 - type: integer 
	Parameter C_AXI_SUPPORTS_READ bound to: 1 - type: integer 
	Parameter C_FIFO_MODE bound to: 0 - type: integer 
	Parameter C_S_AXI_ACLK_RATIO bound to: 1 - type: integer 
	Parameter C_M_AXI_ACLK_RATIO bound to: 2 - type: integer 
	Parameter C_AXI_IS_ACLK_ASYNC bound to: 0 - type: integer 
	Parameter C_MAX_SPLIT_BEATS bound to: 16 - type: integer 
	Parameter C_PACKING_LEVEL bound to: 1 - type: integer 
	Parameter C_SYNCHRONIZER_STAGE bound to: 3 - type: integer 
	Parameter C_S_AXI_BYTES_LOG bound to: 2 - type: integer 
	Parameter C_M_AXI_BYTES_LOG bound to: 3 - type: integer 
	Parameter C_RATIO bound to: 0 - type: integer 
	Parameter C_RATIO_LOG bound to: 0 - type: integer 
	Parameter P_AXI4 bound to: 0 - type: integer 
	Parameter P_AXI3 bound to: 1 - type: integer 
	Parameter P_AXILITE bound to: 2 - type: integer 
	Parameter P_CONVERSION bound to: 2 - type: integer 
	Parameter P_MAX_SPLIT_BEATS bound to: 16 - type: integer 
INFO: [Synth 8-5534] Detected attribute (* KEEP = "TRUE" *) [c:/Projects/2017/S7_system/S7_system.srcs/sources_1/bd/design_2/ipshared/1cdc/hdl/axi_dwidth_converter_v2_1_vlsyn_rfs.v:14513]
INFO: [Synth 8-5534] Detected attribute (* KEEP = "TRUE" *) [c:/Projects/2017/S7_system/S7_system.srcs/sources_1/bd/design_2/ipshared/1cdc/hdl/axi_dwidth_converter_v2_1_vlsyn_rfs.v:14514]
INFO: [Synth 8-5534] Detected attribute (* KEEP = "TRUE" *) [c:/Projects/2017/S7_system/S7_system.srcs/sources_1/bd/design_2/ipshared/1cdc/hdl/axi_dwidth_converter_v2_1_vlsyn_rfs.v:14562]
INFO: [Synth 8-5534] Detected attribute (* KEEP = "TRUE" *) [c:/Projects/2017/S7_system/S7_system.srcs/sources_1/bd/design_2/ipshared/1cdc/hdl/axi_dwidth_converter_v2_1_vlsyn_rfs.v:14563]
INFO: [Synth 8-638] synthesizing module 'axi_dwidth_converter_v2_1_15_axi4lite_upsizer' [c:/Projects/2017/S7_system/S7_system.srcs/sources_1/bd/design_2/ipshared/1cdc/hdl/axi_dwidth_converter_v2_1_vlsyn_rfs.v:3334]
	Parameter C_FAMILY bound to: spartan7 - type: string 
	Parameter C_AXI_ADDR_WIDTH bound to: 32 - type: integer 
	Parameter C_AXI_SUPPORTS_WRITE bound to: 1 - type: integer 
	Parameter C_AXI_SUPPORTS_READ bound to: 1 - type: integer 
INFO: [Synth 8-256] done synthesizing module 'axi_dwidth_converter_v2_1_15_axi4lite_upsizer' (1#1) [c:/Projects/2017/S7_system/S7_system.srcs/sources_1/bd/design_2/ipshared/1cdc/hdl/axi_dwidth_converter_v2_1_vlsyn_rfs.v:3334]
INFO: [Synth 8-256] done synthesizing module 'axi_dwidth_converter_v2_1_15_top' (2#1) [c:/Projects/2017/S7_system/S7_system.srcs/sources_1/bd/design_2/ipshared/1cdc/hdl/axi_dwidth_converter_v2_1_vlsyn_rfs.v:14462]
INFO: [Synth 8-256] done synthesizing module 'design_2_auto_us_1' (3#1) [c:/Projects/2017/S7_system/S7_system.srcs/sources_1/bd/design_2/ip/design_2_auto_us_1/synth/design_2_auto_us_1.v:58]
WARNING: [Synth 8-3331] design axi_dwidth_converter_v2_1_15_top has unconnected port s_axi_awid[0]
WARNING: [Synth 8-3331] design axi_dwidth_converter_v2_1_15_top has unconnected port s_axi_awlen[7]
WARNING: [Synth 8-3331] design axi_dwidth_converter_v2_1_15_top has unconnected port s_axi_awlen[6]
WARNING: [Synth 8-3331] design axi_dwidth_converter_v2_1_15_top has unconnected port s_axi_awlen[5]
WARNING: [Synth 8-3331] design axi_dwidth_converter_v2_1_15_top has unconnected port s_axi_awlen[4]
WARNING: [Synth 8-3331] design axi_dwidth_converter_v2_1_15_top has unconnected port s_axi_awlen[3]
WARNING: [Synth 8-3331] design axi_dwidth_converter_v2_1_15_top has unconnected port s_axi_awlen[2]
WARNING: [Synth 8-3331] design axi_dwidth_converter_v2_1_15_top has unconnected port s_axi_awlen[1]
WARNING: [Synth 8-3331] design axi_dwidth_converter_v2_1_15_top has unconnected port s_axi_awlen[0]
WARNING: [Synth 8-3331] design axi_dwidth_converter_v2_1_15_top has unconnected port s_axi_awsize[2]
WARNING: [Synth 8-3331] design axi_dwidth_converter_v2_1_15_top has unconnected port s_axi_awsize[1]
WARNING: [Synth 8-3331] design axi_dwidth_converter_v2_1_15_top has unconnected port s_axi_awsize[0]
WARNING: [Synth 8-3331] design axi_dwidth_converter_v2_1_15_top has unconnected port s_axi_awburst[1]
WARNING: [Synth 8-3331] design axi_dwidth_converter_v2_1_15_top has unconnected port s_axi_awburst[0]
WARNING: [Synth 8-3331] design axi_dwidth_converter_v2_1_15_top has unconnected port s_axi_awlock[0]
WARNING: [Synth 8-3331] design axi_dwidth_converter_v2_1_15_top has unconnected port s_axi_awcache[3]
WARNING: [Synth 8-3331] design axi_dwidth_converter_v2_1_15_top has unconnected port s_axi_awcache[2]
WARNING: [Synth 8-3331] design axi_dwidth_converter_v2_1_15_top has unconnected port s_axi_awcache[1]
WARNING: [Synth 8-3331] design axi_dwidth_converter_v2_1_15_top has unconnected port s_axi_awcache[0]
WARNING: [Synth 8-3331] design axi_dwidth_converter_v2_1_15_top has unconnected port s_axi_awregion[3]
WARNING: [Synth 8-3331] design axi_dwidth_converter_v2_1_15_top has unconnected port s_axi_awregion[2]
WARNING: [Synth 8-3331] design axi_dwidth_converter_v2_1_15_top has unconnected port s_axi_awregion[1]
WARNING: [Synth 8-3331] design axi_dwidth_converter_v2_1_15_top has unconnected port s_axi_awregion[0]
WARNING: [Synth 8-3331] design axi_dwidth_converter_v2_1_15_top has unconnected port s_axi_awqos[3]
WARNING: [Synth 8-3331] design axi_dwidth_converter_v2_1_15_top has unconnected port s_axi_awqos[2]
WARNING: [Synth 8-3331] design axi_dwidth_converter_v2_1_15_top has unconnected port s_axi_awqos[1]
WARNING: [Synth 8-3331] design axi_dwidth_converter_v2_1_15_top has unconnected port s_axi_awqos[0]
WARNING: [Synth 8-3331] design axi_dwidth_converter_v2_1_15_top has unconnected port s_axi_wlast
WARNING: [Synth 8-3331] design axi_dwidth_converter_v2_1_15_top has unconnected port s_axi_arid[0]
WARNING: [Synth 8-3331] design axi_dwidth_converter_v2_1_15_top has unconnected port s_axi_arlen[7]
WARNING: [Synth 8-3331] design axi_dwidth_converter_v2_1_15_top has unconnected port s_axi_arlen[6]
WARNING: [Synth 8-3331] design axi_dwidth_converter_v2_1_15_top has unconnected port s_axi_arlen[5]
WARNING: [Synth 8-3331] design axi_dwidth_converter_v2_1_15_top has unconnected port s_axi_arlen[4]
WARNING: [Synth 8-3331] design axi_dwidth_converter_v2_1_15_top has unconnected port s_axi_arlen[3]
WARNING: [Synth 8-3331] design axi_dwidth_converter_v2_1_15_top has unconnected port s_axi_arlen[2]
WARNING: [Synth 8-3331] design axi_dwidth_converter_v2_1_15_top has unconnected port s_axi_arlen[1]
WARNING: [Synth 8-3331] design axi_dwidth_converter_v2_1_15_top has unconnected port s_axi_arlen[0]
WARNING: [Synth 8-3331] design axi_dwidth_converter_v2_1_15_top has unconnected port s_axi_arsize[2]
WARNING: [Synth 8-3331] design axi_dwidth_converter_v2_1_15_top has unconnected port s_axi_arsize[1]
WARNING: [Synth 8-3331] design axi_dwidth_converter_v2_1_15_top has unconnected port s_axi_arsize[0]
WARNING: [Synth 8-3331] design axi_dwidth_converter_v2_1_15_top has unconnected port s_axi_arburst[1]
WARNING: [Synth 8-3331] design axi_dwidth_converter_v2_1_15_top has unconnected port s_axi_arburst[0]
WARNING: [Synth 8-3331] design axi_dwidth_converter_v2_1_15_top has unconnected port s_axi_arlock[0]
WARNING: [Synth 8-3331] design axi_dwidth_converter_v2_1_15_top has unconnected port s_axi_arcache[3]
WARNING: [Synth 8-3331] design axi_dwidth_converter_v2_1_15_top has unconnected port s_axi_arcache[2]
WARNING: [Synth 8-3331] design axi_dwidth_converter_v2_1_15_top has unconnected port s_axi_arcache[1]
WARNING: [Synth 8-3331] design axi_dwidth_converter_v2_1_15_top has unconnected port s_axi_arcache[0]
WARNING: [Synth 8-3331] design axi_dwidth_converter_v2_1_15_top has unconnected port s_axi_arregion[3]
WARNING: [Synth 8-3331] design axi_dwidth_converter_v2_1_15_top has unconnected port s_axi_arregion[2]
WARNING: [Synth 8-3331] design axi_dwidth_converter_v2_1_15_top has unconnected port s_axi_arregion[1]
WARNING: [Synth 8-3331] design axi_dwidth_converter_v2_1_15_top has unconnected port s_axi_arregion[0]
WARNING: [Synth 8-3331] design axi_dwidth_converter_v2_1_15_top has unconnected port s_axi_arqos[3]
WARNING: [Synth 8-3331] design axi_dwidth_converter_v2_1_15_top has unconnected port s_axi_arqos[2]
WARNING: [Synth 8-3331] design axi_dwidth_converter_v2_1_15_top has unconnected port s_axi_arqos[1]
WARNING: [Synth 8-3331] design axi_dwidth_converter_v2_1_15_top has unconnected port s_axi_arqos[0]
WARNING: [Synth 8-3331] design axi_dwidth_converter_v2_1_15_top has unconnected port m_axi_rlast
---------------------------------------------------------------------------------
Finished RTL Elaboration : Time (s): cpu = 00:01:38 ; elapsed = 00:01:39 . Memory (MB): peak = 521.684 ; gain = 260.641
---------------------------------------------------------------------------------

Report Check Netlist: 
+------+------------------+-------+---------+-------+------------------+
|      |Item              |Errors |Warnings |Status |Description       |
+------+------------------+-------+---------+-------+------------------+
|1     |multi_driven_nets |      0|        0|Passed |Multi driven nets |
+------+------------------+-------+---------+-------+------------------+
---------------------------------------------------------------------------------
Finished RTL Optimization Phase 1 : Time (s): cpu = 00:01:38 ; elapsed = 00:01:39 . Memory (MB): peak = 521.684 ; gain = 260.641
---------------------------------------------------------------------------------
INFO: [Device 21-403] Loading part xc7s50csga324-1
INFO: [Project 1-570] Preparing netlist for logic optimization

Processing XDC Constraints
Initializing timing engine
Parsing XDC File [c:/Projects/2017/S7_system/S7_system.srcs/sources_1/bd/design_2/ip/design_2_auto_us_1/design_2_auto_us_1_ooc.xdc] for cell 'inst'
Finished Parsing XDC File [c:/Projects/2017/S7_system/S7_system.srcs/sources_1/bd/design_2/ip/design_2_auto_us_1/design_2_auto_us_1_ooc.xdc] for cell 'inst'
Parsing XDC File [C:/Projects/2017/S7_system/S7_system.runs/design_2_auto_us_1_synth_1/dont_touch.xdc]
Finished Parsing XDC File [C:/Projects/2017/S7_system/S7_system.runs/design_2_auto_us_1_synth_1/dont_touch.xdc]
Completed Processing XDC Constraints

INFO: [Project 1-111] Unisim Transformation Summary:
No Unisim elements were transformed.

Constraint Validation Runtime : Time (s): cpu = 00:00:00 ; elapsed = 00:00:00.016 . Memory (MB): peak = 741.574 ; gain = 0.000
---------------------------------------------------------------------------------
Finished Constraint Validation : Time (s): cpu = 00:01:50 ; elapsed = 00:01:52 . Memory (MB): peak = 741.574 ; gain = 480.531
---------------------------------------------------------------------------------
---------------------------------------------------------------------------------
Start Loading Part and Timing Information
---------------------------------------------------------------------------------
Loading part: xc7s50csga324-1
---------------------------------------------------------------------------------
Finished Loading Part and Timing Information : Time (s): cpu = 00:01:50 ; elapsed = 00:01:52 . Memory (MB): peak = 741.574 ; gain = 480.531
---------------------------------------------------------------------------------
---------------------------------------------------------------------------------
Start Applying 'set_property' XDC Constraints
---------------------------------------------------------------------------------
Applied set_property DONT_TOUCH = true for inst. (constraint file  C:/Projects/2017/S7_system/S7_system.runs/design_2_auto_us_1_synth_1/dont_touch.xdc, line 9).
---------------------------------------------------------------------------------
Finished applying 'set_property' XDC Constraints : Time (s): cpu = 00:01:50 ; elapsed = 00:01:52 . Memory (MB): peak = 741.574 ; gain = 480.531
---------------------------------------------------------------------------------
---------------------------------------------------------------------------------
Finished RTL Optimization Phase 2 : Time (s): cpu = 00:01:50 ; elapsed = 00:01:52 . Memory (MB): peak = 741.574 ; gain = 480.531
---------------------------------------------------------------------------------

Report RTL Partitions: 
+-+--------------+------------+----------+
| |RTL Partition |Replication |Instances |
+-+--------------+------------+----------+
+-+--------------+------------+----------+
---------------------------------------------------------------------------------
Start RTL Component Statistics 
---------------------------------------------------------------------------------
Detailed RTL Component Info : 
+---Registers : 
	                1 Bit    Registers := 13    
+---Muxes : 
	   2 Input     32 Bit        Muxes := 1     
	   2 Input      8 Bit        Muxes := 1     
	   2 Input      1 Bit        Muxes := 10    
---------------------------------------------------------------------------------
Finished RTL Component Statistics 
---------------------------------------------------------------------------------
---------------------------------------------------------------------------------
Start RTL Hierarchical Component Statistics 
---------------------------------------------------------------------------------
Hierarchical RTL Component report 
Module axi_dwidth_converter_v2_1_15_axi4lite_upsizer 
Detailed RTL Component Info : 
+---Registers : 
	                1 Bit    Registers := 13    
+---Muxes : 
	   2 Input     32 Bit        Muxes := 1     
	   2 Input      8 Bit        Muxes := 1     
	   2 Input      1 Bit        Muxes := 10    
---------------------------------------------------------------------------------
Finished RTL Hierarchical Component Statistics
---------------------------------------------------------------------------------
---------------------------------------------------------------------------------
Start Part Resource Summary
---------------------------------------------------------------------------------
Part Resources:
DSPs: 120 (col length:60)
BRAMs: 150 (col length: RAMB18 60 RAMB36 30)
---------------------------------------------------------------------------------
Finished Part Resource Summary
---------------------------------------------------------------------------------
---------------------------------------------------------------------------------
Start Cross Boundary and Area Optimization
---------------------------------------------------------------------------------
WARNING: [Synth 8-3331] design axi_dwidth_converter_v2_1_15_top has unconnected port s_axi_awid[0]
WARNING: [Synth 8-3331] design axi_dwidth_converter_v2_1_15_top has unconnected port s_axi_awlen[7]
WARNING: [Synth 8-3331] design axi_dwidth_converter_v2_1_15_top has unconnected port s_axi_awlen[6]
WARNING: [Synth 8-3331] design axi_dwidth_converter_v2_1_15_top has unconnected port s_axi_awlen[5]
WARNING: [Synth 8-3331] design axi_dwidth_converter_v2_1_15_top has unconnected port s_axi_awlen[4]
WARNING: [Synth 8-3331] design axi_dwidth_converter_v2_1_15_top has unconnected port s_axi_awlen[3]
WARNING: [Synth 8-3331] design axi_dwidth_converter_v2_1_15_top has unconnected port s_axi_awlen[2]
WARNING: [Synth 8-3331] design axi_dwidth_converter_v2_1_15_top has unconnected port s_axi_awlen[1]
WARNING: [Synth 8-3331] design axi_dwidth_converter_v2_1_15_top has unconnected port s_axi_awlen[0]
WARNING: [Synth 8-3331] design axi_dwidth_converter_v2_1_15_top has unconnected port s_axi_awsize[2]
WARNING: [Synth 8-3331] design axi_dwidth_converter_v2_1_15_top has unconnected port s_axi_awsize[1]
WARNING: [Synth 8-3331] design axi_dwidth_converter_v2_1_15_top has unconnected port s_axi_awsize[0]
WARNING: [Synth 8-3331] design axi_dwidth_converter_v2_1_15_top has unconnected port s_axi_awburst[1]
WARNING: [Synth 8-3331] design axi_dwidth_converter_v2_1_15_top has unconnected port s_axi_awburst[0]
WARNING: [Synth 8-3331] design axi_dwidth_converter_v2_1_15_top has unconnected port s_axi_awlock[0]
WARNING: [Synth 8-3331] design axi_dwidth_converter_v2_1_15_top has unconnected port s_axi_awcache[3]
WARNING: [Synth 8-3331] design axi_dwidth_converter_v2_1_15_top has unconnected port s_axi_awcache[2]
WARNING: [Synth 8-3331] design axi_dwidth_converter_v2_1_15_top has unconnected port s_axi_awcache[1]
WARNING: [Synth 8-3331] design axi_dwidth_converter_v2_1_15_top has unconnected port s_axi_awcache[0]
WARNING: [Synth 8-3331] design axi_dwidth_converter_v2_1_15_top has unconnected port s_axi_awregion[3]
WARNING: [Synth 8-3331] design axi_dwidth_converter_v2_1_15_top has unconnected port s_axi_awregion[2]
WARNING: [Synth 8-3331] design axi_dwidth_converter_v2_1_15_top has unconnected port s_axi_awregion[1]
WARNING: [Synth 8-3331] design axi_dwidth_converter_v2_1_15_top has unconnected port s_axi_awregion[0]
WARNING: [Synth 8-3331] design axi_dwidth_converter_v2_1_15_top has unconnected port s_axi_awqos[3]
WARNING: [Synth 8-3331] design axi_dwidth_converter_v2_1_15_top has unconnected port s_axi_awqos[2]
WARNING: [Synth 8-3331] design axi_dwidth_converter_v2_1_15_top has unconnected port s_axi_awqos[1]
WARNING: [Synth 8-3331] design axi_dwidth_converter_v2_1_15_top has unconnected port s_axi_awqos[0]
WARNING: [Synth 8-3331] design axi_dwidth_converter_v2_1_15_top has unconnected port s_axi_wlast
WARNING: [Synth 8-3331] design axi_dwidth_converter_v2_1_15_top has unconnected port s_axi_arid[0]
WARNING: [Synth 8-3331] design axi_dwidth_converter_v2_1_15_top has unconnected port s_axi_arlen[7]
WARNING: [Synth 8-3331] design axi_dwidth_converter_v2_1_15_top has unconnected port s_axi_arlen[6]
WARNING: [Synth 8-3331] design axi_dwidth_converter_v2_1_15_top has unconnected port s_axi_arlen[5]
WARNING: [Synth 8-3331] design axi_dwidth_converter_v2_1_15_top has unconnected port s_axi_arlen[4]
WARNING: [Synth 8-3331] design axi_dwidth_converter_v2_1_15_top has unconnected port s_axi_arlen[3]
WARNING: [Synth 8-3331] design axi_dwidth_converter_v2_1_15_top has unconnected port s_axi_arlen[2]
WARNING: [Synth 8-3331] design axi_dwidth_converter_v2_1_15_top has unconnected port s_axi_arlen[1]
WARNING: [Synth 8-3331] design axi_dwidth_converter_v2_1_15_top has unconnected port s_axi_arlen[0]
WARNING: [Synth 8-3331] design axi_dwidth_converter_v2_1_15_top has unconnected port s_axi_arsize[2]
WARNING: [Synth 8-3331] design axi_dwidth_converter_v2_1_15_top has unconnected port s_axi_arsize[1]
WARNING: [Synth 8-3331] design axi_dwidth_converter_v2_1_15_top has unconnected port s_axi_arsize[0]
WARNING: [Synth 8-3331] design axi_dwidth_converter_v2_1_15_top has unconnected port s_axi_arburst[1]
WARNING: [Synth 8-3331] design axi_dwidth_converter_v2_1_15_top has unconnected port s_axi_arburst[0]
WARNING: [Synth 8-3331] design axi_dwidth_converter_v2_1_15_top has unconnected port s_axi_arlock[0]
WARNING: [Synth 8-3331] design axi_dwidth_converter_v2_1_15_top has unconnected port s_axi_arcache[3]
INFO: [Common 17-14] Message 'Synth 8-3331' appears 100 times and further instances of the messages will be disabled. Use the Tcl command set_msg_config to change the current settings.
---------------------------------------------------------------------------------
Finished Cross Boundary and Area Optimization : Time (s): cpu = 00:01:51 ; elapsed = 00:01:52 . Memory (MB): peak = 741.574 ; gain = 480.531
---------------------------------------------------------------------------------

Report RTL Partitions: 
+-+--------------+------------+----------+
| |RTL Partition |Replication |Instances |
+-+--------------+------------+----------+
+-+--------------+------------+----------+
---------------------------------------------------------------------------------
Start Applying XDC Timing Constraints
---------------------------------------------------------------------------------
---------------------------------------------------------------------------------
Finished Applying XDC Timing Constraints : Time (s): cpu = 00:02:02 ; elapsed = 00:02:04 . Memory (MB): peak = 741.574 ; gain = 480.531
---------------------------------------------------------------------------------
---------------------------------------------------------------------------------
Start Timing Optimization
---------------------------------------------------------------------------------
---------------------------------------------------------------------------------
Finished Timing Optimization : Time (s): cpu = 00:02:02 ; elapsed = 00:02:04 . Memory (MB): peak = 741.574 ; gain = 480.531
---------------------------------------------------------------------------------

Report RTL Partitions: 
+-+--------------+------------+----------+
| |RTL Partition |Replication |Instances |
+-+--------------+------------+----------+
+-+--------------+------------+----------+
---------------------------------------------------------------------------------
Start Technology Mapping
---------------------------------------------------------------------------------
---------------------------------------------------------------------------------
Finished Technology Mapping : Time (s): cpu = 00:02:02 ; elapsed = 00:02:04 . Memory (MB): peak = 751.297 ; gain = 490.254
---------------------------------------------------------------------------------

Report RTL Partitions: 
+-+--------------+------------+----------+
| |RTL Partition |Replication |Instances |
+-+--------------+------------+----------+
+-+--------------+------------+----------+
---------------------------------------------------------------------------------
Start IO Insertion
---------------------------------------------------------------------------------
---------------------------------------------------------------------------------
Start Flattening Before IO Insertion
---------------------------------------------------------------------------------
---------------------------------------------------------------------------------
Finished Flattening Before IO Insertion
---------------------------------------------------------------------------------
---------------------------------------------------------------------------------
Start Final Netlist Cleanup
---------------------------------------------------------------------------------
---------------------------------------------------------------------------------
Finished Final Netlist Cleanup
---------------------------------------------------------------------------------
---------------------------------------------------------------------------------
Finished IO Insertion : Time (s): cpu = 00:02:03 ; elapsed = 00:02:05 . Memory (MB): peak = 751.297 ; gain = 490.254
---------------------------------------------------------------------------------

Report Check Netlist: 
+------+------------------+-------+---------+-------+------------------+
|      |Item              |Errors |Warnings |Status |Description       |
+------+------------------+-------+---------+-------+------------------+
|1     |multi_driven_nets |      0|        0|Passed |Multi driven nets |
+------+------------------+-------+---------+-------+------------------+
---------------------------------------------------------------------------------
Start Renaming Generated Instances
---------------------------------------------------------------------------------
---------------------------------------------------------------------------------
Finished Renaming Generated Instances : Time (s): cpu = 00:02:04 ; elapsed = 00:02:05 . Memory (MB): peak = 751.297 ; gain = 490.254
---------------------------------------------------------------------------------

Report RTL Partitions: 
+-+--------------+------------+----------+
| |RTL Partition |Replication |Instances |
+-+--------------+------------+----------+
+-+--------------+------------+----------+
---------------------------------------------------------------------------------
Start Rebuilding User Hierarchy
---------------------------------------------------------------------------------
---------------------------------------------------------------------------------
Finished Rebuilding User Hierarchy : Time (s): cpu = 00:02:04 ; elapsed = 00:02:05 . Memory (MB): peak = 751.297 ; gain = 490.254
---------------------------------------------------------------------------------
---------------------------------------------------------------------------------
Start Renaming Generated Ports
---------------------------------------------------------------------------------
---------------------------------------------------------------------------------
Finished Renaming Generated Ports : Time (s): cpu = 00:02:04 ; elapsed = 00:02:05 . Memory (MB): peak = 751.297 ; gain = 490.254
---------------------------------------------------------------------------------
---------------------------------------------------------------------------------
Start Handling Custom Attributes
---------------------------------------------------------------------------------
---------------------------------------------------------------------------------
Finished Handling Custom Attributes : Time (s): cpu = 00:02:04 ; elapsed = 00:02:05 . Memory (MB): peak = 751.297 ; gain = 490.254
---------------------------------------------------------------------------------
---------------------------------------------------------------------------------
Start Renaming Generated Nets
---------------------------------------------------------------------------------
---------------------------------------------------------------------------------
Finished Renaming Generated Nets : Time (s): cpu = 00:02:04 ; elapsed = 00:02:05 . Memory (MB): peak = 751.297 ; gain = 490.254
---------------------------------------------------------------------------------
---------------------------------------------------------------------------------
Start Writing Synthesis Report
---------------------------------------------------------------------------------

Report BlackBoxes: 
+-+--------------+----------+
| |BlackBox name |Instances |
+-+--------------+----------+
+-+--------------+----------+

Report Cell Usage: 
+------+-----+------+
|      |Cell |Count |
+------+-----+------+
|1     |LUT1 |     1|
|2     |LUT2 |    11|
|3     |LUT3 |    35|
|4     |LUT4 |     2|
|5     |LUT5 |     4|
|6     |LUT6 |     6|
|7     |FDRE |    12|
|8     |FDSE |     1|
+------+-----+------+

Report Instance Areas: 
+------+-----------------------------------------------------+----------------------------------------------+------+
|      |Instance                                             |Module                                        |Cells |
+------+-----------------------------------------------------+----------------------------------------------+------+
|1     |top                                                  |                                              |    72|
|2     |  inst                                               |axi_dwidth_converter_v2_1_15_top              |    72|
|3     |    \gen_upsizer.gen_lite_upsizer.lite_upsizer_inst  |axi_dwidth_converter_v2_1_15_axi4lite_upsizer |    68|
+------+-----------------------------------------------------+----------------------------------------------+------+
---------------------------------------------------------------------------------
Finished Writing Synthesis Report : Time (s): cpu = 00:02:04 ; elapsed = 00:02:05 . Memory (MB): peak = 751.297 ; gain = 490.254
---------------------------------------------------------------------------------
Synthesis finished with 0 errors, 0 critical warnings and 56 warnings.
Synthesis Optimization Runtime : Time (s): cpu = 00:00:20 ; elapsed = 00:01:59 . Memory (MB): peak = 751.297 ; gain = 270.363
Synthesis Optimization Complete : Time (s): cpu = 00:02:04 ; elapsed = 00:02:05 . Memory (MB): peak = 751.297 ; gain = 490.254
INFO: [Project 1-571] Translating synthesized netlist
INFO: [Project 1-570] Preparing netlist for logic optimization
INFO: [Opt 31-138] Pushed 0 inverter(s) to 0 load pin(s).
INFO: [Project 1-111] Unisim Transformation Summary:
No Unisim elements were transformed.

INFO: [Common 17-83] Releasing license: Synthesis
20 Infos, 100 Warnings, 0 Critical Warnings and 0 Errors encountered.
synth_design completed successfully
synth_design: Time (s): cpu = 00:02:06 ; elapsed = 00:02:08 . Memory (MB): peak = 751.297 ; gain = 495.082
INFO: [Common 17-1381] The checkpoint 'C:/Projects/2017/S7_system/S7_system.runs/design_2_auto_us_1_synth_1/design_2_auto_us_1.dcp' has been generated.
