
*** Running vivado
    with args -log design_1_wrapper.vdi -applog -m64 -product Vivado -messageDb vivado.pb -mode batch -source design_1_wrapper.tcl -notrace


****** Vivado v2017.4 (64-bit)
  **** SW Build 2086221 on Fri Dec 15 20:55:39 MST 2017
  **** IP Build 2085800 on Fri Dec 15 22:25:07 MST 2017
    ** Copyright 1986-2017 Xilinx, Inc. All Rights Reserved.

source design_1_wrapper.tcl -notrace
INFO: [IP_Flow 19-234] Refreshing IP repositories
INFO: [IP_Flow 19-1700] Loaded user IP repository 'd:/Workspaces/Xilinx/ip_repo'.
INFO: [IP_Flow 19-2313] Loaded Vivado IP repository 'D:/Xilinx/Vivado/2017.4/data/ip'.
Command: link_design -top design_1_wrapper -part xc7s50csga324-1
Design is defaulting to srcset: sources_1
Design is defaulting to constrset: constrs_1
INFO: [Project 1-454] Reading design checkpoint 'd:/Workspaces/Xilinx/ip_test/Arty_RGB_RTL/Arty_RGB_RTL.srcs/sources_1/bd/design_1/ip/design_1_Arty_RGB_RTL_0_1/design_1_Arty_RGB_RTL_0_1.dcp' for cell 'design_1_i/Arty_RGB_RTL_0'
INFO: [Project 1-454] Reading design checkpoint 'd:/Workspaces/Xilinx/ip_test/Arty_RGB_RTL/Arty_RGB_RTL.srcs/sources_1/bd/design_1/ip/design_1_clk_wiz_0_0/design_1_clk_wiz_0_0.dcp' for cell 'design_1_i/clk_wiz_0'
INFO: [Project 1-454] Reading design checkpoint 'd:/Workspaces/Xilinx/ip_test/Arty_RGB_RTL/Arty_RGB_RTL.srcs/sources_1/bd/design_1/ip/design_1_vio_0_0/design_1_vio_0_0.dcp' for cell 'design_1_i/vio_0'
INFO: [Netlist 29-17] Analyzing 9 Unisim elements for replacement
INFO: [Netlist 29-28] Unisim Transformation completed in 0 CPU seconds
INFO: [Project 1-479] Netlist was created with Vivado 2017.4
INFO: [Device 21-403] Loading part xc7s50csga324-1
INFO: [Project 1-570] Preparing netlist for logic optimization
INFO: [Chipscope 16-324] Core: design_1_i/vio_0 UUID: 01a4b594-7c44-5fa6-bd66-f70f5f031273 
Parsing XDC File [d:/Workspaces/Xilinx/ip_test/Arty_RGB_RTL/Arty_RGB_RTL.srcs/sources_1/bd/design_1/ip/design_1_clk_wiz_0_0/design_1_clk_wiz_0_0_board.xdc] for cell 'design_1_i/clk_wiz_0/inst'
Finished Parsing XDC File [d:/Workspaces/Xilinx/ip_test/Arty_RGB_RTL/Arty_RGB_RTL.srcs/sources_1/bd/design_1/ip/design_1_clk_wiz_0_0/design_1_clk_wiz_0_0_board.xdc] for cell 'design_1_i/clk_wiz_0/inst'
Parsing XDC File [d:/Workspaces/Xilinx/ip_test/Arty_RGB_RTL/Arty_RGB_RTL.srcs/sources_1/bd/design_1/ip/design_1_clk_wiz_0_0/design_1_clk_wiz_0_0.xdc] for cell 'design_1_i/clk_wiz_0/inst'
INFO: [Timing 38-35] Done setting XDC timing constraints. [d:/Workspaces/Xilinx/ip_test/Arty_RGB_RTL/Arty_RGB_RTL.srcs/sources_1/bd/design_1/ip/design_1_clk_wiz_0_0/design_1_clk_wiz_0_0.xdc:57]
INFO: [Timing 38-2] Deriving generated clocks [d:/Workspaces/Xilinx/ip_test/Arty_RGB_RTL/Arty_RGB_RTL.srcs/sources_1/bd/design_1/ip/design_1_clk_wiz_0_0/design_1_clk_wiz_0_0.xdc:57]
get_clocks: Time (s): cpu = 00:00:18 ; elapsed = 00:00:19 . Memory (MB): peak = 1069.375 ; gain = 472.684
Finished Parsing XDC File [d:/Workspaces/Xilinx/ip_test/Arty_RGB_RTL/Arty_RGB_RTL.srcs/sources_1/bd/design_1/ip/design_1_clk_wiz_0_0/design_1_clk_wiz_0_0.xdc] for cell 'design_1_i/clk_wiz_0/inst'
Parsing XDC File [d:/Workspaces/Xilinx/ip_test/Arty_RGB_RTL/Arty_RGB_RTL.srcs/sources_1/bd/design_1/ip/design_1_vio_0_0/design_1_vio_0_0.xdc] for cell 'design_1_i/vio_0'
Finished Parsing XDC File [d:/Workspaces/Xilinx/ip_test/Arty_RGB_RTL/Arty_RGB_RTL.srcs/sources_1/bd/design_1/ip/design_1_vio_0_0/design_1_vio_0_0.xdc] for cell 'design_1_i/vio_0'
Parsing XDC File [D:/Workspaces/Xilinx/ip_test/Arty_RGB_RTL/Arty_RGB_RTL.srcs/constrs_1/imports/Desktop/Arty-S7-50-Master.xdc]
Finished Parsing XDC File [D:/Workspaces/Xilinx/ip_test/Arty_RGB_RTL/Arty_RGB_RTL.srcs/constrs_1/imports/Desktop/Arty-S7-50-Master.xdc]
INFO: [Opt 31-138] Pushed 0 inverter(s) to 0 load pin(s).
INFO: [Project 1-111] Unisim Transformation Summary:
No Unisim elements were transformed.

16 Infos, 0 Warnings, 0 Critical Warnings and 0 Errors encountered.
link_design completed successfully
link_design: Time (s): cpu = 00:00:29 ; elapsed = 00:00:29 . Memory (MB): peak = 1069.375 ; gain = 790.293
Command: opt_design
Attempting to get a license for feature 'Implementation' and/or device 'xc7s50'
INFO: [Common 17-349] Got license for feature 'Implementation' and/or device 'xc7s50'
Running DRC as a precondition to command opt_design

Starting DRC Task
INFO: [DRC 23-27] Running DRC with 2 threads
INFO: [Project 1-461] DRC finished with 0 Errors
INFO: [Project 1-462] Please refer to the DRC report (report_drc) for more information.

Time (s): cpu = 00:00:02 ; elapsed = 00:00:01 . Memory (MB): peak = 1069.375 ; gain = 0.000
INFO: [Timing 38-35] Done setting XDC timing constraints.
INFO: [Timing 38-2] Deriving generated clocks

Starting Logic Optimization Task

Phase 1 Generate And Synthesize Debug Cores
INFO: [Chipscope 16-318] Generating core instance : dbg_hub
INFO: [IP_Flow 19-3806] Processing IP xilinx.com:ip:xsdbm:3.0 for cell dbg_hub_CV.
INFO: [Chipscope 16-220] Re-using generated and synthesized IP, "xilinx.com:ip:xsdbm:3.0", from Vivado IP cache entry "432df869d48cae3a".
INFO: [Netlist 29-17] Analyzing 22 Unisim elements for replacement
INFO: [Netlist 29-28] Unisim Transformation completed in 0 CPU seconds
Netlist sorting complete. Time (s): cpu = 00:00:00 ; elapsed = 00:00:00.006 . Memory (MB): peak = 1098.555 ; gain = 0.000
Phase 1 Generate And Synthesize Debug Cores | Checksum: 1ef5c0a3e

Time (s): cpu = 00:00:01 ; elapsed = 00:00:51 . Memory (MB): peak = 1098.555 ; gain = 11.945

Phase 2 Retarget
INFO: [Opt 31-138] Pushed 1 inverter(s) to 1 load pin(s).
INFO: [Opt 31-49] Retargeted 0 cell(s).
Phase 2 Retarget | Checksum: 1eb78c9cc

Time (s): cpu = 00:00:02 ; elapsed = 00:00:51 . Memory (MB): peak = 1098.555 ; gain = 11.945
INFO: [Opt 31-389] Phase Retarget created 0 cells and removed 8 cells

Phase 3 Constant propagation
INFO: [Opt 31-138] Pushed 0 inverter(s) to 0 load pin(s).
Phase 3 Constant propagation | Checksum: 1eb78c9cc

Time (s): cpu = 00:00:02 ; elapsed = 00:00:51 . Memory (MB): peak = 1098.555 ; gain = 11.945
INFO: [Opt 31-389] Phase Constant propagation created 0 cells and removed 0 cells

Phase 4 Sweep
Phase 4 Sweep | Checksum: 20544545b

Time (s): cpu = 00:00:02 ; elapsed = 00:00:51 . Memory (MB): peak = 1098.555 ; gain = 11.945
INFO: [Opt 31-389] Phase Sweep created 0 cells and removed 1 cells

Phase 5 BUFG optimization
Phase 5 BUFG optimization | Checksum: 20544545b

Time (s): cpu = 00:00:02 ; elapsed = 00:00:51 . Memory (MB): peak = 1098.555 ; gain = 11.945
INFO: [Opt 31-389] Phase BUFG optimization created 0 cells and removed 0 cells

Phase 6 Shift Register Optimization
Phase 6 Shift Register Optimization | Checksum: 20544545b

Time (s): cpu = 00:00:02 ; elapsed = 00:00:52 . Memory (MB): peak = 1098.555 ; gain = 11.945
INFO: [Opt 31-389] Phase Shift Register Optimization created 0 cells and removed 0 cells

Starting Connectivity Check Task

Time (s): cpu = 00:00:00 ; elapsed = 00:00:00.005 . Memory (MB): peak = 1098.555 ; gain = 0.000
Ending Logic Optimization Task | Checksum: 20544545b

Time (s): cpu = 00:00:02 ; elapsed = 00:00:52 . Memory (MB): peak = 1098.555 ; gain = 11.945

Starting Power Optimization Task
INFO: [Pwropt 34-132] Skipping clock gating for clocks with a period < 2.00 ns.
Ending Power Optimization Task | Checksum: 23ec08a43

Time (s): cpu = 00:00:00 ; elapsed = 00:00:00.015 . Memory (MB): peak = 1098.555 ; gain = 0.000
INFO: [Common 17-83] Releasing license: Implementation
40 Infos, 0 Warnings, 0 Critical Warnings and 0 Errors encountered.
opt_design completed successfully
opt_design: Time (s): cpu = 00:00:04 ; elapsed = 00:00:53 . Memory (MB): peak = 1098.555 ; gain = 29.180
Writing placer database...
Writing XDEF routing.
Writing XDEF routing logical nets.
Writing XDEF routing special nets.
Write XDEF Complete: Time (s): cpu = 00:00:00 ; elapsed = 00:00:00.132 . Memory (MB): peak = 1098.555 ; gain = 0.000
INFO: [Common 17-1381] The checkpoint 'D:/Workspaces/Xilinx/ip_test/Arty_RGB_RTL/Arty_RGB_RTL.runs/impl_1/design_1_wrapper_opt.dcp' has been generated.
INFO: [runtcl-4] Executing : report_drc -file design_1_wrapper_drc_opted.rpt -pb design_1_wrapper_drc_opted.pb -rpx design_1_wrapper_drc_opted.rpx
Command: report_drc -file design_1_wrapper_drc_opted.rpt -pb design_1_wrapper_drc_opted.pb -rpx design_1_wrapper_drc_opted.rpx
INFO: [IP_Flow 19-1839] IP Catalog is up to date.
INFO: [DRC 23-27] Running DRC with 2 threads
INFO: [Coretcl 2-168] The results of DRC are in file D:/Workspaces/Xilinx/ip_test/Arty_RGB_RTL/Arty_RGB_RTL.runs/impl_1/design_1_wrapper_drc_opted.rpt.
report_drc completed successfully
INFO: [Chipscope 16-240] Debug cores have already been implemented
Command: place_design
Attempting to get a license for feature 'Implementation' and/or device 'xc7s50'
INFO: [Common 17-349] Got license for feature 'Implementation' and/or device 'xc7s50'
INFO: [DRC 23-27] Running DRC with 2 threads
INFO: [Vivado_Tcl 4-198] DRC finished with 0 Errors
INFO: [Vivado_Tcl 4-199] Please refer to the DRC report (report_drc) for more information.
Running DRC as a precondition to command place_design
INFO: [DRC 23-27] Running DRC with 2 threads
INFO: [Vivado_Tcl 4-198] DRC finished with 0 Errors
INFO: [Vivado_Tcl 4-199] Please refer to the DRC report (report_drc) for more information.

Starting Placer Task
INFO: [Place 30-611] Multithreading enabled for place_design using a maximum of 2 CPUs

Phase 1 Placer Initialization

Phase 1.1 Placer Initialization Netlist Sorting
Netlist sorting complete. Time (s): cpu = 00:00:00 ; elapsed = 00:00:00.007 . Memory (MB): peak = 1098.555 ; gain = 0.000
Phase 1.1 Placer Initialization Netlist Sorting | Checksum: 14ba33fb5

Time (s): cpu = 00:00:00 ; elapsed = 00:00:00.012 . Memory (MB): peak = 1098.555 ; gain = 0.000
INFO: [Timing 38-35] Done setting XDC timing constraints.
INFO: [Opt 31-138] Pushed 0 inverter(s) to 0 load pin(s).
Netlist sorting complete. Time (s): cpu = 00:00:00 ; elapsed = 00:00:00.006 . Memory (MB): peak = 1098.555 ; gain = 0.000

Phase 1.2 IO Placement/ Clock Placement/ Build Placer Device
INFO: [Timing 38-35] Done setting XDC timing constraints.
Phase 1.2 IO Placement/ Clock Placement/ Build Placer Device | Checksum: 10d33ab29

Time (s): cpu = 00:00:02 ; elapsed = 00:00:02 . Memory (MB): peak = 1098.555 ; gain = 0.000

Phase 1.3 Build Placer Netlist Model
Phase 1.3 Build Placer Netlist Model | Checksum: 1f0f9a75d

Time (s): cpu = 00:00:04 ; elapsed = 00:00:03 . Memory (MB): peak = 1098.555 ; gain = 0.000

Phase 1.4 Constrain Clocks/Macros
Phase 1.4 Constrain Clocks/Macros | Checksum: 1f0f9a75d

Time (s): cpu = 00:00:04 ; elapsed = 00:00:03 . Memory (MB): peak = 1098.555 ; gain = 0.000
Phase 1 Placer Initialization | Checksum: 1f0f9a75d

Time (s): cpu = 00:00:04 ; elapsed = 00:00:03 . Memory (MB): peak = 1098.555 ; gain = 0.000

Phase 2 Global Placement
Phase 2 Global Placement | Checksum: 1cf40eb5b

Time (s): cpu = 00:00:09 ; elapsed = 00:00:05 . Memory (MB): peak = 1098.555 ; gain = 0.000

Phase 3 Detail Placement

Phase 3.1 Commit Multi Column Macros
Phase 3.1 Commit Multi Column Macros | Checksum: 1cf40eb5b

Time (s): cpu = 00:00:09 ; elapsed = 00:00:05 . Memory (MB): peak = 1098.555 ; gain = 0.000

Phase 3.2 Commit Most Macros & LUTRAMs
Phase 3.2 Commit Most Macros & LUTRAMs | Checksum: b39e925f

Time (s): cpu = 00:00:09 ; elapsed = 00:00:05 . Memory (MB): peak = 1098.555 ; gain = 0.000

Phase 3.3 Area Swap Optimization
Phase 3.3 Area Swap Optimization | Checksum: 143364a5e

Time (s): cpu = 00:00:09 ; elapsed = 00:00:05 . Memory (MB): peak = 1098.555 ; gain = 0.000

Phase 3.4 Pipeline Register Optimization
Phase 3.4 Pipeline Register Optimization | Checksum: 143364a5e

Time (s): cpu = 00:00:09 ; elapsed = 00:00:05 . Memory (MB): peak = 1098.555 ; gain = 0.000

Phase 3.5 Small Shape Detail Placement
Phase 3.5 Small Shape Detail Placement | Checksum: 9a5700df

Time (s): cpu = 00:00:10 ; elapsed = 00:00:06 . Memory (MB): peak = 1098.555 ; gain = 0.000

Phase 3.6 Re-assign LUT pins
Phase 3.6 Re-assign LUT pins | Checksum: e4ba6864

Time (s): cpu = 00:00:10 ; elapsed = 00:00:06 . Memory (MB): peak = 1098.555 ; gain = 0.000

Phase 3.7 Pipeline Register Optimization
Phase 3.7 Pipeline Register Optimization | Checksum: e4ba6864

Time (s): cpu = 00:00:10 ; elapsed = 00:00:06 . Memory (MB): peak = 1098.555 ; gain = 0.000
Phase 3 Detail Placement | Checksum: e4ba6864

Time (s): cpu = 00:00:10 ; elapsed = 00:00:06 . Memory (MB): peak = 1098.555 ; gain = 0.000

Phase 4 Post Placement Optimization and Clean-Up

Phase 4.1 Post Commit Optimization
INFO: [Timing 38-35] Done setting XDC timing constraints.

Phase 4.1.1 Post Placement Optimization
Post Placement Optimization Initialization | Checksum: 19eda69c5

Phase 4.1.1.1 BUFG Insertion
INFO: [Physopt 32-721] Multithreading enabled for phys_opt_design using a maximum of 2 CPUs
INFO: [Place 46-31] BUFG insertion identified 0 candidate nets, 0 success, 0 skipped for placement/routing, 0 skipped for timing, 0 skipped for netlist change reason.
Phase 4.1.1.1 BUFG Insertion | Checksum: 19eda69c5

Time (s): cpu = 00:00:11 ; elapsed = 00:00:07 . Memory (MB): peak = 1099.285 ; gain = 0.730
INFO: [Place 30-746] Post Placement Timing Summary WNS=5.097. For the most accurate timing information please run report_timing.
Phase 4.1.1 Post Placement Optimization | Checksum: e6d9b78c

Time (s): cpu = 00:00:11 ; elapsed = 00:00:07 . Memory (MB): peak = 1099.285 ; gain = 0.730
Phase 4.1 Post Commit Optimization | Checksum: e6d9b78c

Time (s): cpu = 00:00:11 ; elapsed = 00:00:07 . Memory (MB): peak = 1099.285 ; gain = 0.730

Phase 4.2 Post Placement Cleanup
Phase 4.2 Post Placement Cleanup | Checksum: e6d9b78c

Time (s): cpu = 00:00:11 ; elapsed = 00:00:07 . Memory (MB): peak = 1099.285 ; gain = 0.730

Phase 4.3 Placer Reporting
Phase 4.3 Placer Reporting | Checksum: e6d9b78c

Time (s): cpu = 00:00:11 ; elapsed = 00:00:07 . Memory (MB): peak = 1099.285 ; gain = 0.730

Phase 4.4 Final Placement Cleanup
Phase 4.4 Final Placement Cleanup | Checksum: 1c34fe1e3

Time (s): cpu = 00:00:12 ; elapsed = 00:00:07 . Memory (MB): peak = 1099.285 ; gain = 0.730
Phase 4 Post Placement Optimization and Clean-Up | Checksum: 1c34fe1e3

Time (s): cpu = 00:00:12 ; elapsed = 00:00:07 . Memory (MB): peak = 1099.285 ; gain = 0.730
Ending Placer Task | Checksum: 19b145045

Time (s): cpu = 00:00:12 ; elapsed = 00:00:07 . Memory (MB): peak = 1099.285 ; gain = 0.730
INFO: [Common 17-83] Releasing license: Implementation
62 Infos, 0 Warnings, 0 Critical Warnings and 0 Errors encountered.
place_design completed successfully
place_design: Time (s): cpu = 00:00:15 ; elapsed = 00:00:09 . Memory (MB): peak = 1099.285 ; gain = 0.730
Writing placer database...
Writing XDEF routing.
Writing XDEF routing logical nets.
Writing XDEF routing special nets.
Write XDEF Complete: Time (s): cpu = 00:00:01 ; elapsed = 00:00:00.352 . Memory (MB): peak = 1099.598 ; gain = 0.313
INFO: [Common 17-1381] The checkpoint 'D:/Workspaces/Xilinx/ip_test/Arty_RGB_RTL/Arty_RGB_RTL.runs/impl_1/design_1_wrapper_placed.dcp' has been generated.
INFO: [runtcl-4] Executing : report_io -file design_1_wrapper_io_placed.rpt
report_io: Time (s): cpu = 00:00:00 ; elapsed = 00:00:00.064 . Memory (MB): peak = 1103.129 ; gain = 3.531
INFO: [runtcl-4] Executing : report_utilization -file design_1_wrapper_utilization_placed.rpt -pb design_1_wrapper_utilization_placed.pb
report_utilization: Time (s): cpu = 00:00:01 ; elapsed = 00:00:00.146 . Memory (MB): peak = 1103.129 ; gain = 0.000
INFO: [runtcl-4] Executing : report_control_sets -verbose -file design_1_wrapper_control_sets_placed.rpt
report_control_sets: Time (s): cpu = 00:00:00 ; elapsed = 00:00:00.017 . Memory (MB): peak = 1103.129 ; gain = 0.000
Command: route_design
Attempting to get a license for feature 'Implementation' and/or device 'xc7s50'
INFO: [Common 17-349] Got license for feature 'Implementation' and/or device 'xc7s50'
Running DRC as a precondition to command route_design
INFO: [DRC 23-27] Running DRC with 2 threads
INFO: [Vivado_Tcl 4-198] DRC finished with 0 Errors
INFO: [Vivado_Tcl 4-199] Please refer to the DRC report (report_drc) for more information.


Starting Routing Task
INFO: [Route 35-254] Multithreading enabled for route_design using a maximum of 2 CPUs
Checksum: PlaceDB: 9bd531dd ConstDB: 0 ShapeSum: ff3f1e68 RouteDB: 0

Phase 1 Build RT Design
Phase 1 Build RT Design | Checksum: 101d24f50

Time (s): cpu = 00:00:37 ; elapsed = 00:00:33 . Memory (MB): peak = 1222.793 ; gain = 118.973
Post Restoration Checksum: NetGraph: 8a84fde6 NumContArr: 774d516a Constraints: 0 Timing: 0

Phase 2 Router Initialization

Phase 2.1 Create Timer
Phase 2.1 Create Timer | Checksum: 101d24f50

Time (s): cpu = 00:00:37 ; elapsed = 00:00:33 . Memory (MB): peak = 1222.793 ; gain = 118.973

Phase 2.2 Fix Topology Constraints
Phase 2.2 Fix Topology Constraints | Checksum: 101d24f50

Time (s): cpu = 00:00:37 ; elapsed = 00:00:33 . Memory (MB): peak = 1222.793 ; gain = 118.973

Phase 2.3 Pre Route Cleanup
Phase 2.3 Pre Route Cleanup | Checksum: 101d24f50

Time (s): cpu = 00:00:37 ; elapsed = 00:00:33 . Memory (MB): peak = 1222.793 ; gain = 118.973
 Number of Nodes with overlaps = 0

Phase 2.4 Update Timing
Phase 2.4 Update Timing | Checksum: 1144b2b69

Time (s): cpu = 00:00:39 ; elapsed = 00:00:34 . Memory (MB): peak = 1222.793 ; gain = 118.973
INFO: [Route 35-416] Intermediate Timing Summary | WNS=5.129  | TNS=0.000  | WHS=-0.218 | THS=-90.114|

Phase 2 Router Initialization | Checksum: 12fa7758e

Time (s): cpu = 00:00:39 ; elapsed = 00:00:34 . Memory (MB): peak = 1222.793 ; gain = 118.973

Phase 3 Initial Routing
Phase 3 Initial Routing | Checksum: 1f0be397e

Time (s): cpu = 00:00:40 ; elapsed = 00:00:35 . Memory (MB): peak = 1222.793 ; gain = 118.973

Phase 4 Rip-up And Reroute

Phase 4.1 Global Iteration 0
 Number of Nodes with overlaps = 120
 Number of Nodes with overlaps = 1
 Number of Nodes with overlaps = 0
INFO: [Route 35-416] Intermediate Timing Summary | WNS=4.785  | TNS=0.000  | WHS=N/A    | THS=N/A    |

Phase 4.1 Global Iteration 0 | Checksum: 1811485d2

Time (s): cpu = 00:00:42 ; elapsed = 00:00:35 . Memory (MB): peak = 1222.793 ; gain = 118.973

Phase 4.2 Global Iteration 1
 Number of Nodes with overlaps = 0
INFO: [Route 35-416] Intermediate Timing Summary | WNS=4.785  | TNS=0.000  | WHS=N/A    | THS=N/A    |

Phase 4.2 Global Iteration 1 | Checksum: 1f69693f5

Time (s): cpu = 00:00:42 ; elapsed = 00:00:35 . Memory (MB): peak = 1222.793 ; gain = 118.973
Phase 4 Rip-up And Reroute | Checksum: 1f69693f5

Time (s): cpu = 00:00:42 ; elapsed = 00:00:36 . Memory (MB): peak = 1222.793 ; gain = 118.973

Phase 5 Delay and Skew Optimization

Phase 5.1 Delay CleanUp
Phase 5.1 Delay CleanUp | Checksum: 1f69693f5

Time (s): cpu = 00:00:42 ; elapsed = 00:00:36 . Memory (MB): peak = 1222.793 ; gain = 118.973

Phase 5.2 Clock Skew Optimization
Phase 5.2 Clock Skew Optimization | Checksum: 1f69693f5

Time (s): cpu = 00:00:42 ; elapsed = 00:00:36 . Memory (MB): peak = 1222.793 ; gain = 118.973
Phase 5 Delay and Skew Optimization | Checksum: 1f69693f5

Time (s): cpu = 00:00:42 ; elapsed = 00:00:36 . Memory (MB): peak = 1222.793 ; gain = 118.973

Phase 6 Post Hold Fix

Phase 6.1 Hold Fix Iter

Phase 6.1.1 Update Timing
Phase 6.1.1 Update Timing | Checksum: 1a3257828

Time (s): cpu = 00:00:42 ; elapsed = 00:00:36 . Memory (MB): peak = 1222.793 ; gain = 118.973
INFO: [Route 35-416] Intermediate Timing Summary | WNS=4.864  | TNS=0.000  | WHS=0.029  | THS=0.000  |

Phase 6.1 Hold Fix Iter | Checksum: 1b99477de

Time (s): cpu = 00:00:42 ; elapsed = 00:00:36 . Memory (MB): peak = 1222.793 ; gain = 118.973
Phase 6 Post Hold Fix | Checksum: 1b99477de

Time (s): cpu = 00:00:42 ; elapsed = 00:00:36 . Memory (MB): peak = 1222.793 ; gain = 118.973

Phase 7 Route finalize

Router Utilization Summary
  Global Vertical Routing Utilization    = 0.221717 %
  Global Horizontal Routing Utilization  = 0.294638 %
  Routable Net Status*
  *Does not include unroutable nets such as driverless and loadless.
  Run report_route_status for detailed report.
  Number of Failed Nets               = 0
  Number of Unrouted Nets             = 0
  Number of Partially Routed Nets     = 0
  Number of Node Overlaps             = 0

Phase 7 Route finalize | Checksum: 1f3ee5a0f

Time (s): cpu = 00:00:42 ; elapsed = 00:00:36 . Memory (MB): peak = 1222.793 ; gain = 118.973

Phase 8 Verifying routed nets

 Verification completed successfully
Phase 8 Verifying routed nets | Checksum: 1f3ee5a0f

Time (s): cpu = 00:00:42 ; elapsed = 00:00:36 . Memory (MB): peak = 1222.793 ; gain = 118.973

Phase 9 Depositing Routes
Phase 9 Depositing Routes | Checksum: 18600a2b7

Time (s): cpu = 00:00:42 ; elapsed = 00:00:36 . Memory (MB): peak = 1222.793 ; gain = 118.973

Phase 10 Post Router Timing
INFO: [Route 35-57] Estimated Timing Summary | WNS=4.864  | TNS=0.000  | WHS=0.029  | THS=0.000  |

INFO: [Route 35-327] The final timing numbers are based on the router estimated timing analysis. For a complete and accurate timing signoff, please run report_timing_summary.
Phase 10 Post Router Timing | Checksum: 18600a2b7

Time (s): cpu = 00:00:42 ; elapsed = 00:00:36 . Memory (MB): peak = 1222.793 ; gain = 118.973
INFO: [Route 35-16] Router Completed Successfully

Time (s): cpu = 00:00:42 ; elapsed = 00:00:36 . Memory (MB): peak = 1222.793 ; gain = 118.973

Routing Is Done.
INFO: [Common 17-83] Releasing license: Implementation
79 Infos, 0 Warnings, 0 Critical Warnings and 0 Errors encountered.
route_design completed successfully
route_design: Time (s): cpu = 00:00:45 ; elapsed = 00:00:38 . Memory (MB): peak = 1222.793 ; gain = 119.664
Writing placer database...
Writing XDEF routing.
Writing XDEF routing logical nets.
Writing XDEF routing special nets.
Write XDEF Complete: Time (s): cpu = 00:00:01 ; elapsed = 00:00:00.426 . Memory (MB): peak = 1222.793 ; gain = 0.000
INFO: [Common 17-1381] The checkpoint 'D:/Workspaces/Xilinx/ip_test/Arty_RGB_RTL/Arty_RGB_RTL.runs/impl_1/design_1_wrapper_routed.dcp' has been generated.
INFO: [runtcl-4] Executing : report_drc -file design_1_wrapper_drc_routed.rpt -pb design_1_wrapper_drc_routed.pb -rpx design_1_wrapper_drc_routed.rpx
Command: report_drc -file design_1_wrapper_drc_routed.rpt -pb design_1_wrapper_drc_routed.pb -rpx design_1_wrapper_drc_routed.rpx
INFO: [IP_Flow 19-1839] IP Catalog is up to date.
INFO: [DRC 23-27] Running DRC with 2 threads
INFO: [Coretcl 2-168] The results of DRC are in file D:/Workspaces/Xilinx/ip_test/Arty_RGB_RTL/Arty_RGB_RTL.runs/impl_1/design_1_wrapper_drc_routed.rpt.
report_drc completed successfully
INFO: [runtcl-4] Executing : report_methodology -file design_1_wrapper_methodology_drc_routed.rpt -pb design_1_wrapper_methodology_drc_routed.pb -rpx design_1_wrapper_methodology_drc_routed.rpx
Command: report_methodology -file design_1_wrapper_methodology_drc_routed.rpt -pb design_1_wrapper_methodology_drc_routed.pb -rpx design_1_wrapper_methodology_drc_routed.rpx
INFO: [Timing 38-35] Done setting XDC timing constraints.
INFO: [Timing 38-35] Done setting XDC timing constraints.
INFO: [DRC 23-133] Running Methodology with 2 threads
INFO: [Coretcl 2-1520] The results of Report Methodology are in file D:/Workspaces/Xilinx/ip_test/Arty_RGB_RTL/Arty_RGB_RTL.runs/impl_1/design_1_wrapper_methodology_drc_routed.rpt.
report_methodology completed successfully
INFO: [runtcl-4] Executing : report_power -file design_1_wrapper_power_routed.rpt -pb design_1_wrapper_power_summary_routed.pb -rpx design_1_wrapper_power_routed.rpx
Command: report_power -file design_1_wrapper_power_routed.rpt -pb design_1_wrapper_power_summary_routed.pb -rpx design_1_wrapper_power_routed.rpx
INFO: [Timing 38-35] Done setting XDC timing constraints.
Running Vector-less Activity Propagation...

Finished Running Vector-less Activity Propagation
91 Infos, 0 Warnings, 0 Critical Warnings and 0 Errors encountered.
report_power completed successfully
INFO: [runtcl-4] Executing : report_route_status -file design_1_wrapper_route_status.rpt -pb design_1_wrapper_route_status.pb
INFO: [runtcl-4] Executing : report_timing_summary -max_paths 10 -file design_1_wrapper_timing_summary_routed.rpt -rpx design_1_wrapper_timing_summary_routed.rpx -warn_on_violation 
INFO: [Timing 38-91] UpdateTimingParams: Speed grade: -1, Delay Type: min_max.
INFO: [Timing 38-191] Multithreading enabled for timing update using a maximum of 2 CPUs
INFO: [runtcl-4] Executing : report_incremental_reuse -file design_1_wrapper_incremental_reuse_routed.rpt
INFO: [Vivado_Tcl 4-545] No incremental reuse to report, no incremental placement and routing data was found.
INFO: [runtcl-4] Executing : report_clock_utilization -file design_1_wrapper_clock_utilization_routed.rpt
Command: write_bitstream -force design_1_wrapper.bit
Attempting to get a license for feature 'Implementation' and/or device 'xc7s50'
INFO: [Common 17-349] Got license for feature 'Implementation' and/or device 'xc7s50'
Running DRC as a precondition to command write_bitstream
INFO: [IP_Flow 19-1839] IP Catalog is up to date.
INFO: [DRC 23-27] Running DRC with 2 threads
WARNING: [DRC RTSTAT-10] No routable loads: 15 net(s) have no routable loads. The problem bus(es) and/or net(s) are dbg_hub/inst/BSCANID.u_xsdbm_id/CORE_XSDB.UUT_MASTER/U_ICON_INTERFACE/U_CMD6_RD/U_RD_FIFO/SUBCORE_FIFO.xsdbm_v3_0_0_rdfifo_inst/inst_fifo_gen/gconvfifo.rf/grf.rf/gntv_or_sync_fifo.gl0.rd/gr1.gr1_int.rfwft/aempty_fwft_i, dbg_hub/inst/BSCANID.u_xsdbm_id/CORE_XSDB.UUT_MASTER/U_ICON_INTERFACE/U_CMD7_CTL/ctl_reg[2:0], dbg_hub/inst/BSCANID.u_xsdbm_id/CORE_XSDB.UUT_MASTER/U_ICON_INTERFACE/U_CMD7_CTL/ctl_reg_en_2[1], dbg_hub/inst/BSCANID.u_xsdbm_id/CORE_XSDB.UUT_MASTER/U_ICON_INTERFACE/U_CMD1/ctl_reg_en_2[1], dbg_hub/inst/BSCANID.u_xsdbm_id/SWITCH_N_EXT_BSCAN.bscan_switch/m_bscan_capture[0], dbg_hub/inst/BSCANID.u_xsdbm_id/SWITCH_N_EXT_BSCAN.bscan_switch/m_bscan_drck[0], dbg_hub/inst/BSCANID.u_xsdbm_id/SWITCH_N_EXT_BSCAN.bscan_switch/m_bscan_runtest[0], dbg_hub/inst/BSCANID.u_xsdbm_id/CORE_XSDB.UUT_MASTER/U_ICON_INTERFACE/U_CMD6_RD/U_RD_FIFO/SUBCORE_FIFO.xsdbm_v3_0_0_rdfifo_inst/inst_fifo_gen/gconvfifo.rf/grf.rf/gntv_or_sync_fifo.gl0.rd/gras.rsts/ram_empty_i, dbg_hub/inst/BSCANID.u_xsdbm_id/CORE_XSDB.UUT_MASTER/U_ICON_INTERFACE/U_CMD6_WR/U_WR_FIFO/SUBCORE_FIFO.xsdbm_v3_0_0_wrfifo_inst/inst_fifo_gen/gconvfifo.rf/grf.rf/gntv_or_sync_fifo.gl0.wr/gwas.wsts/ram_full_i, dbg_hub/inst/BSCANID.u_xsdbm_id/CORE_XSDB.UUT_MASTER/U_ICON_INTERFACE/U_CMD6_WR/U_WR_FIFO/SUBCORE_FIFO.xsdbm_v3_0_0_wrfifo_inst/inst_fifo_gen/gconvfifo.rf/grf.rf/rstblk/rd_rst_reg[0], dbg_hub/inst/BSCANID.u_xsdbm_id/SWITCH_N_EXT_BSCAN.bscan_inst/s_bscan_tms, dbg_hub/inst/BSCANID.u_xsdbm_id/CORE_XSDB.UUT_MASTER/U_ICON_INTERFACE/U_CMD6_RD/U_RD_FIFO/SUBCORE_FIFO.xsdbm_v3_0_0_rdfifo_inst/inst_fifo_gen/gconvfifo.rf/grf.rf/rstblk/wr_rst_reg[2], and dbg_hub/inst/BSCANID.u_xsdbm_id/CORE_XSDB.UUT_MASTER/U_ICON_INTERFACE/U_CMD6_WR/U_WR_FIFO/SUBCORE_FIFO.xsdbm_v3_0_0_wrfifo_inst/inst_fifo_gen/gconvfifo.rf/grf.rf/rstblk/wr_rst_reg[2].
INFO: [Vivado 12-3199] DRC finished with 0 Errors, 1 Warnings
INFO: [Vivado 12-3200] Please refer to the DRC report (report_drc) for more information.
INFO: [Project 1-821] Please set project.enableDesignId to be 'true'.
INFO: [Designutils 20-2272] Running write_bitstream with 2 threads.
Loading data files...
Loading site data...
Loading route data...
Processing options...
Creating bitmap...
Creating bitstream...
Bitstream compression saved 13536704 bits.
Writing bitstream ./design_1_wrapper.bit...
INFO: [Vivado 12-1842] Bitgen Completed Successfully.
INFO: [Project 1-120] WebTalk data collection is mandatory when using a WebPACK part without a full Vivado license. To see the specific WebTalk data collected for your design, open the usage_statistics_webtalk.html or usage_statistics_webtalk.xml file in the implementation directory.
INFO: [Common 17-83] Releasing license: Implementation
108 Infos, 1 Warnings, 0 Critical Warnings and 0 Errors encountered.
write_bitstream completed successfully
write_bitstream: Time (s): cpu = 00:00:23 ; elapsed = 00:00:21 . Memory (MB): peak = 1671.082 ; gain = 410.715
INFO: [Common 17-206] Exiting Vivado at Sat Apr  7 15:06:47 2018...
