
*** Running vivado
    with args -log design_1_vio_0_0.vds -m64 -product Vivado -mode batch -messageDb vivado.pb -notrace -source design_1_vio_0_0.tcl


****** Vivado v2017.4 (64-bit)
  **** SW Build 2086221 on Fri Dec 15 20:55:39 MST 2017
  **** IP Build 2085800 on Fri Dec 15 22:25:07 MST 2017
    ** Copyright 1986-2017 Xilinx, Inc. All Rights Reserved.

source design_1_vio_0_0.tcl -notrace
Command: synth_design -top design_1_vio_0_0 -part xc7s50csga324-1 -mode out_of_context
Starting synth_design
Attempting to get a license for feature 'Synthesis' and/or device 'xc7s50'
INFO: [Common 17-349] Got license for feature 'Synthesis' and/or device 'xc7s50'
INFO: Launching helper process for spawning children vivado processes
INFO: Helper process launched with PID 7408 
---------------------------------------------------------------------------------
Starting RTL Elaboration : Time (s): cpu = 00:00:11 ; elapsed = 00:00:11 . Memory (MB): peak = 369.523 ; gain = 111.727
---------------------------------------------------------------------------------
INFO: [Synth 8-638] synthesizing module 'design_1_vio_0_0' [c:/Projects/2017/Arty_RGB_RTL/Arty_RGB_RTL.srcs/sources_1/bd/design_1/ip/design_1_vio_0_0/synth/design_1_vio_0_0.v:59]
WARNING: [Synth 8-3848] Net sl_iport0 in module/entity design_1_vio_0_0 does not have driver. [c:/Projects/2017/Arty_RGB_RTL/Arty_RGB_RTL.srcs/sources_1/bd/design_1/ip/design_1_vio_0_0/synth/design_1_vio_0_0.v:81]
INFO: [Synth 8-256] done synthesizing module 'design_1_vio_0_0' (7#1) [c:/Projects/2017/Arty_RGB_RTL/Arty_RGB_RTL.srcs/sources_1/bd/design_1/ip/design_1_vio_0_0/synth/design_1_vio_0_0.v:59]
WARNING: [Synth 8-3331] design vio_v3_0_17_probe_width has unconnected port Bus_rst
WARNING: [Synth 8-3331] design vio_v3_0_17_probe_width has unconnected port Rd_probe_width
WARNING: [Synth 8-3331] design vio_v3_0_17_probe_width has unconnected port Internal_cnt_rst
WARNING: [Synth 8-3331] design vio_v3_0_17_probe_out_one has unconnected port Bus_rst
WARNING: [Synth 8-3331] design vio_v3_0_17_probe_out_one has unconnected port Read
WARNING: [Synth 8-3331] design vio_v3_0_17_probe_out_one has unconnected port Bus_Data_in[15]
WARNING: [Synth 8-3331] design vio_v3_0_17_probe_out_one has unconnected port Bus_Data_in[14]
WARNING: [Synth 8-3331] design vio_v3_0_17_probe_out_one has unconnected port Bus_Data_in[13]
WARNING: [Synth 8-3331] design vio_v3_0_17_probe_out_one has unconnected port Bus_Data_in[12]
WARNING: [Synth 8-3331] design vio_v3_0_17_probe_out_one has unconnected port Bus_Data_in[11]
WARNING: [Synth 8-3331] design vio_v3_0_17_probe_out_one has unconnected port Bus_Data_in[10]
WARNING: [Synth 8-3331] design vio_v3_0_17_probe_out_one has unconnected port Bus_Data_in[9]
WARNING: [Synth 8-3331] design vio_v3_0_17_probe_out_one has unconnected port Bus_Data_in[8]
WARNING: [Synth 8-3331] design vio_v3_0_17_probe_out_one has unconnected port Internal_cnt_rst
WARNING: [Synth 8-3331] design vio_v3_0_17_vio has unconnected port probe_in0[0]
WARNING: [Synth 8-3331] design vio_v3_0_17_vio has unconnected port probe_in1[0]
WARNING: [Synth 8-3331] design vio_v3_0_17_vio has unconnected port probe_in2[0]
WARNING: [Synth 8-3331] design vio_v3_0_17_vio has unconnected port probe_in3[0]
WARNING: [Synth 8-3331] design vio_v3_0_17_vio has unconnected port probe_in4[0]
WARNING: [Synth 8-3331] design vio_v3_0_17_vio has unconnected port probe_in5[0]
WARNING: [Synth 8-3331] design vio_v3_0_17_vio has unconnected port probe_in6[0]
WARNING: [Synth 8-3331] design vio_v3_0_17_vio has unconnected port probe_in7[0]
WARNING: [Synth 8-3331] design vio_v3_0_17_vio has unconnected port probe_in8[0]
WARNING: [Synth 8-3331] design vio_v3_0_17_vio has unconnected port probe_in9[0]
WARNING: [Synth 8-3331] design vio_v3_0_17_vio has unconnected port probe_in10[0]
WARNING: [Synth 8-3331] design vio_v3_0_17_vio has unconnected port probe_in11[0]
WARNING: [Synth 8-3331] design vio_v3_0_17_vio has unconnected port probe_in12[0]
WARNING: [Synth 8-3331] design vio_v3_0_17_vio has unconnected port probe_in13[0]
WARNING: [Synth 8-3331] design vio_v3_0_17_vio has unconnected port probe_in14[0]
WARNING: [Synth 8-3331] design vio_v3_0_17_vio has unconnected port probe_in15[0]
WARNING: [Synth 8-3331] design vio_v3_0_17_vio has unconnected port probe_in16[0]
WARNING: [Synth 8-3331] design vio_v3_0_17_vio has unconnected port probe_in17[0]
WARNING: [Synth 8-3331] design vio_v3_0_17_vio has unconnected port probe_in18[0]
WARNING: [Synth 8-3331] design vio_v3_0_17_vio has unconnected port probe_in19[0]
WARNING: [Synth 8-3331] design vio_v3_0_17_vio has unconnected port probe_in20[0]
WARNING: [Synth 8-3331] design vio_v3_0_17_vio has unconnected port probe_in21[0]
WARNING: [Synth 8-3331] design vio_v3_0_17_vio has unconnected port probe_in22[0]
WARNING: [Synth 8-3331] design vio_v3_0_17_vio has unconnected port probe_in23[0]
WARNING: [Synth 8-3331] design vio_v3_0_17_vio has unconnected port probe_in24[0]
WARNING: [Synth 8-3331] design vio_v3_0_17_vio has unconnected port probe_in25[0]
WARNING: [Synth 8-3331] design vio_v3_0_17_vio has unconnected port probe_in26[0]
WARNING: [Synth 8-3331] design vio_v3_0_17_vio has unconnected port probe_in27[0]
WARNING: [Synth 8-3331] design vio_v3_0_17_vio has unconnected port probe_in28[0]
WARNING: [Synth 8-3331] design vio_v3_0_17_vio has unconnected port probe_in29[0]
WARNING: [Synth 8-3331] design vio_v3_0_17_vio has unconnected port probe_in30[0]
WARNING: [Synth 8-3331] design vio_v3_0_17_vio has unconnected port probe_in31[0]
WARNING: [Synth 8-3331] design vio_v3_0_17_vio has unconnected port probe_in32[0]
WARNING: [Synth 8-3331] design vio_v3_0_17_vio has unconnected port probe_in33[0]
WARNING: [Synth 8-3331] design vio_v3_0_17_vio has unconnected port probe_in34[0]
WARNING: [Synth 8-3331] design vio_v3_0_17_vio has unconnected port probe_in35[0]
WARNING: [Synth 8-3331] design vio_v3_0_17_vio has unconnected port probe_in36[0]
WARNING: [Synth 8-3331] design vio_v3_0_17_vio has unconnected port probe_in37[0]
WARNING: [Synth 8-3331] design vio_v3_0_17_vio has unconnected port probe_in38[0]
WARNING: [Synth 8-3331] design vio_v3_0_17_vio has unconnected port probe_in39[0]
WARNING: [Synth 8-3331] design vio_v3_0_17_vio has unconnected port probe_in40[0]
WARNING: [Synth 8-3331] design vio_v3_0_17_vio has unconnected port probe_in41[0]
WARNING: [Synth 8-3331] design vio_v3_0_17_vio has unconnected port probe_in42[0]
WARNING: [Synth 8-3331] design vio_v3_0_17_vio has unconnected port probe_in43[0]
WARNING: [Synth 8-3331] design vio_v3_0_17_vio has unconnected port probe_in44[0]
WARNING: [Synth 8-3331] design vio_v3_0_17_vio has unconnected port probe_in45[0]
WARNING: [Synth 8-3331] design vio_v3_0_17_vio has unconnected port probe_in46[0]
WARNING: [Synth 8-3331] design vio_v3_0_17_vio has unconnected port probe_in47[0]
WARNING: [Synth 8-3331] design vio_v3_0_17_vio has unconnected port probe_in48[0]
WARNING: [Synth 8-3331] design vio_v3_0_17_vio has unconnected port probe_in49[0]
WARNING: [Synth 8-3331] design vio_v3_0_17_vio has unconnected port probe_in50[0]
WARNING: [Synth 8-3331] design vio_v3_0_17_vio has unconnected port probe_in51[0]
WARNING: [Synth 8-3331] design vio_v3_0_17_vio has unconnected port probe_in52[0]
WARNING: [Synth 8-3331] design vio_v3_0_17_vio has unconnected port probe_in53[0]
WARNING: [Synth 8-3331] design vio_v3_0_17_vio has unconnected port probe_in54[0]
WARNING: [Synth 8-3331] design vio_v3_0_17_vio has unconnected port probe_in55[0]
WARNING: [Synth 8-3331] design vio_v3_0_17_vio has unconnected port probe_in56[0]
WARNING: [Synth 8-3331] design vio_v3_0_17_vio has unconnected port probe_in57[0]
WARNING: [Synth 8-3331] design vio_v3_0_17_vio has unconnected port probe_in58[0]
WARNING: [Synth 8-3331] design vio_v3_0_17_vio has unconnected port probe_in59[0]
WARNING: [Synth 8-3331] design vio_v3_0_17_vio has unconnected port probe_in60[0]
WARNING: [Synth 8-3331] design vio_v3_0_17_vio has unconnected port probe_in61[0]
WARNING: [Synth 8-3331] design vio_v3_0_17_vio has unconnected port probe_in62[0]
WARNING: [Synth 8-3331] design vio_v3_0_17_vio has unconnected port probe_in63[0]
WARNING: [Synth 8-3331] design vio_v3_0_17_vio has unconnected port probe_in64[0]
WARNING: [Synth 8-3331] design vio_v3_0_17_vio has unconnected port probe_in65[0]
WARNING: [Synth 8-3331] design vio_v3_0_17_vio has unconnected port probe_in66[0]
WARNING: [Synth 8-3331] design vio_v3_0_17_vio has unconnected port probe_in67[0]
WARNING: [Synth 8-3331] design vio_v3_0_17_vio has unconnected port probe_in68[0]
WARNING: [Synth 8-3331] design vio_v3_0_17_vio has unconnected port probe_in69[0]
WARNING: [Synth 8-3331] design vio_v3_0_17_vio has unconnected port probe_in70[0]
WARNING: [Synth 8-3331] design vio_v3_0_17_vio has unconnected port probe_in71[0]
WARNING: [Synth 8-3331] design vio_v3_0_17_vio has unconnected port probe_in72[0]
WARNING: [Synth 8-3331] design vio_v3_0_17_vio has unconnected port probe_in73[0]
WARNING: [Synth 8-3331] design vio_v3_0_17_vio has unconnected port probe_in74[0]
WARNING: [Synth 8-3331] design vio_v3_0_17_vio has unconnected port probe_in75[0]
WARNING: [Synth 8-3331] design vio_v3_0_17_vio has unconnected port probe_in76[0]
WARNING: [Synth 8-3331] design vio_v3_0_17_vio has unconnected port probe_in77[0]
WARNING: [Synth 8-3331] design vio_v3_0_17_vio has unconnected port probe_in78[0]
WARNING: [Synth 8-3331] design vio_v3_0_17_vio has unconnected port probe_in79[0]
WARNING: [Synth 8-3331] design vio_v3_0_17_vio has unconnected port probe_in80[0]
WARNING: [Synth 8-3331] design vio_v3_0_17_vio has unconnected port probe_in81[0]
WARNING: [Synth 8-3331] design vio_v3_0_17_vio has unconnected port probe_in82[0]
WARNING: [Synth 8-3331] design vio_v3_0_17_vio has unconnected port probe_in83[0]
WARNING: [Synth 8-3331] design vio_v3_0_17_vio has unconnected port probe_in84[0]
WARNING: [Synth 8-3331] design vio_v3_0_17_vio has unconnected port probe_in85[0]
INFO: [Common 17-14] Message 'Synth 8-3331' appears 100 times and further instances of the messages will be disabled. Use the Tcl command set_msg_config to change the current settings.
---------------------------------------------------------------------------------
Finished RTL Elaboration : Time (s): cpu = 00:00:19 ; elapsed = 00:00:20 . Memory (MB): peak = 521.227 ; gain = 263.430
---------------------------------------------------------------------------------

Report Check Netlist: 
+------+------------------+-------+---------+-------+------------------+
|      |Item              |Errors |Warnings |Status |Description       |
+------+------------------+-------+---------+-------+------------------+
|1     |multi_driven_nets |      0|        0|Passed |Multi driven nets |
+------+------------------+-------+---------+-------+------------------+
WARNING: [Synth 8-3295] tying undriven pin inst:sl_iport0[36] to constant 0 [c:/Projects/2017/Arty_RGB_RTL/Arty_RGB_RTL.srcs/sources_1/bd/design_1/ip/design_1_vio_0_0/synth/design_1_vio_0_0.v:871]
WARNING: [Synth 8-3295] tying undriven pin inst:sl_iport0[35] to constant 0 [c:/Projects/2017/Arty_RGB_RTL/Arty_RGB_RTL.srcs/sources_1/bd/design_1/ip/design_1_vio_0_0/synth/design_1_vio_0_0.v:871]
WARNING: [Synth 8-3295] tying undriven pin inst:sl_iport0[34] to constant 0 [c:/Projects/2017/Arty_RGB_RTL/Arty_RGB_RTL.srcs/sources_1/bd/design_1/ip/design_1_vio_0_0/synth/design_1_vio_0_0.v:871]
WARNING: [Synth 8-3295] tying undriven pin inst:sl_iport0[33] to constant 0 [c:/Projects/2017/Arty_RGB_RTL/Arty_RGB_RTL.srcs/sources_1/bd/design_1/ip/design_1_vio_0_0/synth/design_1_vio_0_0.v:871]
WARNING: [Synth 8-3295] tying undriven pin inst:sl_iport0[32] to constant 0 [c:/Projects/2017/Arty_RGB_RTL/Arty_RGB_RTL.srcs/sources_1/bd/design_1/ip/design_1_vio_0_0/synth/design_1_vio_0_0.v:871]
WARNING: [Synth 8-3295] tying undriven pin inst:sl_iport0[31] to constant 0 [c:/Projects/2017/Arty_RGB_RTL/Arty_RGB_RTL.srcs/sources_1/bd/design_1/ip/design_1_vio_0_0/synth/design_1_vio_0_0.v:871]
WARNING: [Synth 8-3295] tying undriven pin inst:sl_iport0[30] to constant 0 [c:/Projects/2017/Arty_RGB_RTL/Arty_RGB_RTL.srcs/sources_1/bd/design_1/ip/design_1_vio_0_0/synth/design_1_vio_0_0.v:871]
WARNING: [Synth 8-3295] tying undriven pin inst:sl_iport0[29] to constant 0 [c:/Projects/2017/Arty_RGB_RTL/Arty_RGB_RTL.srcs/sources_1/bd/design_1/ip/design_1_vio_0_0/synth/design_1_vio_0_0.v:871]
WARNING: [Synth 8-3295] tying undriven pin inst:sl_iport0[28] to constant 0 [c:/Projects/2017/Arty_RGB_RTL/Arty_RGB_RTL.srcs/sources_1/bd/design_1/ip/design_1_vio_0_0/synth/design_1_vio_0_0.v:871]
WARNING: [Synth 8-3295] tying undriven pin inst:sl_iport0[27] to constant 0 [c:/Projects/2017/Arty_RGB_RTL/Arty_RGB_RTL.srcs/sources_1/bd/design_1/ip/design_1_vio_0_0/synth/design_1_vio_0_0.v:871]
WARNING: [Synth 8-3295] tying undriven pin inst:sl_iport0[26] to constant 0 [c:/Projects/2017/Arty_RGB_RTL/Arty_RGB_RTL.srcs/sources_1/bd/design_1/ip/design_1_vio_0_0/synth/design_1_vio_0_0.v:871]
WARNING: [Synth 8-3295] tying undriven pin inst:sl_iport0[25] to constant 0 [c:/Projects/2017/Arty_RGB_RTL/Arty_RGB_RTL.srcs/sources_1/bd/design_1/ip/design_1_vio_0_0/synth/design_1_vio_0_0.v:871]
WARNING: [Synth 8-3295] tying undriven pin inst:sl_iport0[24] to constant 0 [c:/Projects/2017/Arty_RGB_RTL/Arty_RGB_RTL.srcs/sources_1/bd/design_1/ip/design_1_vio_0_0/synth/design_1_vio_0_0.v:871]
WARNING: [Synth 8-3295] tying undriven pin inst:sl_iport0[23] to constant 0 [c:/Projects/2017/Arty_RGB_RTL/Arty_RGB_RTL.srcs/sources_1/bd/design_1/ip/design_1_vio_0_0/synth/design_1_vio_0_0.v:871]
WARNING: [Synth 8-3295] tying undriven pin inst:sl_iport0[22] to constant 0 [c:/Projects/2017/Arty_RGB_RTL/Arty_RGB_RTL.srcs/sources_1/bd/design_1/ip/design_1_vio_0_0/synth/design_1_vio_0_0.v:871]
WARNING: [Synth 8-3295] tying undriven pin inst:sl_iport0[21] to constant 0 [c:/Projects/2017/Arty_RGB_RTL/Arty_RGB_RTL.srcs/sources_1/bd/design_1/ip/design_1_vio_0_0/synth/design_1_vio_0_0.v:871]
WARNING: [Synth 8-3295] tying undriven pin inst:sl_iport0[20] to constant 0 [c:/Projects/2017/Arty_RGB_RTL/Arty_RGB_RTL.srcs/sources_1/bd/design_1/ip/design_1_vio_0_0/synth/design_1_vio_0_0.v:871]
WARNING: [Synth 8-3295] tying undriven pin inst:sl_iport0[19] to constant 0 [c:/Projects/2017/Arty_RGB_RTL/Arty_RGB_RTL.srcs/sources_1/bd/design_1/ip/design_1_vio_0_0/synth/design_1_vio_0_0.v:871]
WARNING: [Synth 8-3295] tying undriven pin inst:sl_iport0[18] to constant 0 [c:/Projects/2017/Arty_RGB_RTL/Arty_RGB_RTL.srcs/sources_1/bd/design_1/ip/design_1_vio_0_0/synth/design_1_vio_0_0.v:871]
WARNING: [Synth 8-3295] tying undriven pin inst:sl_iport0[17] to constant 0 [c:/Projects/2017/Arty_RGB_RTL/Arty_RGB_RTL.srcs/sources_1/bd/design_1/ip/design_1_vio_0_0/synth/design_1_vio_0_0.v:871]
WARNING: [Synth 8-3295] tying undriven pin inst:sl_iport0[16] to constant 0 [c:/Projects/2017/Arty_RGB_RTL/Arty_RGB_RTL.srcs/sources_1/bd/design_1/ip/design_1_vio_0_0/synth/design_1_vio_0_0.v:871]
WARNING: [Synth 8-3295] tying undriven pin inst:sl_iport0[15] to constant 0 [c:/Projects/2017/Arty_RGB_RTL/Arty_RGB_RTL.srcs/sources_1/bd/design_1/ip/design_1_vio_0_0/synth/design_1_vio_0_0.v:871]
WARNING: [Synth 8-3295] tying undriven pin inst:sl_iport0[14] to constant 0 [c:/Projects/2017/Arty_RGB_RTL/Arty_RGB_RTL.srcs/sources_1/bd/design_1/ip/design_1_vio_0_0/synth/design_1_vio_0_0.v:871]
WARNING: [Synth 8-3295] tying undriven pin inst:sl_iport0[13] to constant 0 [c:/Projects/2017/Arty_RGB_RTL/Arty_RGB_RTL.srcs/sources_1/bd/design_1/ip/design_1_vio_0_0/synth/design_1_vio_0_0.v:871]
WARNING: [Synth 8-3295] tying undriven pin inst:sl_iport0[12] to constant 0 [c:/Projects/2017/Arty_RGB_RTL/Arty_RGB_RTL.srcs/sources_1/bd/design_1/ip/design_1_vio_0_0/synth/design_1_vio_0_0.v:871]
WARNING: [Synth 8-3295] tying undriven pin inst:sl_iport0[11] to constant 0 [c:/Projects/2017/Arty_RGB_RTL/Arty_RGB_RTL.srcs/sources_1/bd/design_1/ip/design_1_vio_0_0/synth/design_1_vio_0_0.v:871]
WARNING: [Synth 8-3295] tying undriven pin inst:sl_iport0[10] to constant 0 [c:/Projects/2017/Arty_RGB_RTL/Arty_RGB_RTL.srcs/sources_1/bd/design_1/ip/design_1_vio_0_0/synth/design_1_vio_0_0.v:871]
WARNING: [Synth 8-3295] tying undriven pin inst:sl_iport0[9] to constant 0 [c:/Projects/2017/Arty_RGB_RTL/Arty_RGB_RTL.srcs/sources_1/bd/design_1/ip/design_1_vio_0_0/synth/design_1_vio_0_0.v:871]
WARNING: [Synth 8-3295] tying undriven pin inst:sl_iport0[8] to constant 0 [c:/Projects/2017/Arty_RGB_RTL/Arty_RGB_RTL.srcs/sources_1/bd/design_1/ip/design_1_vio_0_0/synth/design_1_vio_0_0.v:871]
WARNING: [Synth 8-3295] tying undriven pin inst:sl_iport0[7] to constant 0 [c:/Projects/2017/Arty_RGB_RTL/Arty_RGB_RTL.srcs/sources_1/bd/design_1/ip/design_1_vio_0_0/synth/design_1_vio_0_0.v:871]
WARNING: [Synth 8-3295] tying undriven pin inst:sl_iport0[6] to constant 0 [c:/Projects/2017/Arty_RGB_RTL/Arty_RGB_RTL.srcs/sources_1/bd/design_1/ip/design_1_vio_0_0/synth/design_1_vio_0_0.v:871]
WARNING: [Synth 8-3295] tying undriven pin inst:sl_iport0[5] to constant 0 [c:/Projects/2017/Arty_RGB_RTL/Arty_RGB_RTL.srcs/sources_1/bd/design_1/ip/design_1_vio_0_0/synth/design_1_vio_0_0.v:871]
WARNING: [Synth 8-3295] tying undriven pin inst:sl_iport0[4] to constant 0 [c:/Projects/2017/Arty_RGB_RTL/Arty_RGB_RTL.srcs/sources_1/bd/design_1/ip/design_1_vio_0_0/synth/design_1_vio_0_0.v:871]
WARNING: [Synth 8-3295] tying undriven pin inst:sl_iport0[3] to constant 0 [c:/Projects/2017/Arty_RGB_RTL/Arty_RGB_RTL.srcs/sources_1/bd/design_1/ip/design_1_vio_0_0/synth/design_1_vio_0_0.v:871]
WARNING: [Synth 8-3295] tying undriven pin inst:sl_iport0[2] to constant 0 [c:/Projects/2017/Arty_RGB_RTL/Arty_RGB_RTL.srcs/sources_1/bd/design_1/ip/design_1_vio_0_0/synth/design_1_vio_0_0.v:871]
WARNING: [Synth 8-3295] tying undriven pin inst:sl_iport0[1] to constant 0 [c:/Projects/2017/Arty_RGB_RTL/Arty_RGB_RTL.srcs/sources_1/bd/design_1/ip/design_1_vio_0_0/synth/design_1_vio_0_0.v:871]
WARNING: [Synth 8-3295] tying undriven pin inst:sl_iport0[0] to constant 0 [c:/Projects/2017/Arty_RGB_RTL/Arty_RGB_RTL.srcs/sources_1/bd/design_1/ip/design_1_vio_0_0/synth/design_1_vio_0_0.v:871]
---------------------------------------------------------------------------------
Finished RTL Optimization Phase 1 : Time (s): cpu = 00:00:19 ; elapsed = 00:00:20 . Memory (MB): peak = 521.227 ; gain = 263.430
---------------------------------------------------------------------------------
INFO: [Device 21-403] Loading part xc7s50csga324-1
INFO: [Project 1-570] Preparing netlist for logic optimization

Processing XDC Constraints
Initializing timing engine
Parsing XDC File [c:/Projects/2017/Arty_RGB_RTL/Arty_RGB_RTL.srcs/sources_1/bd/design_1/ip/design_1_vio_0_0/design_1_vio_0_0_ooc.xdc]
Finished Parsing XDC File [c:/Projects/2017/Arty_RGB_RTL/Arty_RGB_RTL.srcs/sources_1/bd/design_1/ip/design_1_vio_0_0/design_1_vio_0_0_ooc.xdc]
Parsing XDC File [c:/Projects/2017/Arty_RGB_RTL/Arty_RGB_RTL.srcs/sources_1/bd/design_1/ip/design_1_vio_0_0/design_1_vio_0_0.xdc]
Finished Parsing XDC File [c:/Projects/2017/Arty_RGB_RTL/Arty_RGB_RTL.srcs/sources_1/bd/design_1/ip/design_1_vio_0_0/design_1_vio_0_0.xdc]
Completed Processing XDC Constraints

INFO: [Project 1-111] Unisim Transformation Summary:
No Unisim elements were transformed.

Constraint Validation Runtime : Time (s): cpu = 00:00:00 ; elapsed = 00:00:00.016 . Memory (MB): peak = 744.555 ; gain = 0.000
---------------------------------------------------------------------------------
Finished Constraint Validation : Time (s): cpu = 00:00:32 ; elapsed = 00:00:33 . Memory (MB): peak = 744.555 ; gain = 486.758
---------------------------------------------------------------------------------
---------------------------------------------------------------------------------
Start Loading Part and Timing Information
---------------------------------------------------------------------------------
Loading part: xc7s50csga324-1
---------------------------------------------------------------------------------
Finished Loading Part and Timing Information : Time (s): cpu = 00:00:32 ; elapsed = 00:00:33 . Memory (MB): peak = 744.555 ; gain = 486.758
---------------------------------------------------------------------------------
---------------------------------------------------------------------------------
Start Applying 'set_property' XDC Constraints
---------------------------------------------------------------------------------
---------------------------------------------------------------------------------
Finished applying 'set_property' XDC Constraints : Time (s): cpu = 00:00:32 ; elapsed = 00:00:33 . Memory (MB): peak = 744.555 ; gain = 486.758
---------------------------------------------------------------------------------
INFO: [Synth 8-5546] ROM "wr_probe_out" won't be mapped to RAM because it is too sparse
INFO: [Synth 8-5546] ROM "wr_probe_out" won't be mapped to RAM because it is too sparse
INFO: [Synth 8-5546] ROM "wr_probe_out" won't be mapped to RAM because it is too sparse
INFO: [Synth 8-5546] ROM "wr_probe_out" won't be mapped to RAM because it is too sparse
INFO: [Synth 8-5546] ROM "wr_probe_out" won't be mapped to RAM because it is too sparse
INFO: [Synth 8-5546] ROM "wr_probe_out" won't be mapped to RAM because it is too sparse
INFO: [Synth 8-5546] ROM "wr_en_int0" won't be mapped to RAM because it is too sparse
INFO: [Synth 8-5546] ROM "wr_en_int0" won't be mapped to RAM because it is too sparse
INFO: [Synth 8-5546] ROM "wr_en_int0" won't be mapped to RAM because it is too sparse
INFO: [Synth 8-5546] ROM "wr_en_int0" won't be mapped to RAM because it is too sparse
INFO: [Synth 8-5546] ROM "wr_en_int0" won't be mapped to RAM because it is too sparse
INFO: [Synth 8-5546] ROM "rd_en_int0" won't be mapped to RAM because it is too sparse
INFO: [Synth 8-5546] ROM "rd_en_int0" won't be mapped to RAM because it is too sparse
---------------------------------------------------------------------------------
Finished RTL Optimization Phase 2 : Time (s): cpu = 00:00:32 ; elapsed = 00:00:33 . Memory (MB): peak = 744.555 ; gain = 486.758
---------------------------------------------------------------------------------

Report RTL Partitions: 
+-+--------------+------------+----------+
| |RTL Partition |Replication |Instances |
+-+--------------+------------+----------+
+-+--------------+------------+----------+
---------------------------------------------------------------------------------
Start RTL Component Statistics 
---------------------------------------------------------------------------------
Detailed RTL Component Info : 
+---Registers : 
	              128 Bit    Registers := 1     
	               16 Bit    Registers := 13    
	                8 Bit    Registers := 6     
	                7 Bit    Registers := 1     
	                5 Bit    Registers := 1     
	                3 Bit    Registers := 3     
	                1 Bit    Registers := 18    
+---Muxes : 
	   2 Input     16 Bit        Muxes := 2     
	   2 Input      1 Bit        Muxes := 21    
---------------------------------------------------------------------------------
Finished RTL Component Statistics 
---------------------------------------------------------------------------------
---------------------------------------------------------------------------------
Start RTL Hierarchical Component Statistics 
---------------------------------------------------------------------------------
Hierarchical RTL Component report 
Module vio_v3_0_17_probe_out_one 
Detailed RTL Component Info : 
+---Registers : 
	               16 Bit    Registers := 1     
	                8 Bit    Registers := 1     
+---Muxes : 
	   2 Input      1 Bit        Muxes := 1     
Module vio_v3_0_17_probe_out_all 
Detailed RTL Component Info : 
+---Registers : 
	               16 Bit    Registers := 1     
	                3 Bit    Registers := 1     
	                1 Bit    Registers := 8     
+---Muxes : 
	   2 Input      1 Bit        Muxes := 7     
Module vio_v3_0_17_probe_width 
Detailed RTL Component Info : 
+---Registers : 
	               16 Bit    Registers := 1     
Module xsdbs_v1_0_2_xsdbs 
Detailed RTL Component Info : 
+---Registers : 
	              128 Bit    Registers := 1     
	               16 Bit    Registers := 2     
	                1 Bit    Registers := 1     
+---Muxes : 
	   2 Input     16 Bit        Muxes := 1     
	   2 Input      1 Bit        Muxes := 1     
Module vio_v3_0_17_decoder 
Detailed RTL Component Info : 
+---Registers : 
	               16 Bit    Registers := 2     
	                7 Bit    Registers := 1     
	                5 Bit    Registers := 1     
	                3 Bit    Registers := 2     
	                1 Bit    Registers := 9     
+---Muxes : 
	   2 Input     16 Bit        Muxes := 1     
	   2 Input      1 Bit        Muxes := 7     
Module vio_v3_0_17_vio 
Detailed RTL Component Info : 
+---Registers : 
	               16 Bit    Registers := 1     
---------------------------------------------------------------------------------
Finished RTL Hierarchical Component Statistics
---------------------------------------------------------------------------------
---------------------------------------------------------------------------------
Start Part Resource Summary
---------------------------------------------------------------------------------
Part Resources:
DSPs: 120 (col length:60)
BRAMs: 150 (col length: RAMB18 60 RAMB36 30)
---------------------------------------------------------------------------------
Finished Part Resource Summary
---------------------------------------------------------------------------------
---------------------------------------------------------------------------------
Start Cross Boundary and Area Optimization
---------------------------------------------------------------------------------
INFO: [Synth 8-5546] ROM "PROBE_OUT_ALL_INST/wr_probe_out" won't be mapped to RAM because it is too sparse
INFO: [Synth 8-5546] ROM "PROBE_OUT_ALL_INST/wr_probe_out" won't be mapped to RAM because it is too sparse
INFO: [Synth 8-5546] ROM "PROBE_OUT_ALL_INST/wr_probe_out" won't be mapped to RAM because it is too sparse
INFO: [Synth 8-5546] ROM "PROBE_OUT_ALL_INST/wr_probe_out" won't be mapped to RAM because it is too sparse
INFO: [Synth 8-5546] ROM "PROBE_OUT_ALL_INST/wr_probe_out" won't be mapped to RAM because it is too sparse
INFO: [Synth 8-5546] ROM "PROBE_OUT_ALL_INST/wr_probe_out" won't be mapped to RAM because it is too sparse
INFO: [Synth 8-5546] ROM "DECODER_INST/wr_en_int0" won't be mapped to RAM because it is too sparse
INFO: [Synth 8-5546] ROM "DECODER_INST/wr_en_int0" won't be mapped to RAM because it is too sparse
INFO: [Synth 8-5546] ROM "DECODER_INST/wr_en_int0" won't be mapped to RAM because it is too sparse
INFO: [Synth 8-5546] ROM "DECODER_INST/wr_en_int0" won't be mapped to RAM because it is too sparse
INFO: [Synth 8-5546] ROM "DECODER_INST/wr_en_int0" won't be mapped to RAM because it is too sparse
INFO: [Synth 8-3886] merging instance 'inst/PROBE_OUT_ALL_INST/G_PROBE_OUT[5].PROBE_OUT0_INST/data_int_reg[8]' (FDRE) to 'inst/PROBE_OUT_ALL_INST/G_PROBE_OUT[5].PROBE_OUT0_INST/data_int_reg[9]'
INFO: [Synth 8-3886] merging instance 'inst/PROBE_OUT_ALL_INST/G_PROBE_OUT[4].PROBE_OUT0_INST/data_int_reg[8]' (FDRE) to 'inst/PROBE_OUT_ALL_INST/G_PROBE_OUT[4].PROBE_OUT0_INST/data_int_reg[9]'
INFO: [Synth 8-3886] merging instance 'inst/PROBE_OUT_ALL_INST/G_PROBE_OUT[3].PROBE_OUT0_INST/data_int_reg[8]' (FDRE) to 'inst/PROBE_OUT_ALL_INST/G_PROBE_OUT[3].PROBE_OUT0_INST/data_int_reg[9]'
INFO: [Synth 8-3886] merging instance 'inst/PROBE_OUT_ALL_INST/G_PROBE_OUT[2].PROBE_OUT0_INST/data_int_reg[8]' (FDRE) to 'inst/PROBE_OUT_ALL_INST/G_PROBE_OUT[2].PROBE_OUT0_INST/data_int_reg[9]'
INFO: [Synth 8-3886] merging instance 'inst/PROBE_OUT_ALL_INST/G_PROBE_OUT[1].PROBE_OUT0_INST/data_int_reg[8]' (FDRE) to 'inst/PROBE_OUT_ALL_INST/G_PROBE_OUT[1].PROBE_OUT0_INST/data_int_reg[9]'
INFO: [Synth 8-3886] merging instance 'inst/PROBE_OUT_ALL_INST/G_PROBE_OUT[0].PROBE_OUT0_INST/data_int_reg[8]' (FDRE) to 'inst/PROBE_OUT_ALL_INST/G_PROBE_OUT[0].PROBE_OUT0_INST/data_int_reg[9]'
INFO: [Synth 8-3886] merging instance 'inst/PROBE_OUT_ALL_INST/G_PROBE_OUT[5].PROBE_OUT0_INST/data_int_reg[9]' (FDRE) to 'inst/PROBE_OUT_ALL_INST/G_PROBE_OUT[5].PROBE_OUT0_INST/data_int_reg[10]'
INFO: [Synth 8-3886] merging instance 'inst/PROBE_OUT_ALL_INST/G_PROBE_OUT[4].PROBE_OUT0_INST/data_int_reg[9]' (FDRE) to 'inst/PROBE_OUT_ALL_INST/G_PROBE_OUT[4].PROBE_OUT0_INST/data_int_reg[10]'
INFO: [Synth 8-3886] merging instance 'inst/PROBE_OUT_ALL_INST/G_PROBE_OUT[3].PROBE_OUT0_INST/data_int_reg[9]' (FDRE) to 'inst/PROBE_OUT_ALL_INST/G_PROBE_OUT[3].PROBE_OUT0_INST/data_int_reg[10]'
INFO: [Synth 8-3886] merging instance 'inst/PROBE_OUT_ALL_INST/G_PROBE_OUT[2].PROBE_OUT0_INST/data_int_reg[9]' (FDRE) to 'inst/PROBE_OUT_ALL_INST/G_PROBE_OUT[2].PROBE_OUT0_INST/data_int_reg[10]'
INFO: [Synth 8-3886] merging instance 'inst/PROBE_OUT_ALL_INST/G_PROBE_OUT[1].PROBE_OUT0_INST/data_int_reg[9]' (FDRE) to 'inst/PROBE_OUT_ALL_INST/G_PROBE_OUT[1].PROBE_OUT0_INST/data_int_reg[10]'
INFO: [Synth 8-3886] merging instance 'inst/PROBE_OUT_ALL_INST/G_PROBE_OUT[0].PROBE_OUT0_INST/data_int_reg[9]' (FDRE) to 'inst/PROBE_OUT_ALL_INST/G_PROBE_OUT[0].PROBE_OUT0_INST/data_int_reg[10]'
INFO: [Synth 8-3886] merging instance 'inst/PROBE_OUT_ALL_INST/G_PROBE_OUT[5].PROBE_OUT0_INST/data_int_reg[10]' (FDRE) to 'inst/PROBE_OUT_ALL_INST/G_PROBE_OUT[5].PROBE_OUT0_INST/data_int_reg[11]'
INFO: [Synth 8-3886] merging instance 'inst/PROBE_OUT_ALL_INST/G_PROBE_OUT[4].PROBE_OUT0_INST/data_int_reg[10]' (FDRE) to 'inst/PROBE_OUT_ALL_INST/G_PROBE_OUT[4].PROBE_OUT0_INST/data_int_reg[11]'
INFO: [Synth 8-3886] merging instance 'inst/PROBE_OUT_ALL_INST/G_PROBE_OUT[3].PROBE_OUT0_INST/data_int_reg[10]' (FDRE) to 'inst/PROBE_OUT_ALL_INST/G_PROBE_OUT[3].PROBE_OUT0_INST/data_int_reg[11]'
INFO: [Synth 8-3886] merging instance 'inst/PROBE_OUT_ALL_INST/G_PROBE_OUT[2].PROBE_OUT0_INST/data_int_reg[10]' (FDRE) to 'inst/PROBE_OUT_ALL_INST/G_PROBE_OUT[2].PROBE_OUT0_INST/data_int_reg[11]'
INFO: [Synth 8-3886] merging instance 'inst/PROBE_OUT_ALL_INST/G_PROBE_OUT[1].PROBE_OUT0_INST/data_int_reg[10]' (FDRE) to 'inst/PROBE_OUT_ALL_INST/G_PROBE_OUT[1].PROBE_OUT0_INST/data_int_reg[11]'
INFO: [Synth 8-3886] merging instance 'inst/PROBE_OUT_ALL_INST/G_PROBE_OUT[0].PROBE_OUT0_INST/data_int_reg[10]' (FDRE) to 'inst/PROBE_OUT_ALL_INST/G_PROBE_OUT[0].PROBE_OUT0_INST/data_int_reg[11]'
INFO: [Synth 8-3886] merging instance 'inst/PROBE_OUT_ALL_INST/G_PROBE_OUT[5].PROBE_OUT0_INST/data_int_reg[11]' (FDRE) to 'inst/PROBE_OUT_ALL_INST/G_PROBE_OUT[5].PROBE_OUT0_INST/data_int_reg[12]'
INFO: [Synth 8-3886] merging instance 'inst/PROBE_OUT_ALL_INST/G_PROBE_OUT[4].PROBE_OUT0_INST/data_int_reg[11]' (FDRE) to 'inst/PROBE_OUT_ALL_INST/G_PROBE_OUT[4].PROBE_OUT0_INST/data_int_reg[12]'
INFO: [Synth 8-3886] merging instance 'inst/PROBE_OUT_ALL_INST/G_PROBE_OUT[3].PROBE_OUT0_INST/data_int_reg[11]' (FDRE) to 'inst/PROBE_OUT_ALL_INST/G_PROBE_OUT[3].PROBE_OUT0_INST/data_int_reg[12]'
INFO: [Synth 8-3886] merging instance 'inst/PROBE_OUT_ALL_INST/G_PROBE_OUT[2].PROBE_OUT0_INST/data_int_reg[11]' (FDRE) to 'inst/PROBE_OUT_ALL_INST/G_PROBE_OUT[2].PROBE_OUT0_INST/data_int_reg[12]'
INFO: [Synth 8-3886] merging instance 'inst/PROBE_OUT_ALL_INST/G_PROBE_OUT[1].PROBE_OUT0_INST/data_int_reg[11]' (FDRE) to 'inst/PROBE_OUT_ALL_INST/G_PROBE_OUT[1].PROBE_OUT0_INST/data_int_reg[12]'
INFO: [Synth 8-3886] merging instance 'inst/PROBE_OUT_ALL_INST/G_PROBE_OUT[0].PROBE_OUT0_INST/data_int_reg[11]' (FDRE) to 'inst/PROBE_OUT_ALL_INST/G_PROBE_OUT[0].PROBE_OUT0_INST/data_int_reg[12]'
INFO: [Synth 8-3886] merging instance 'inst/PROBE_OUT_ALL_INST/G_PROBE_OUT[5].PROBE_OUT0_INST/data_int_reg[12]' (FDRE) to 'inst/PROBE_OUT_ALL_INST/G_PROBE_OUT[5].PROBE_OUT0_INST/data_int_reg[13]'
INFO: [Synth 8-3886] merging instance 'inst/PROBE_OUT_ALL_INST/G_PROBE_OUT[4].PROBE_OUT0_INST/data_int_reg[12]' (FDRE) to 'inst/PROBE_OUT_ALL_INST/G_PROBE_OUT[4].PROBE_OUT0_INST/data_int_reg[13]'
INFO: [Synth 8-3886] merging instance 'inst/PROBE_OUT_ALL_INST/G_PROBE_OUT[3].PROBE_OUT0_INST/data_int_reg[12]' (FDRE) to 'inst/PROBE_OUT_ALL_INST/G_PROBE_OUT[3].PROBE_OUT0_INST/data_int_reg[13]'
INFO: [Synth 8-3886] merging instance 'inst/PROBE_OUT_ALL_INST/G_PROBE_OUT[2].PROBE_OUT0_INST/data_int_reg[12]' (FDRE) to 'inst/PROBE_OUT_ALL_INST/G_PROBE_OUT[2].PROBE_OUT0_INST/data_int_reg[13]'
INFO: [Synth 8-3886] merging instance 'inst/PROBE_OUT_ALL_INST/G_PROBE_OUT[1].PROBE_OUT0_INST/data_int_reg[12]' (FDRE) to 'inst/PROBE_OUT_ALL_INST/G_PROBE_OUT[1].PROBE_OUT0_INST/data_int_reg[13]'
INFO: [Synth 8-3886] merging instance 'inst/PROBE_OUT_ALL_INST/G_PROBE_OUT[0].PROBE_OUT0_INST/data_int_reg[12]' (FDRE) to 'inst/PROBE_OUT_ALL_INST/G_PROBE_OUT[0].PROBE_OUT0_INST/data_int_reg[13]'
INFO: [Synth 8-3886] merging instance 'inst/PROBE_OUT_ALL_INST/G_PROBE_OUT[5].PROBE_OUT0_INST/data_int_reg[13]' (FDRE) to 'inst/PROBE_OUT_ALL_INST/G_PROBE_OUT[5].PROBE_OUT0_INST/data_int_reg[14]'
INFO: [Synth 8-3886] merging instance 'inst/PROBE_OUT_ALL_INST/G_PROBE_OUT[4].PROBE_OUT0_INST/data_int_reg[13]' (FDRE) to 'inst/PROBE_OUT_ALL_INST/G_PROBE_OUT[4].PROBE_OUT0_INST/data_int_reg[14]'
INFO: [Synth 8-3886] merging instance 'inst/PROBE_OUT_ALL_INST/G_PROBE_OUT[3].PROBE_OUT0_INST/data_int_reg[13]' (FDRE) to 'inst/PROBE_OUT_ALL_INST/G_PROBE_OUT[3].PROBE_OUT0_INST/data_int_reg[14]'
INFO: [Synth 8-3886] merging instance 'inst/PROBE_OUT_ALL_INST/G_PROBE_OUT[2].PROBE_OUT0_INST/data_int_reg[13]' (FDRE) to 'inst/PROBE_OUT_ALL_INST/G_PROBE_OUT[2].PROBE_OUT0_INST/data_int_reg[14]'
INFO: [Synth 8-3886] merging instance 'inst/PROBE_OUT_ALL_INST/G_PROBE_OUT[1].PROBE_OUT0_INST/data_int_reg[13]' (FDRE) to 'inst/PROBE_OUT_ALL_INST/G_PROBE_OUT[1].PROBE_OUT0_INST/data_int_reg[14]'
INFO: [Synth 8-3886] merging instance 'inst/PROBE_OUT_ALL_INST/G_PROBE_OUT[0].PROBE_OUT0_INST/data_int_reg[13]' (FDRE) to 'inst/PROBE_OUT_ALL_INST/G_PROBE_OUT[0].PROBE_OUT0_INST/data_int_reg[14]'
INFO: [Synth 8-3886] merging instance 'inst/PROBE_OUT_ALL_INST/G_PROBE_OUT[5].PROBE_OUT0_INST/data_int_reg[14]' (FDRE) to 'inst/PROBE_OUT_ALL_INST/G_PROBE_OUT[5].PROBE_OUT0_INST/data_int_reg[15]'
INFO: [Synth 8-3886] merging instance 'inst/PROBE_OUT_ALL_INST/G_PROBE_OUT[4].PROBE_OUT0_INST/data_int_reg[14]' (FDRE) to 'inst/PROBE_OUT_ALL_INST/G_PROBE_OUT[4].PROBE_OUT0_INST/data_int_reg[15]'
INFO: [Synth 8-3886] merging instance 'inst/PROBE_OUT_ALL_INST/G_PROBE_OUT[3].PROBE_OUT0_INST/data_int_reg[14]' (FDRE) to 'inst/PROBE_OUT_ALL_INST/G_PROBE_OUT[3].PROBE_OUT0_INST/data_int_reg[15]'
INFO: [Synth 8-3886] merging instance 'inst/PROBE_OUT_ALL_INST/G_PROBE_OUT[2].PROBE_OUT0_INST/data_int_reg[14]' (FDRE) to 'inst/PROBE_OUT_ALL_INST/G_PROBE_OUT[2].PROBE_OUT0_INST/data_int_reg[15]'
INFO: [Synth 8-3886] merging instance 'inst/PROBE_OUT_ALL_INST/G_PROBE_OUT[1].PROBE_OUT0_INST/data_int_reg[14]' (FDRE) to 'inst/PROBE_OUT_ALL_INST/G_PROBE_OUT[1].PROBE_OUT0_INST/data_int_reg[15]'
INFO: [Synth 8-3886] merging instance 'inst/PROBE_OUT_ALL_INST/G_PROBE_OUT[0].PROBE_OUT0_INST/data_int_reg[14]' (FDRE) to 'inst/PROBE_OUT_ALL_INST/G_PROBE_OUT[0].PROBE_OUT0_INST/data_int_reg[15]'
INFO: [Synth 8-3333] propagating constant 0 across sequential element (inst/\PROBE_OUT_ALL_INST/G_PROBE_OUT[5].PROBE_OUT0_INST/data_int_reg[15] )
INFO: [Synth 8-3333] propagating constant 0 across sequential element (inst/\PROBE_OUT_ALL_INST/G_PROBE_OUT[4].PROBE_OUT0_INST/data_int_reg[15] )
INFO: [Synth 8-3333] propagating constant 0 across sequential element (inst/\PROBE_OUT_ALL_INST/G_PROBE_OUT[3].PROBE_OUT0_INST/data_int_reg[15] )
INFO: [Synth 8-3333] propagating constant 0 across sequential element (inst/\PROBE_OUT_ALL_INST/G_PROBE_OUT[2].PROBE_OUT0_INST/data_int_reg[15] )
INFO: [Synth 8-3333] propagating constant 0 across sequential element (inst/\PROBE_OUT_ALL_INST/G_PROBE_OUT[1].PROBE_OUT0_INST/data_int_reg[15] )
INFO: [Synth 8-3333] propagating constant 0 across sequential element (inst/\PROBE_OUT_ALL_INST/G_PROBE_OUT[0].PROBE_OUT0_INST/data_int_reg[15] )
INFO: [Synth 8-3886] merging instance 'inst/PROBE_OUT_WIDTH_INST/probe_width_int_reg[0]' (FD) to 'inst/PROBE_OUT_WIDTH_INST/probe_width_int_reg[10]'
INFO: [Synth 8-3886] merging instance 'inst/PROBE_OUT_WIDTH_INST/probe_width_int_reg[1]' (FD) to 'inst/PROBE_OUT_WIDTH_INST/probe_width_int_reg[10]'
INFO: [Synth 8-3886] merging instance 'inst/PROBE_OUT_WIDTH_INST/probe_width_int_reg[2]' (FD) to 'inst/PROBE_OUT_WIDTH_INST/probe_width_int_reg[10]'
INFO: [Synth 8-3886] merging instance 'inst/PROBE_OUT_WIDTH_INST/probe_width_int_reg[3]' (FD) to 'inst/PROBE_OUT_WIDTH_INST/probe_width_int_reg[15]'
INFO: [Synth 8-3886] merging instance 'inst/PROBE_OUT_WIDTH_INST/probe_width_int_reg[4]' (FD) to 'inst/PROBE_OUT_WIDTH_INST/probe_width_int_reg[15]'
INFO: [Synth 8-3886] merging instance 'inst/PROBE_OUT_WIDTH_INST/probe_width_int_reg[5]' (FD) to 'inst/PROBE_OUT_WIDTH_INST/probe_width_int_reg[15]'
INFO: [Synth 8-3886] merging instance 'inst/PROBE_OUT_WIDTH_INST/probe_width_int_reg[6]' (FD) to 'inst/PROBE_OUT_WIDTH_INST/probe_width_int_reg[15]'
INFO: [Synth 8-3886] merging instance 'inst/PROBE_OUT_WIDTH_INST/probe_width_int_reg[7]' (FD) to 'inst/PROBE_OUT_WIDTH_INST/probe_width_int_reg[15]'
INFO: [Synth 8-3886] merging instance 'inst/PROBE_OUT_WIDTH_INST/probe_width_int_reg[8]' (FD) to 'inst/PROBE_OUT_WIDTH_INST/probe_width_int_reg[10]'
INFO: [Synth 8-3886] merging instance 'inst/PROBE_OUT_WIDTH_INST/probe_width_int_reg[9]' (FD) to 'inst/PROBE_OUT_WIDTH_INST/probe_width_int_reg[10]'
INFO: [Synth 8-3333] propagating constant 1 across sequential element (inst/\PROBE_OUT_WIDTH_INST/probe_width_int_reg[10] )
INFO: [Synth 8-3886] merging instance 'inst/PROBE_OUT_WIDTH_INST/probe_width_int_reg[11]' (FD) to 'inst/PROBE_OUT_WIDTH_INST/probe_width_int_reg[15]'
INFO: [Synth 8-3886] merging instance 'inst/PROBE_OUT_WIDTH_INST/probe_width_int_reg[12]' (FD) to 'inst/PROBE_OUT_WIDTH_INST/probe_width_int_reg[15]'
INFO: [Synth 8-3886] merging instance 'inst/PROBE_OUT_WIDTH_INST/probe_width_int_reg[13]' (FD) to 'inst/PROBE_OUT_WIDTH_INST/probe_width_int_reg[15]'
INFO: [Synth 8-3886] merging instance 'inst/PROBE_OUT_WIDTH_INST/probe_width_int_reg[14]' (FD) to 'inst/PROBE_OUT_WIDTH_INST/probe_width_int_reg[15]'
INFO: [Synth 8-3333] propagating constant 0 across sequential element (inst/\PROBE_OUT_WIDTH_INST/probe_width_int_reg[15] )
INFO: [Synth 8-3886] merging instance 'inst/PROBE_OUT_ALL_INST/Probe_out_reg_int_reg[8]' (FD) to 'inst/PROBE_OUT_ALL_INST/Probe_out_reg_int_reg[15]'
INFO: [Synth 8-3886] merging instance 'inst/PROBE_OUT_WIDTH_INST/probe_width_int_reg[15]' (FD) to 'inst/PROBE_OUT_ALL_INST/Probe_out_reg_int_reg[15]'
INFO: [Synth 8-3886] merging instance 'inst/PROBE_OUT_ALL_INST/Probe_out_reg_int_reg[9]' (FD) to 'inst/PROBE_OUT_ALL_INST/Probe_out_reg_int_reg[15]'
INFO: [Synth 8-3886] merging instance 'inst/PROBE_OUT_ALL_INST/Probe_out_reg_int_reg[10]' (FD) to 'inst/PROBE_OUT_ALL_INST/Probe_out_reg_int_reg[15]'
INFO: [Synth 8-3886] merging instance 'inst/PROBE_OUT_ALL_INST/Probe_out_reg_int_reg[11]' (FD) to 'inst/PROBE_OUT_ALL_INST/Probe_out_reg_int_reg[15]'
INFO: [Synth 8-3886] merging instance 'inst/PROBE_OUT_ALL_INST/Probe_out_reg_int_reg[12]' (FD) to 'inst/PROBE_OUT_ALL_INST/Probe_out_reg_int_reg[15]'
INFO: [Synth 8-3886] merging instance 'inst/PROBE_OUT_ALL_INST/Probe_out_reg_int_reg[13]' (FD) to 'inst/PROBE_OUT_ALL_INST/Probe_out_reg_int_reg[15]'
INFO: [Synth 8-3886] merging instance 'inst/PROBE_OUT_ALL_INST/Probe_out_reg_int_reg[14]' (FD) to 'inst/PROBE_OUT_ALL_INST/Probe_out_reg_int_reg[15]'
INFO: [Synth 8-3333] propagating constant 0 across sequential element (inst/\PROBE_OUT_ALL_INST/Probe_out_reg_int_reg[15] )
INFO: [Synth 8-3332] Sequential element (PROBE_OUT_ALL_INST/G_PROBE_OUT[0].PROBE_OUT0_INST/data_int_reg[15]) is unused and will be removed from module vio_v3_0_17_vio.
INFO: [Synth 8-3332] Sequential element (PROBE_OUT_ALL_INST/G_PROBE_OUT[1].PROBE_OUT0_INST/data_int_reg[15]) is unused and will be removed from module vio_v3_0_17_vio.
INFO: [Synth 8-3332] Sequential element (PROBE_OUT_ALL_INST/G_PROBE_OUT[2].PROBE_OUT0_INST/data_int_reg[15]) is unused and will be removed from module vio_v3_0_17_vio.
INFO: [Synth 8-3332] Sequential element (PROBE_OUT_ALL_INST/G_PROBE_OUT[3].PROBE_OUT0_INST/data_int_reg[15]) is unused and will be removed from module vio_v3_0_17_vio.
INFO: [Synth 8-3332] Sequential element (PROBE_OUT_ALL_INST/G_PROBE_OUT[4].PROBE_OUT0_INST/data_int_reg[15]) is unused and will be removed from module vio_v3_0_17_vio.
INFO: [Synth 8-3332] Sequential element (PROBE_OUT_ALL_INST/G_PROBE_OUT[5].PROBE_OUT0_INST/data_int_reg[15]) is unused and will be removed from module vio_v3_0_17_vio.
INFO: [Synth 8-3332] Sequential element (DECODER_INST/wr_en_reg[3]) is unused and will be removed from module vio_v3_0_17_vio.
INFO: [Synth 8-3332] Sequential element (DECODER_INST/wr_en_reg[1]) is unused and will be removed from module vio_v3_0_17_vio.
INFO: [Synth 8-3332] Sequential element (DECODER_INST/wr_en_reg[0]) is unused and will be removed from module vio_v3_0_17_vio.
INFO: [Synth 8-3332] Sequential element (PROBE_OUT_WIDTH_INST/probe_width_int_reg[10]) is unused and will be removed from module vio_v3_0_17_vio.
INFO: [Synth 8-3332] Sequential element (PROBE_OUT_ALL_INST/Probe_out_reg_int_reg[15]) is unused and will be removed from module vio_v3_0_17_vio.
---------------------------------------------------------------------------------
Finished Cross Boundary and Area Optimization : Time (s): cpu = 00:00:33 ; elapsed = 00:00:35 . Memory (MB): peak = 744.555 ; gain = 486.758
---------------------------------------------------------------------------------

Report RTL Partitions: 
+-+--------------+------------+----------+
| |RTL Partition |Replication |Instances |
+-+--------------+------------+----------+
+-+--------------+------------+----------+
---------------------------------------------------------------------------------
Start Applying XDC Timing Constraints
---------------------------------------------------------------------------------
---------------------------------------------------------------------------------
Finished Applying XDC Timing Constraints : Time (s): cpu = 00:00:43 ; elapsed = 00:00:45 . Memory (MB): peak = 744.555 ; gain = 486.758
---------------------------------------------------------------------------------
---------------------------------------------------------------------------------
Start Timing Optimization
---------------------------------------------------------------------------------
---------------------------------------------------------------------------------
Finished Timing Optimization : Time (s): cpu = 00:00:43 ; elapsed = 00:00:45 . Memory (MB): peak = 744.555 ; gain = 486.758
---------------------------------------------------------------------------------

Report RTL Partitions: 
+-+--------------+------------+----------+
| |RTL Partition |Replication |Instances |
+-+--------------+------------+----------+
+-+--------------+------------+----------+
---------------------------------------------------------------------------------
Start Technology Mapping
---------------------------------------------------------------------------------
---------------------------------------------------------------------------------
Finished Technology Mapping : Time (s): cpu = 00:00:43 ; elapsed = 00:00:45 . Memory (MB): peak = 757.680 ; gain = 499.883
---------------------------------------------------------------------------------

Report RTL Partitions: 
+-+--------------+------------+----------+
| |RTL Partition |Replication |Instances |
+-+--------------+------------+----------+
+-+--------------+------------+----------+
---------------------------------------------------------------------------------
Start IO Insertion
---------------------------------------------------------------------------------
---------------------------------------------------------------------------------
Start Flattening Before IO Insertion
---------------------------------------------------------------------------------
---------------------------------------------------------------------------------
Finished Flattening Before IO Insertion
---------------------------------------------------------------------------------
---------------------------------------------------------------------------------
Start Final Netlist Cleanup
---------------------------------------------------------------------------------
---------------------------------------------------------------------------------
Finished Final Netlist Cleanup
---------------------------------------------------------------------------------
WARNING: [Synth 8-3295] tying undriven pin inst:sl_iport0[36] to constant 0
WARNING: [Synth 8-3295] tying undriven pin inst:sl_iport0[35] to constant 0
WARNING: [Synth 8-3295] tying undriven pin inst:sl_iport0[34] to constant 0
WARNING: [Synth 8-3295] tying undriven pin inst:sl_iport0[33] to constant 0
WARNING: [Synth 8-3295] tying undriven pin inst:sl_iport0[32] to constant 0
WARNING: [Synth 8-3295] tying undriven pin inst:sl_iport0[31] to constant 0
WARNING: [Synth 8-3295] tying undriven pin inst:sl_iport0[30] to constant 0
WARNING: [Synth 8-3295] tying undriven pin inst:sl_iport0[29] to constant 0
WARNING: [Synth 8-3295] tying undriven pin inst:sl_iport0[28] to constant 0
WARNING: [Synth 8-3295] tying undriven pin inst:sl_iport0[27] to constant 0
WARNING: [Synth 8-3295] tying undriven pin inst:sl_iport0[26] to constant 0
WARNING: [Synth 8-3295] tying undriven pin inst:sl_iport0[25] to constant 0
WARNING: [Synth 8-3295] tying undriven pin inst:sl_iport0[24] to constant 0
WARNING: [Synth 8-3295] tying undriven pin inst:sl_iport0[23] to constant 0
WARNING: [Synth 8-3295] tying undriven pin inst:sl_iport0[22] to constant 0
WARNING: [Synth 8-3295] tying undriven pin inst:sl_iport0[21] to constant 0
WARNING: [Synth 8-3295] tying undriven pin inst:sl_iport0[20] to constant 0
WARNING: [Synth 8-3295] tying undriven pin inst:sl_iport0[19] to constant 0
WARNING: [Synth 8-3295] tying undriven pin inst:sl_iport0[18] to constant 0
WARNING: [Synth 8-3295] tying undriven pin inst:sl_iport0[17] to constant 0
WARNING: [Synth 8-3295] tying undriven pin inst:sl_iport0[16] to constant 0
WARNING: [Synth 8-3295] tying undriven pin inst:sl_iport0[15] to constant 0
WARNING: [Synth 8-3295] tying undriven pin inst:sl_iport0[14] to constant 0
WARNING: [Synth 8-3295] tying undriven pin inst:sl_iport0[13] to constant 0
WARNING: [Synth 8-3295] tying undriven pin inst:sl_iport0[12] to constant 0
WARNING: [Synth 8-3295] tying undriven pin inst:sl_iport0[11] to constant 0
WARNING: [Synth 8-3295] tying undriven pin inst:sl_iport0[10] to constant 0
WARNING: [Synth 8-3295] tying undriven pin inst:sl_iport0[9] to constant 0
WARNING: [Synth 8-3295] tying undriven pin inst:sl_iport0[8] to constant 0
WARNING: [Synth 8-3295] tying undriven pin inst:sl_iport0[7] to constant 0
WARNING: [Synth 8-3295] tying undriven pin inst:sl_iport0[6] to constant 0
WARNING: [Synth 8-3295] tying undriven pin inst:sl_iport0[5] to constant 0
WARNING: [Synth 8-3295] tying undriven pin inst:sl_iport0[4] to constant 0
WARNING: [Synth 8-3295] tying undriven pin inst:sl_iport0[3] to constant 0
WARNING: [Synth 8-3295] tying undriven pin inst:sl_iport0[2] to constant 0
WARNING: [Synth 8-3295] tying undriven pin inst:sl_iport0[1] to constant 0
WARNING: [Synth 8-3295] tying undriven pin inst:sl_iport0[0] to constant 0
---------------------------------------------------------------------------------
Finished IO Insertion : Time (s): cpu = 00:00:44 ; elapsed = 00:00:46 . Memory (MB): peak = 757.680 ; gain = 499.883
---------------------------------------------------------------------------------

Report Check Netlist: 
+------+------------------+-------+---------+-------+------------------+
|      |Item              |Errors |Warnings |Status |Description       |
+------+------------------+-------+---------+-------+------------------+
|1     |multi_driven_nets |      0|        0|Passed |Multi driven nets |
+------+------------------+-------+---------+-------+------------------+
---------------------------------------------------------------------------------
Start Renaming Generated Instances
---------------------------------------------------------------------------------
---------------------------------------------------------------------------------
Finished Renaming Generated Instances : Time (s): cpu = 00:00:44 ; elapsed = 00:00:46 . Memory (MB): peak = 757.680 ; gain = 499.883
---------------------------------------------------------------------------------

Report RTL Partitions: 
+-+--------------+------------+----------+
| |RTL Partition |Replication |Instances |
+-+--------------+------------+----------+
+-+--------------+------------+----------+
---------------------------------------------------------------------------------
Start Rebuilding User Hierarchy
---------------------------------------------------------------------------------
---------------------------------------------------------------------------------
Finished Rebuilding User Hierarchy : Time (s): cpu = 00:00:44 ; elapsed = 00:00:46 . Memory (MB): peak = 757.680 ; gain = 499.883
---------------------------------------------------------------------------------
---------------------------------------------------------------------------------
Start Renaming Generated Ports
---------------------------------------------------------------------------------
---------------------------------------------------------------------------------
Finished Renaming Generated Ports : Time (s): cpu = 00:00:44 ; elapsed = 00:00:46 . Memory (MB): peak = 757.680 ; gain = 499.883
---------------------------------------------------------------------------------
---------------------------------------------------------------------------------
Start Handling Custom Attributes
---------------------------------------------------------------------------------
---------------------------------------------------------------------------------
Finished Handling Custom Attributes : Time (s): cpu = 00:00:44 ; elapsed = 00:00:46 . Memory (MB): peak = 757.680 ; gain = 499.883
---------------------------------------------------------------------------------
---------------------------------------------------------------------------------
Start Renaming Generated Nets
---------------------------------------------------------------------------------
---------------------------------------------------------------------------------
Finished Renaming Generated Nets : Time (s): cpu = 00:00:44 ; elapsed = 00:00:46 . Memory (MB): peak = 757.680 ; gain = 499.883
---------------------------------------------------------------------------------
---------------------------------------------------------------------------------
Start Writing Synthesis Report
---------------------------------------------------------------------------------

Report BlackBoxes: 
+-+--------------+----------+
| |BlackBox name |Instances |
+-+--------------+----------+
+-+--------------+----------+

Report Cell Usage: 
+------+-----+------+
|      |Cell |Count |
+------+-----+------+
|1     |LUT2 |     7|
|2     |LUT3 |    28|
|3     |LUT4 |    14|
|4     |LUT5 |    21|
|5     |LUT6 |    75|
|6     |FDRE |   337|
+------+-----+------+

Report Instance Areas: 
+------+---------------------------------------+----------------------------+------+
|      |Instance                               |Module                      |Cells |
+------+---------------------------------------+----------------------------+------+
|1     |top                                    |                            |   482|
|2     |  inst                                 |vio_v3_0_17_vio             |   482|
|3     |    U_XSDB_SLAVE                       |xsdbs_v1_0_2_xsdbs          |   248|
|4     |    DECODER_INST                       |vio_v3_0_17_decoder         |    74|
|5     |    PROBE_OUT_ALL_INST                 |vio_v3_0_17_probe_out_all   |   144|
|6     |      \G_PROBE_OUT[0].PROBE_OUT0_INST  |vio_v3_0_17_probe_out_one   |    16|
|7     |      \G_PROBE_OUT[1].PROBE_OUT0_INST  |vio_v3_0_17_probe_out_one_0 |    16|
|8     |      \G_PROBE_OUT[2].PROBE_OUT0_INST  |vio_v3_0_17_probe_out_one_1 |    16|
|9     |      \G_PROBE_OUT[3].PROBE_OUT0_INST  |vio_v3_0_17_probe_out_one_2 |    16|
|10    |      \G_PROBE_OUT[4].PROBE_OUT0_INST  |vio_v3_0_17_probe_out_one_3 |    16|
|11    |      \G_PROBE_OUT[5].PROBE_OUT0_INST  |vio_v3_0_17_probe_out_one_4 |    16|
+------+---------------------------------------+----------------------------+------+
---------------------------------------------------------------------------------
Finished Writing Synthesis Report : Time (s): cpu = 00:00:44 ; elapsed = 00:00:46 . Memory (MB): peak = 757.680 ; gain = 499.883
---------------------------------------------------------------------------------
Synthesis finished with 0 errors, 0 critical warnings and 293 warnings.
Synthesis Optimization Runtime : Time (s): cpu = 00:00:18 ; elapsed = 00:00:39 . Memory (MB): peak = 757.680 ; gain = 276.555
Synthesis Optimization Complete : Time (s): cpu = 00:00:44 ; elapsed = 00:00:46 . Memory (MB): peak = 757.680 ; gain = 499.883
INFO: [Project 1-571] Translating synthesized netlist
INFO: [Project 1-570] Preparing netlist for logic optimization
INFO: [Opt 31-138] Pushed 0 inverter(s) to 0 load pin(s).
INFO: [Project 1-111] Unisim Transformation Summary:
No Unisim elements were transformed.

INFO: [Common 17-83] Releasing license: Synthesis
120 Infos, 175 Warnings, 0 Critical Warnings and 0 Errors encountered.
synth_design completed successfully
synth_design: Time (s): cpu = 00:00:45 ; elapsed = 00:00:48 . Memory (MB): peak = 759.543 ; gain = 504.332
INFO: [Common 17-1381] The checkpoint 'C:/Projects/2017/Arty_RGB_RTL/Arty_RGB_RTL.runs/design_1_vio_0_0_synth_1/design_1_vio_0_0.dcp' has been generated.
