Copyright 1986-2017 Xilinx, Inc. All Rights Reserved.
---------------------------------------------------------------------------------------------------------------------------------------
| Tool Version : Vivado v.2017.4 (win64) Build 2086221 Fri Dec 15 20:55:39 MST 2017
| Date         : Mon Apr  2 21:39:01 2018
| Host         : DESKTOP-CL37U4I running 64-bit major release  (build 9200)
| Command      : report_drc -file design_2_wrapper_drc_opted.rpt -pb design_2_wrapper_drc_opted.pb -rpx design_2_wrapper_drc_opted.rpx
| Design       : design_2_wrapper
| Device       : xc7s50csga324-1
| Speed File   : -1
| Design State : Synthesized
---------------------------------------------------------------------------------------------------------------------------------------

Report DRC

Table of Contents
-----------------
1. REPORT SUMMARY
2. REPORT DETAILS

1. REPORT SUMMARY
-----------------
            Netlist: netlist
          Floorplan: design_1
      Design limits: <entire design considered>
           Ruledeck: default
             Max violations: <unlimited>
             Violations found: 5
+-----------+----------+------------------------+------------+
| Rule      | Severity | Description            | Violations |
+-----------+----------+------------------------+------------+
| DPIP-1    | Warning  | Input pipelining       | 4          |
| REQP-1709 | Warning  | Clock output buffering | 1          |
+-----------+----------+------------------------+------------+

2. REPORT DETAILS
-----------------
DPIP-1#1 Warning
Input pipelining  
DSP design_2_i/microblaze_0/U0/MicroBlaze_Core_I/Area.Core/Data_Flow_I/mul_unit_I/Use_HW_MUL.Using_DSP48_Architectures.No_MUL64.dsp_module_I2/Using_DSP48E1.DSP48E1_I1/Using_FPGA.DSP48E1_I1 input design_2_i/microblaze_0/U0/MicroBlaze_Core_I/Area.Core/Data_Flow_I/mul_unit_I/Use_HW_MUL.Using_DSP48_Architectures.No_MUL64.dsp_module_I2/Using_DSP48E1.DSP48E1_I1/Using_FPGA.DSP48E1_I1/A[29:0] is not pipelined. Pipelining DSP48 input will improve performance.
Related violations: <none>

DPIP-1#2 Warning
Input pipelining  
DSP design_2_i/microblaze_0/U0/MicroBlaze_Core_I/Area.Core/Data_Flow_I/mul_unit_I/Use_HW_MUL.Using_DSP48_Architectures.No_MUL64.dsp_module_I2/Using_DSP48E1.DSP48E1_I1/Using_FPGA.DSP48E1_I1 input design_2_i/microblaze_0/U0/MicroBlaze_Core_I/Area.Core/Data_Flow_I/mul_unit_I/Use_HW_MUL.Using_DSP48_Architectures.No_MUL64.dsp_module_I2/Using_DSP48E1.DSP48E1_I1/Using_FPGA.DSP48E1_I1/B[17:0] is not pipelined. Pipelining DSP48 input will improve performance.
Related violations: <none>

DPIP-1#3 Warning
Input pipelining  
DSP design_2_i/microblaze_0/U0/MicroBlaze_Core_I/Area.Core/Data_Flow_I/mul_unit_I/Use_HW_MUL.Using_DSP48_Architectures.dsp_module_I1/Using_DSP48E1.DSP48E1_I1/Using_FPGA.DSP48E1_I1 input design_2_i/microblaze_0/U0/MicroBlaze_Core_I/Area.Core/Data_Flow_I/mul_unit_I/Use_HW_MUL.Using_DSP48_Architectures.dsp_module_I1/Using_DSP48E1.DSP48E1_I1/Using_FPGA.DSP48E1_I1/A[29:0] is not pipelined. Pipelining DSP48 input will improve performance.
Related violations: <none>

DPIP-1#4 Warning
Input pipelining  
DSP design_2_i/microblaze_0/U0/MicroBlaze_Core_I/Area.Core/Data_Flow_I/mul_unit_I/Use_HW_MUL.Using_DSP48_Architectures.dsp_module_I1/Using_DSP48E1.DSP48E1_I1/Using_FPGA.DSP48E1_I1 input design_2_i/microblaze_0/U0/MicroBlaze_Core_I/Area.Core/Data_Flow_I/mul_unit_I/Use_HW_MUL.Using_DSP48_Architectures.dsp_module_I1/Using_DSP48E1.DSP48E1_I1/Using_FPGA.DSP48E1_I1/B[17:0] is not pipelined. Pipelining DSP48 input will improve performance.
Related violations: <none>

REQP-1709#1 Warning
Clock output buffering  
PLLE2_ADV connectivity violation. The signal design_2_i/mig_7series_0/u_design_2_mig_7series_0_0_mig/u_ddr3_infrastructure/pll_clk3_out on the design_2_i/mig_7series_0/u_design_2_mig_7series_0_0_mig/u_ddr3_infrastructure/plle2_i/CLKOUT3 pin of design_2_i/mig_7series_0/u_design_2_mig_7series_0_0_mig/u_ddr3_infrastructure/plle2_i does not drive the same kind of BUFFER load as the other CLKOUT pins. Routing from the different buffer types will not be phase aligned.
Related violations: <none>


