#-----------------------------------------------------------
# Webtalk v2017.4 (64-bit)
# SW Build 2086221 on Fri Dec 15 20:55:39 MST 2017
# 
# Start of session at: Sun Apr  1 14:25:56 2018
# Process ID: 828
# Current directory: C:/Projects/2017/S7_system/S7_system.sdk/webtalk
# Command line: wbtcv.exe -mode batch -source sdk_webtalk.tcl
# Log file: C:/Projects/2017/S7_system/S7_system.sdk/webtalk/webtalk.log
# Journal file: C:/Projects/2017/S7_system/S7_system.sdk/webtalk\webtalk.jou
#-----------------------------------------------------------
source sdk_webtalk.tcl
# webtalk_init -webtalk_dir C:\\Projects\\2017\\S7_system\\S7_system.sdk\\webtalk
# webtalk_register_client -client project
# webtalk_add_data -client project -key date_generated -value "2018-04-01 14:25:55" -context "software_version_and_target_device"
# webtalk_add_data -client project -key product_version -value "SDK v2017.4" -context "software_version_and_target_device"
# webtalk_add_data -client project -key build_version -value "2017.4" -context "software_version_and_target_device"
# webtalk_add_data -client project -key os_platform -value "amd64" -context "software_version_and_target_device"
# webtalk_add_data -client project -key registration_id -value "" -context "software_version_and_target_device"
# webtalk_add_data -client project -key tool_flow -value "SDK" -context "software_version_and_target_device"
# webtalk_add_data -client project -key beta -value "false" -context "software_version_and_target_device"
# webtalk_add_data -client project -key route_design -value "NA" -context "software_version_and_target_device"
# webtalk_add_data -client project -key target_family -value "NA" -context "software_version_and_target_device"
# webtalk_add_data -client project -key target_device -value "NA" -context "software_version_and_target_device"
# webtalk_add_data -client project -key target_package -value "NA" -context "software_version_and_target_device"
# webtalk_add_data -client project -key target_speed -value "NA" -context "software_version_and_target_device"
# webtalk_add_data -client project -key random_id -value "fqejt101giiifrp4vq507s00ce" -context "software_version_and_target_device"
# webtalk_add_data -client project -key project_id -value "2017.4_9" -context "software_version_and_target_device"
# webtalk_add_data -client project -key project_iteration -value "9" -context "software_version_and_target_device"
# webtalk_add_data -client project -key os_name -value "Microsoft Windows 8 or later , 64-bit" -context "user_environment"
# webtalk_add_data -client project -key os_release -value "major release  (build 9200)" -context "user_environment"
# webtalk_add_data -client project -key cpu_name -value "Intel(R) Core(TM) i7-7700HQ CPU @ 2.80GHz" -context "user_environment"
# webtalk_add_data -client project -key cpu_speed -value "2808 MHz" -context "user_environment"
# webtalk_add_data -client project -key total_processors -value "1" -context "user_environment"
# webtalk_add_data -client project -key system_ram -value "34.188 GB" -context "user_environment"
# webtalk_register_client -client sdk
# webtalk_add_data -client sdk -key uid -value "1522583739619" -context "sdk\\\\hardware/1522583739619"
# webtalk_add_data -client sdk -key isZynq -value "false" -context "sdk\\\\hardware/1522583739619"
# webtalk_add_data -client sdk -key isZynqMP -value "false" -context "sdk\\\\hardware/1522583739619"
# webtalk_add_data -client sdk -key Processors -value "1" -context "sdk\\\\hardware/1522583739619"
# webtalk_add_data -client sdk -key VivadoVersion -value "2017.4" -context "sdk\\\\hardware/1522583739619"
# webtalk_add_data -client sdk -key Arch -value "spartan7" -context "sdk\\\\hardware/1522583739619"
# webtalk_add_data -client sdk -key Device -value "7s50" -context "sdk\\\\hardware/1522583739619"
# webtalk_add_data -client sdk -key IsHandoff -value "true" -context "sdk\\\\hardware/1522583739619"
# webtalk_add_data -client sdk -key os -value "NA" -context "sdk\\\\hardware/1522583739619"
# webtalk_add_data -client sdk -key apptemplate -value "NA" -context "sdk\\\\hardware/1522583739619"
# webtalk_add_data -client sdk -key RecordType -value "HWCreation" -context "sdk\\\\hardware/1522583739619"
# webtalk_add_data -client sdk -key uid -value "1522583769299" -context "sdk\\\\bsp/1522583769299"
# webtalk_add_data -client sdk -key hwid -value "1522583739619" -context "sdk\\\\bsp/1522583769299"
# webtalk_add_data -client sdk -key os -value "standalone" -context "sdk\\\\bsp/1522583769299"
# webtalk_add_data -client sdk -key apptemplate -value "hello_world" -context "sdk\\\\bsp/1522583769299"
# webtalk_add_data -client sdk -key RecordType -value "BSPCreation" -context "sdk\\\\bsp/1522583769299"
# webtalk_add_data -client sdk -key uid -value "1522583771701" -context "sdk\\\\application/1522583771701"
# webtalk_add_data -client sdk -key hwid -value "1522583739619" -context "sdk\\\\application/1522583771701"
# webtalk_add_data -client sdk -key bspid -value "1522583769299" -context "sdk\\\\application/1522583771701"
# webtalk_add_data -client sdk -key newbsp -value "true" -context "sdk\\\\application/1522583771701"
# webtalk_add_data -client sdk -key os -value "standalone" -context "sdk\\\\application/1522583771701"
# webtalk_add_data -client sdk -key apptemplate -value "hello_world" -context "sdk\\\\application/1522583771701"
# webtalk_add_data -client sdk -key RecordType -value "APPCreation" -context "sdk\\\\application/1522583771701"
# webtalk_add_data -client sdk -key LangUsed -value "C" -context "sdk\\\\application/1522583771701"
# webtalk_add_data -client sdk -key Procused -value "microblaze" -context "sdk\\\\application/1522583771701"
# webtalk_add_data -client sdk -key projSize -value "78.33984375" -context "sdk\\\\application/1522583771701"
# webtalk_add_data -client sdk -key uid -value "NA" -context "sdk\\\\bsp/1522585555411"
# webtalk_add_data -client sdk -key RecordType -value "ToolUsage" -context "sdk\\\\bsp/1522585555411"
# webtalk_add_data -client sdk -key BootgenCount -value "0" -context "sdk\\\\bsp/1522585555411"
# webtalk_add_data -client sdk -key DebugCount -value "4" -context "sdk\\\\bsp/1522585555411"
# webtalk_add_data -client sdk -key PerfCount -value "0" -context "sdk\\\\bsp/1522585555411"
# webtalk_add_data -client sdk -key FlashCount -value "0" -context "sdk\\\\bsp/1522585555411"
# webtalk_add_data -client sdk -key CrossTriggCount -value "0" -context "sdk\\\\bsp/1522585555411"
# webtalk_add_data -client sdk -key QemuDebugCount -value "0" -context "sdk\\\\bsp/1522585555411"
# webtalk_transmit -clientid 1123564926 -regid "" -xml C:\\Projects\\2017\\S7_system\\S7_system.sdk\\webtalk\\usage_statistics_ext_sdk.xml -html C:\\Projects\\2017\\S7_system\\S7_system.sdk\\webtalk\\usage_statistics_ext_sdk.html -wdm C:\\Projects\\2017\\S7_system\\S7_system.sdk\\webtalk\\sdk_webtalk.wdm -intro "<H3>SDK Usage Report</H3><BR>"
# webtalk_terminate
INFO: [Common 17-206] Exiting Webtalk at Sun Apr  1 14:25:58 2018...
