#-----------------------------------------------------------
# Vivado v2017.4 (64-bit)
# SW Build 2086221 on Fri Dec 15 20:55:39 MST 2017
# IP Build 2085800 on Fri Dec 15 22:25:07 MST 2017
# Start of session at: Sat Apr  7 13:38:13 2018
# Process ID: 9112
# Current directory: D:/Workspaces/Xilinx/ip_test/Arty_RGB_RTL
# Command line: vivado.exe -gui_launcher_event rodinguilauncherevent14612 D:\Workspaces\Xilinx\ip_test\Arty_RGB_RTL\Arty_RGB_RTL.xpr
# Log file: D:/Workspaces/Xilinx/ip_test/Arty_RGB_RTL/vivado.log
# Journal file: D:/Workspaces/Xilinx/ip_test/Arty_RGB_RTL\vivado.jou
#-----------------------------------------------------------
start_gui
open_project D:/Workspaces/Xilinx/ip_test/Arty_RGB_RTL/Arty_RGB_RTL.xpr
INFO: [Project 1-313] Project file moved from 'C:/Projects/2017/Arty_RGB_RTL' since last save.
Scanning sources...
Finished scanning sources
WARNING: [filemgmt 56-2] IP Repository Path: Could not find the directory 'D:/Workspaces/Xilinx/ip_test/ip_repo', nor could it be found using path 'C:/Projects/2017/ip_repo'.
INFO: [IP_Flow 19-234] Refreshing IP repositories
WARNING: [IP_Flow 19-2248] Failed to load user IP repository 'd:/Workspaces/Xilinx/ip_test/ip_repo'; Can't find the specified path.
If this directory should no longer be in your list of user repositories, go to the IP Settings dialog and remove it.
INFO: [IP_Flow 19-2313] Loaded Vivado IP repository 'D:/Xilinx/Vivado/2017.4/data/ip'.
WARNING: [BD 41-1661] One or more IPs have been locked in the design 'design_1.bd'. Please run report_ip_status for more details and recommendations on how to fix this issue.
List of locked IPs:
design_1_Arty_RGB_RTL_0_0

open_project: Time (s): cpu = 00:00:46 ; elapsed = 00:00:19 . Memory (MB): peak = 820.664 ; gain = 120.715
update_compile_order -fileset sources_1
exit
INFO: [Common 17-206] Exiting Vivado at Sat Apr  7 13:40:14 2018...
