
*** Running vivado
    with args -log design_1_wrapper.vdi -applog -m64 -product Vivado -messageDb vivado.pb -mode batch -source design_1_wrapper.tcl -notrace


****** Vivado v2017.4 (64-bit)
  **** SW Build 2086221 on Fri Dec 15 20:55:39 MST 2017
  **** IP Build 2085800 on Fri Dec 15 22:25:07 MST 2017
    ** Copyright 1986-2017 Xilinx, Inc. All Rights Reserved.

source design_1_wrapper.tcl -notrace
INFO: [IP_Flow 19-234] Refreshing IP repositories
INFO: [IP_Flow 19-1700] Loaded user IP repository 'c:/Projects/2017/ip_repo'.
INFO: [IP_Flow 19-2313] Loaded Vivado IP repository 'C:/Xilinx/Vivado/2017.4/data/ip'.
Command: link_design -top design_1_wrapper -part xc7s50csga324-1
Design is defaulting to srcset: sources_1
Design is defaulting to constrset: constrs_1
INFO: [Project 1-454] Reading design checkpoint 'c:/Projects/2017/Arty_RGB_AXI/Arty_RGB_AXI.srcs/sources_1/bd/design_1/ip/design_1_Arty_RGB_AXI_0_0/design_1_Arty_RGB_AXI_0_0.dcp' for cell 'design_1_i/Arty_RGB_AXI_0'
INFO: [Project 1-454] Reading design checkpoint 'c:/Projects/2017/Arty_RGB_AXI/Arty_RGB_AXI.srcs/sources_1/bd/design_1/ip/design_1_clk_wiz_0_0/design_1_clk_wiz_0_0.dcp' for cell 'design_1_i/clk_wiz_0'
INFO: [Project 1-454] Reading design checkpoint 'c:/Projects/2017/Arty_RGB_AXI/Arty_RGB_AXI.srcs/sources_1/bd/design_1/ip/design_1_mdm_1_0/design_1_mdm_1_0.dcp' for cell 'design_1_i/mdm_1'
INFO: [Project 1-454] Reading design checkpoint 'c:/Projects/2017/Arty_RGB_AXI/Arty_RGB_AXI.srcs/sources_1/bd/design_1/ip/design_1_microblaze_0_0/design_1_microblaze_0_0.dcp' for cell 'design_1_i/microblaze_0'
INFO: [Project 1-454] Reading design checkpoint 'c:/Projects/2017/Arty_RGB_AXI/Arty_RGB_AXI.srcs/sources_1/bd/design_1/ip/design_1_rst_clk_wiz_0_100M_0/design_1_rst_clk_wiz_0_100M_0.dcp' for cell 'design_1_i/rst_clk_wiz_0_100M'
INFO: [Project 1-454] Reading design checkpoint 'c:/Projects/2017/Arty_RGB_AXI/Arty_RGB_AXI.srcs/sources_1/bd/design_1/ip/design_1_dlmb_bram_if_cntlr_0/design_1_dlmb_bram_if_cntlr_0.dcp' for cell 'design_1_i/microblaze_0_local_memory/dlmb_bram_if_cntlr'
INFO: [Project 1-454] Reading design checkpoint 'c:/Projects/2017/Arty_RGB_AXI/Arty_RGB_AXI.srcs/sources_1/bd/design_1/ip/design_1_dlmb_v10_0/design_1_dlmb_v10_0.dcp' for cell 'design_1_i/microblaze_0_local_memory/dlmb_v10'
INFO: [Project 1-454] Reading design checkpoint 'c:/Projects/2017/Arty_RGB_AXI/Arty_RGB_AXI.srcs/sources_1/bd/design_1/ip/design_1_ilmb_bram_if_cntlr_0/design_1_ilmb_bram_if_cntlr_0.dcp' for cell 'design_1_i/microblaze_0_local_memory/ilmb_bram_if_cntlr'
INFO: [Project 1-454] Reading design checkpoint 'c:/Projects/2017/Arty_RGB_AXI/Arty_RGB_AXI.srcs/sources_1/bd/design_1/ip/design_1_ilmb_v10_0/design_1_ilmb_v10_0.dcp' for cell 'design_1_i/microblaze_0_local_memory/ilmb_v10'
INFO: [Project 1-454] Reading design checkpoint 'c:/Projects/2017/Arty_RGB_AXI/Arty_RGB_AXI.srcs/sources_1/bd/design_1/ip/design_1_lmb_bram_0/design_1_lmb_bram_0.dcp' for cell 'design_1_i/microblaze_0_local_memory/lmb_bram'
INFO: [Netlist 29-17] Analyzing 254 Unisim elements for replacement
INFO: [Netlist 29-28] Unisim Transformation completed in 0 CPU seconds
INFO: [Project 1-479] Netlist was created with Vivado 2017.4
INFO: [Device 21-403] Loading part xc7s50csga324-1
INFO: [Project 1-570] Preparing netlist for logic optimization
Parsing XDC File [c:/Projects/2017/Arty_RGB_AXI/Arty_RGB_AXI.srcs/sources_1/bd/design_1/ip/design_1_clk_wiz_0_0/design_1_clk_wiz_0_0_board.xdc] for cell 'design_1_i/clk_wiz_0/inst'
Finished Parsing XDC File [c:/Projects/2017/Arty_RGB_AXI/Arty_RGB_AXI.srcs/sources_1/bd/design_1/ip/design_1_clk_wiz_0_0/design_1_clk_wiz_0_0_board.xdc] for cell 'design_1_i/clk_wiz_0/inst'
Parsing XDC File [c:/Projects/2017/Arty_RGB_AXI/Arty_RGB_AXI.srcs/sources_1/bd/design_1/ip/design_1_clk_wiz_0_0/design_1_clk_wiz_0_0.xdc] for cell 'design_1_i/clk_wiz_0/inst'
INFO: [Timing 38-35] Done setting XDC timing constraints. [c:/Projects/2017/Arty_RGB_AXI/Arty_RGB_AXI.srcs/sources_1/bd/design_1/ip/design_1_clk_wiz_0_0/design_1_clk_wiz_0_0.xdc:57]
INFO: [Timing 38-2] Deriving generated clocks [c:/Projects/2017/Arty_RGB_AXI/Arty_RGB_AXI.srcs/sources_1/bd/design_1/ip/design_1_clk_wiz_0_0/design_1_clk_wiz_0_0.xdc:57]
get_clocks: Time (s): cpu = 00:00:10 ; elapsed = 00:00:11 . Memory (MB): peak = 1105.910 ; gain = 473.535
WARNING: [Vivado 12-2489] -input_jitter contains time 0.833330 which will be rounded to 0.833 to ensure it is an integer multiple of 1 picosecond [c:/Projects/2017/Arty_RGB_AXI/Arty_RGB_AXI.srcs/sources_1/bd/design_1/ip/design_1_clk_wiz_0_0/design_1_clk_wiz_0_0.xdc:57]
Finished Parsing XDC File [c:/Projects/2017/Arty_RGB_AXI/Arty_RGB_AXI.srcs/sources_1/bd/design_1/ip/design_1_clk_wiz_0_0/design_1_clk_wiz_0_0.xdc] for cell 'design_1_i/clk_wiz_0/inst'
Parsing XDC File [c:/Projects/2017/Arty_RGB_AXI/Arty_RGB_AXI.srcs/sources_1/bd/design_1/ip/design_1_microblaze_0_0/design_1_microblaze_0_0.xdc] for cell 'design_1_i/microblaze_0/U0'
Finished Parsing XDC File [c:/Projects/2017/Arty_RGB_AXI/Arty_RGB_AXI.srcs/sources_1/bd/design_1/ip/design_1_microblaze_0_0/design_1_microblaze_0_0.xdc] for cell 'design_1_i/microblaze_0/U0'
Parsing XDC File [c:/Projects/2017/Arty_RGB_AXI/Arty_RGB_AXI.srcs/sources_1/bd/design_1/ip/design_1_mdm_1_0/design_1_mdm_1_0.xdc] for cell 'design_1_i/mdm_1/U0'
Finished Parsing XDC File [c:/Projects/2017/Arty_RGB_AXI/Arty_RGB_AXI.srcs/sources_1/bd/design_1/ip/design_1_mdm_1_0/design_1_mdm_1_0.xdc] for cell 'design_1_i/mdm_1/U0'
Parsing XDC File [c:/Projects/2017/Arty_RGB_AXI/Arty_RGB_AXI.srcs/sources_1/bd/design_1/ip/design_1_rst_clk_wiz_0_100M_0/design_1_rst_clk_wiz_0_100M_0_board.xdc] for cell 'design_1_i/rst_clk_wiz_0_100M/U0'
Finished Parsing XDC File [c:/Projects/2017/Arty_RGB_AXI/Arty_RGB_AXI.srcs/sources_1/bd/design_1/ip/design_1_rst_clk_wiz_0_100M_0/design_1_rst_clk_wiz_0_100M_0_board.xdc] for cell 'design_1_i/rst_clk_wiz_0_100M/U0'
Parsing XDC File [c:/Projects/2017/Arty_RGB_AXI/Arty_RGB_AXI.srcs/sources_1/bd/design_1/ip/design_1_rst_clk_wiz_0_100M_0/design_1_rst_clk_wiz_0_100M_0.xdc] for cell 'design_1_i/rst_clk_wiz_0_100M/U0'
Finished Parsing XDC File [c:/Projects/2017/Arty_RGB_AXI/Arty_RGB_AXI.srcs/sources_1/bd/design_1/ip/design_1_rst_clk_wiz_0_100M_0/design_1_rst_clk_wiz_0_100M_0.xdc] for cell 'design_1_i/rst_clk_wiz_0_100M/U0'
Parsing XDC File [c:/Projects/2017/Arty_RGB_AXI/Arty_RGB_AXI.srcs/sources_1/bd/design_1/ip/design_1_dlmb_v10_0/design_1_dlmb_v10_0.xdc] for cell 'design_1_i/microblaze_0_local_memory/dlmb_v10/U0'
Finished Parsing XDC File [c:/Projects/2017/Arty_RGB_AXI/Arty_RGB_AXI.srcs/sources_1/bd/design_1/ip/design_1_dlmb_v10_0/design_1_dlmb_v10_0.xdc] for cell 'design_1_i/microblaze_0_local_memory/dlmb_v10/U0'
Parsing XDC File [c:/Projects/2017/Arty_RGB_AXI/Arty_RGB_AXI.srcs/sources_1/bd/design_1/ip/design_1_ilmb_v10_0/design_1_ilmb_v10_0.xdc] for cell 'design_1_i/microblaze_0_local_memory/ilmb_v10/U0'
Finished Parsing XDC File [c:/Projects/2017/Arty_RGB_AXI/Arty_RGB_AXI.srcs/sources_1/bd/design_1/ip/design_1_ilmb_v10_0/design_1_ilmb_v10_0.xdc] for cell 'design_1_i/microblaze_0_local_memory/ilmb_v10/U0'
Parsing XDC File [C:/Projects/2017/Arty_RGB_AXI/Arty_RGB_AXI.srcs/constrs_1/imports/Desktop/Arty-S7-50-Master.xdc]
Finished Parsing XDC File [C:/Projects/2017/Arty_RGB_AXI/Arty_RGB_AXI.srcs/constrs_1/imports/Desktop/Arty-S7-50-Master.xdc]
INFO: [Opt 31-138] Pushed 0 inverter(s) to 0 load pin(s).
Generating merged BMM file for the design top 'design_1_wrapper'...
INFO: [Memdata 28-144] Successfully populated the BRAM INIT strings from the following elf files: c:/Projects/2017/Arty_RGB_AXI/Arty_RGB_AXI.srcs/sources_1/bd/design_1/ip/design_1_microblaze_0_0/data/mb_bootloop_le.elf 
INFO: [Project 1-111] Unisim Transformation Summary:
  A total of 96 instances were transformed.
  LUT6_2 => LUT6_2 (LUT5, LUT6): 80 instances
  RAM32M => RAM32M (RAMD32, RAMD32, RAMD32, RAMD32, RAMD32, RAMD32, RAMS32, RAMS32): 16 instances

23 Infos, 3 Warnings, 0 Critical Warnings and 0 Errors encountered.
link_design completed successfully
link_design: Time (s): cpu = 00:00:18 ; elapsed = 00:00:22 . Memory (MB): peak = 1105.910 ; gain = 840.332
Command: opt_design
Attempting to get a license for feature 'Implementation' and/or device 'xc7s50'
INFO: [Common 17-349] Got license for feature 'Implementation' and/or device 'xc7s50'
Running DRC as a precondition to command opt_design

Starting DRC Task
INFO: [DRC 23-27] Running DRC with 2 threads
INFO: [Project 1-461] DRC finished with 0 Errors
INFO: [Project 1-462] Please refer to the DRC report (report_drc) for more information.

Time (s): cpu = 00:00:02 ; elapsed = 00:00:00.640 . Memory (MB): peak = 1105.910 ; gain = 0.000
INFO: [Timing 38-35] Done setting XDC timing constraints.
INFO: [Timing 38-2] Deriving generated clocks

Starting Logic Optimization Task

Phase 1 Retarget
INFO: [Opt 31-138] Pushed 2 inverter(s) to 2 load pin(s).
INFO: [Opt 31-49] Retargeted 0 cell(s).
Phase 1 Retarget | Checksum: 19ebe11cc

Time (s): cpu = 00:00:01 ; elapsed = 00:00:00.525 . Memory (MB): peak = 1117.250 ; gain = 0.000
INFO: [Opt 31-389] Phase Retarget created 21 cells and removed 45 cells

Phase 2 Constant propagation
INFO: [Opt 31-138] Pushed 1 inverter(s) to 1 load pin(s).
Phase 2 Constant propagation | Checksum: 1accf9d02

Time (s): cpu = 00:00:01 ; elapsed = 00:00:00.667 . Memory (MB): peak = 1117.250 ; gain = 0.000
INFO: [Opt 31-389] Phase Constant propagation created 25 cells and removed 128 cells

Phase 3 Sweep
Phase 3 Sweep | Checksum: 17217eb9e

Time (s): cpu = 00:00:02 ; elapsed = 00:00:02 . Memory (MB): peak = 1117.250 ; gain = 0.000
INFO: [Opt 31-389] Phase Sweep created 0 cells and removed 631 cells

Phase 4 BUFG optimization
Phase 4 BUFG optimization | Checksum: 17217eb9e

Time (s): cpu = 00:00:02 ; elapsed = 00:00:02 . Memory (MB): peak = 1117.250 ; gain = 0.000
INFO: [Opt 31-389] Phase BUFG optimization created 0 cells and removed 0 cells

Phase 5 Shift Register Optimization
Phase 5 Shift Register Optimization | Checksum: 17217eb9e

Time (s): cpu = 00:00:02 ; elapsed = 00:00:02 . Memory (MB): peak = 1117.250 ; gain = 0.000
INFO: [Opt 31-389] Phase Shift Register Optimization created 0 cells and removed 0 cells

Starting Connectivity Check Task

Time (s): cpu = 00:00:00 ; elapsed = 00:00:00.008 . Memory (MB): peak = 1117.250 ; gain = 0.000
Ending Logic Optimization Task | Checksum: 174976d1e

Time (s): cpu = 00:00:02 ; elapsed = 00:00:02 . Memory (MB): peak = 1117.250 ; gain = 0.000

Starting Power Optimization Task
INFO: [Pwropt 34-132] Skipping clock gating for clocks with a period < 2.00 ns.
INFO: [Pwropt 34-9] Applying IDT optimizations ...
INFO: [Pwropt 34-10] Applying ODC optimizations ...
INFO: [Timing 38-35] Done setting XDC timing constraints.
INFO: [Physopt 32-619] Estimated Timing Summary | WNS=3.965 | TNS=0.000 |
Running Vector-less Activity Propagation...

Finished Running Vector-less Activity Propagation


Starting PowerOpt Patch Enables Task
INFO: [Pwropt 34-162] WRITE_MODE attribute of 0 BRAM(s) out of a total of 2 has been updated to save power. Run report_power_opt to get a complete listing of the BRAMs updated.
INFO: [Pwropt 34-201] Structural ODC has moved 0 WE to EN ports
Number of BRAM Ports augmented: 0 newly gated: 0 Total Ports: 4
Ending PowerOpt Patch Enables Task | Checksum: 19da38b47

Time (s): cpu = 00:00:00 ; elapsed = 00:00:00.029 . Memory (MB): peak = 1276.121 ; gain = 0.000
Ending Power Optimization Task | Checksum: 19da38b47

Time (s): cpu = 00:00:03 ; elapsed = 00:00:02 . Memory (MB): peak = 1276.121 ; gain = 158.871
INFO: [Common 17-83] Releasing license: Implementation
45 Infos, 3 Warnings, 0 Critical Warnings and 0 Errors encountered.
opt_design completed successfully
Writing placer database...
Writing XDEF routing.
Writing XDEF routing logical nets.
Writing XDEF routing special nets.
Write XDEF Complete: Time (s): cpu = 00:00:00 ; elapsed = 00:00:00.037 . Memory (MB): peak = 1276.121 ; gain = 0.000
INFO: [Common 17-1381] The checkpoint 'C:/Projects/2017/Arty_RGB_AXI/Arty_RGB_AXI.runs/impl_1/design_1_wrapper_opt.dcp' has been generated.
INFO: [runtcl-4] Executing : report_drc -file design_1_wrapper_drc_opted.rpt -pb design_1_wrapper_drc_opted.pb -rpx design_1_wrapper_drc_opted.rpx
Command: report_drc -file design_1_wrapper_drc_opted.rpt -pb design_1_wrapper_drc_opted.pb -rpx design_1_wrapper_drc_opted.rpx
INFO: [IP_Flow 19-1839] IP Catalog is up to date.
INFO: [DRC 23-27] Running DRC with 2 threads
INFO: [Coretcl 2-168] The results of DRC are in file C:/Projects/2017/Arty_RGB_AXI/Arty_RGB_AXI.runs/impl_1/design_1_wrapper_drc_opted.rpt.
report_drc completed successfully
INFO: [Chipscope 16-241] No debug cores found in the current design.
Before running the implement_debug_core command, either use the Set Up Debug wizard (GUI mode)
or use the create_debug_core and connect_debug_core Tcl commands to insert debug cores into the design.
Command: place_design
Attempting to get a license for feature 'Implementation' and/or device 'xc7s50'
INFO: [Common 17-349] Got license for feature 'Implementation' and/or device 'xc7s50'
INFO: [DRC 23-27] Running DRC with 2 threads
INFO: [Vivado_Tcl 4-198] DRC finished with 0 Errors
INFO: [Vivado_Tcl 4-199] Please refer to the DRC report (report_drc) for more information.
Running DRC as a precondition to command place_design
INFO: [DRC 23-27] Running DRC with 2 threads
INFO: [Vivado_Tcl 4-198] DRC finished with 0 Errors
INFO: [Vivado_Tcl 4-199] Please refer to the DRC report (report_drc) for more information.

Starting Placer Task
INFO: [Place 30-611] Multithreading enabled for place_design using a maximum of 2 CPUs

Phase 1 Placer Initialization

Phase 1.1 Placer Initialization Netlist Sorting
Netlist sorting complete. Time (s): cpu = 00:00:00 ; elapsed = 00:00:00.018 . Memory (MB): peak = 1276.121 ; gain = 0.000
Phase 1.1 Placer Initialization Netlist Sorting | Checksum: b2ffb68d

Time (s): cpu = 00:00:00 ; elapsed = 00:00:00.020 . Memory (MB): peak = 1276.121 ; gain = 0.000
INFO: [Timing 38-35] Done setting XDC timing constraints.
INFO: [Opt 31-138] Pushed 0 inverter(s) to 0 load pin(s).
Netlist sorting complete. Time (s): cpu = 00:00:00 ; elapsed = 00:00:00.017 . Memory (MB): peak = 1276.121 ; gain = 0.000

Phase 1.2 IO Placement/ Clock Placement/ Build Placer Device
INFO: [Timing 38-35] Done setting XDC timing constraints.
Phase 1.2 IO Placement/ Clock Placement/ Build Placer Device | Checksum: f369b348

Time (s): cpu = 00:00:01 ; elapsed = 00:00:01 . Memory (MB): peak = 1276.121 ; gain = 0.000

Phase 1.3 Build Placer Netlist Model
Phase 1.3 Build Placer Netlist Model | Checksum: 1a6b44d3c

Time (s): cpu = 00:00:02 ; elapsed = 00:00:02 . Memory (MB): peak = 1276.121 ; gain = 0.000

Phase 1.4 Constrain Clocks/Macros
Phase 1.4 Constrain Clocks/Macros | Checksum: 1a6b44d3c

Time (s): cpu = 00:00:02 ; elapsed = 00:00:02 . Memory (MB): peak = 1276.121 ; gain = 0.000
Phase 1 Placer Initialization | Checksum: 1a6b44d3c

Time (s): cpu = 00:00:02 ; elapsed = 00:00:02 . Memory (MB): peak = 1276.121 ; gain = 0.000

Phase 2 Global Placement
Phase 2 Global Placement | Checksum: 1905d57b2

Time (s): cpu = 00:00:07 ; elapsed = 00:00:04 . Memory (MB): peak = 1276.121 ; gain = 0.000

Phase 3 Detail Placement

Phase 3.1 Commit Multi Column Macros
Phase 3.1 Commit Multi Column Macros | Checksum: 1905d57b2

Time (s): cpu = 00:00:07 ; elapsed = 00:00:04 . Memory (MB): peak = 1276.121 ; gain = 0.000

Phase 3.2 Commit Most Macros & LUTRAMs
Phase 3.2 Commit Most Macros & LUTRAMs | Checksum: 1e9a4f490

Time (s): cpu = 00:00:07 ; elapsed = 00:00:05 . Memory (MB): peak = 1276.121 ; gain = 0.000

Phase 3.3 Area Swap Optimization
Phase 3.3 Area Swap Optimization | Checksum: 14882b474

Time (s): cpu = 00:00:07 ; elapsed = 00:00:05 . Memory (MB): peak = 1276.121 ; gain = 0.000

Phase 3.4 Pipeline Register Optimization
Phase 3.4 Pipeline Register Optimization | Checksum: 18acc20b7

Time (s): cpu = 00:00:07 ; elapsed = 00:00:05 . Memory (MB): peak = 1276.121 ; gain = 0.000

Phase 3.5 Small Shape Detail Placement
Phase 3.5 Small Shape Detail Placement | Checksum: 20a0528dd

Time (s): cpu = 00:00:08 ; elapsed = 00:00:05 . Memory (MB): peak = 1276.121 ; gain = 0.000

Phase 3.6 Re-assign LUT pins
Phase 3.6 Re-assign LUT pins | Checksum: 166f4f249

Time (s): cpu = 00:00:08 ; elapsed = 00:00:05 . Memory (MB): peak = 1276.121 ; gain = 0.000

Phase 3.7 Pipeline Register Optimization
Phase 3.7 Pipeline Register Optimization | Checksum: 166f4f249

Time (s): cpu = 00:00:08 ; elapsed = 00:00:05 . Memory (MB): peak = 1276.121 ; gain = 0.000
Phase 3 Detail Placement | Checksum: 166f4f249

Time (s): cpu = 00:00:08 ; elapsed = 00:00:06 . Memory (MB): peak = 1276.121 ; gain = 0.000

Phase 4 Post Placement Optimization and Clean-Up

Phase 4.1 Post Commit Optimization
INFO: [Timing 38-35] Done setting XDC timing constraints.

Phase 4.1.1 Post Placement Optimization
Post Placement Optimization Initialization | Checksum: 2063f1691

Phase 4.1.1.1 BUFG Insertion
INFO: [Physopt 32-721] Multithreading enabled for phys_opt_design using a maximum of 2 CPUs
INFO: [Place 46-31] BUFG insertion identified 0 candidate nets, 0 success, 0 skipped for placement/routing, 0 skipped for timing, 0 skipped for netlist change reason.
Phase 4.1.1.1 BUFG Insertion | Checksum: 2063f1691

Time (s): cpu = 00:00:09 ; elapsed = 00:00:06 . Memory (MB): peak = 1276.121 ; gain = 0.000
INFO: [Place 30-746] Post Placement Timing Summary WNS=2.510. For the most accurate timing information please run report_timing.
Phase 4.1.1 Post Placement Optimization | Checksum: 14f8f4901

Time (s): cpu = 00:00:09 ; elapsed = 00:00:06 . Memory (MB): peak = 1276.121 ; gain = 0.000
Phase 4.1 Post Commit Optimization | Checksum: 14f8f4901

Time (s): cpu = 00:00:09 ; elapsed = 00:00:06 . Memory (MB): peak = 1276.121 ; gain = 0.000

Phase 4.2 Post Placement Cleanup
Phase 4.2 Post Placement Cleanup | Checksum: 14f8f4901

Time (s): cpu = 00:00:09 ; elapsed = 00:00:06 . Memory (MB): peak = 1276.121 ; gain = 0.000

Phase 4.3 Placer Reporting
Phase 4.3 Placer Reporting | Checksum: 14f8f4901

Time (s): cpu = 00:00:09 ; elapsed = 00:00:06 . Memory (MB): peak = 1276.121 ; gain = 0.000

Phase 4.4 Final Placement Cleanup
Phase 4.4 Final Placement Cleanup | Checksum: 9628b03c

Time (s): cpu = 00:00:09 ; elapsed = 00:00:06 . Memory (MB): peak = 1276.121 ; gain = 0.000
Phase 4 Post Placement Optimization and Clean-Up | Checksum: 9628b03c

Time (s): cpu = 00:00:09 ; elapsed = 00:00:06 . Memory (MB): peak = 1276.121 ; gain = 0.000
Ending Placer Task | Checksum: 4d357931

Time (s): cpu = 00:00:09 ; elapsed = 00:00:06 . Memory (MB): peak = 1276.121 ; gain = 0.000
INFO: [Common 17-83] Releasing license: Implementation
67 Infos, 3 Warnings, 0 Critical Warnings and 0 Errors encountered.
place_design completed successfully
place_design: Time (s): cpu = 00:00:11 ; elapsed = 00:00:07 . Memory (MB): peak = 1276.121 ; gain = 0.000
Writing placer database...
Writing XDEF routing.
Writing XDEF routing logical nets.
Writing XDEF routing special nets.
Write XDEF Complete: Time (s): cpu = 00:00:00 ; elapsed = 00:00:00.205 . Memory (MB): peak = 1276.121 ; gain = 0.000
INFO: [Common 17-1381] The checkpoint 'C:/Projects/2017/Arty_RGB_AXI/Arty_RGB_AXI.runs/impl_1/design_1_wrapper_placed.dcp' has been generated.
INFO: [runtcl-4] Executing : report_io -file design_1_wrapper_io_placed.rpt
report_io: Time (s): cpu = 00:00:00 ; elapsed = 00:00:00.040 . Memory (MB): peak = 1276.121 ; gain = 0.000
INFO: [runtcl-4] Executing : report_utilization -file design_1_wrapper_utilization_placed.rpt -pb design_1_wrapper_utilization_placed.pb
report_utilization: Time (s): cpu = 00:00:01 ; elapsed = 00:00:00.059 . Memory (MB): peak = 1276.121 ; gain = 0.000
INFO: [runtcl-4] Executing : report_control_sets -verbose -file design_1_wrapper_control_sets_placed.rpt
report_control_sets: Time (s): cpu = 00:00:00 ; elapsed = 00:00:00.012 . Memory (MB): peak = 1276.121 ; gain = 0.000
Command: route_design
Attempting to get a license for feature 'Implementation' and/or device 'xc7s50'
INFO: [Common 17-349] Got license for feature 'Implementation' and/or device 'xc7s50'
Running DRC as a precondition to command route_design
INFO: [DRC 23-27] Running DRC with 2 threads
INFO: [Vivado_Tcl 4-198] DRC finished with 0 Errors
INFO: [Vivado_Tcl 4-199] Please refer to the DRC report (report_drc) for more information.


Starting Routing Task
INFO: [Route 35-254] Multithreading enabled for route_design using a maximum of 2 CPUs
Checksum: PlaceDB: 24e13e16 ConstDB: 0 ShapeSum: 28543b1b RouteDB: 0

Phase 1 Build RT Design
Phase 1 Build RT Design | Checksum: 87c56821

Time (s): cpu = 00:00:20 ; elapsed = 00:00:18 . Memory (MB): peak = 1276.121 ; gain = 0.000
Post Restoration Checksum: NetGraph: 72c3a7b6 NumContArr: 1501c06b Constraints: 0 Timing: 0

Phase 2 Router Initialization

Phase 2.1 Create Timer
Phase 2.1 Create Timer | Checksum: 87c56821

Time (s): cpu = 00:00:20 ; elapsed = 00:00:18 . Memory (MB): peak = 1276.121 ; gain = 0.000

Phase 2.2 Fix Topology Constraints
Phase 2.2 Fix Topology Constraints | Checksum: 87c56821

Time (s): cpu = 00:00:20 ; elapsed = 00:00:18 . Memory (MB): peak = 1276.121 ; gain = 0.000

Phase 2.3 Pre Route Cleanup
Phase 2.3 Pre Route Cleanup | Checksum: 87c56821

Time (s): cpu = 00:00:20 ; elapsed = 00:00:18 . Memory (MB): peak = 1276.121 ; gain = 0.000
 Number of Nodes with overlaps = 0

Phase 2.4 Update Timing
Phase 2.4 Update Timing | Checksum: 1ad548555

Time (s): cpu = 00:00:22 ; elapsed = 00:00:19 . Memory (MB): peak = 1276.121 ; gain = 0.000
INFO: [Route 35-416] Intermediate Timing Summary | WNS=2.562  | TNS=0.000  | WHS=-0.410 | THS=-331.455|

Phase 2 Router Initialization | Checksum: 17b5e67b1

Time (s): cpu = 00:00:22 ; elapsed = 00:00:19 . Memory (MB): peak = 1276.121 ; gain = 0.000

Phase 3 Initial Routing
Phase 3 Initial Routing | Checksum: 1c986c8e8

Time (s): cpu = 00:00:23 ; elapsed = 00:00:19 . Memory (MB): peak = 1276.121 ; gain = 0.000

Phase 4 Rip-up And Reroute

Phase 4.1 Global Iteration 0
 Number of Nodes with overlaps = 285
 Number of Nodes with overlaps = 11
 Number of Nodes with overlaps = 1
 Number of Nodes with overlaps = 1
 Number of Nodes with overlaps = 0
INFO: [Route 35-416] Intermediate Timing Summary | WNS=2.411  | TNS=0.000  | WHS=N/A    | THS=N/A    |

Phase 4.1 Global Iteration 0 | Checksum: 1998c6a77

Time (s): cpu = 00:00:25 ; elapsed = 00:00:20 . Memory (MB): peak = 1276.121 ; gain = 0.000

Phase 4.2 Global Iteration 1
 Number of Nodes with overlaps = 0
INFO: [Route 35-416] Intermediate Timing Summary | WNS=2.411  | TNS=0.000  | WHS=N/A    | THS=N/A    |

Phase 4.2 Global Iteration 1 | Checksum: 1cbb12897

Time (s): cpu = 00:00:25 ; elapsed = 00:00:20 . Memory (MB): peak = 1276.121 ; gain = 0.000
Phase 4 Rip-up And Reroute | Checksum: 1cbb12897

Time (s): cpu = 00:00:25 ; elapsed = 00:00:20 . Memory (MB): peak = 1276.121 ; gain = 0.000

Phase 5 Delay and Skew Optimization

Phase 5.1 Delay CleanUp
Phase 5.1 Delay CleanUp | Checksum: 1cbb12897

Time (s): cpu = 00:00:25 ; elapsed = 00:00:20 . Memory (MB): peak = 1276.121 ; gain = 0.000

Phase 5.2 Clock Skew Optimization
Phase 5.2 Clock Skew Optimization | Checksum: 1cbb12897

Time (s): cpu = 00:00:25 ; elapsed = 00:00:20 . Memory (MB): peak = 1276.121 ; gain = 0.000
Phase 5 Delay and Skew Optimization | Checksum: 1cbb12897

Time (s): cpu = 00:00:25 ; elapsed = 00:00:20 . Memory (MB): peak = 1276.121 ; gain = 0.000

Phase 6 Post Hold Fix

Phase 6.1 Hold Fix Iter

Phase 6.1.1 Update Timing
Phase 6.1.1 Update Timing | Checksum: 1c1620153

Time (s): cpu = 00:00:25 ; elapsed = 00:00:21 . Memory (MB): peak = 1276.121 ; gain = 0.000
INFO: [Route 35-416] Intermediate Timing Summary | WNS=2.491  | TNS=0.000  | WHS=0.006  | THS=0.000  |

Phase 6.1 Hold Fix Iter | Checksum: 1deab250d

Time (s): cpu = 00:00:25 ; elapsed = 00:00:21 . Memory (MB): peak = 1276.121 ; gain = 0.000
Phase 6 Post Hold Fix | Checksum: 1deab250d

Time (s): cpu = 00:00:25 ; elapsed = 00:00:21 . Memory (MB): peak = 1276.121 ; gain = 0.000

Phase 7 Route finalize

Router Utilization Summary
  Global Vertical Routing Utilization    = 1.00319 %
  Global Horizontal Routing Utilization  = 1.03995 %
  Routable Net Status*
  *Does not include unroutable nets such as driverless and loadless.
  Run report_route_status for detailed report.
  Number of Failed Nets               = 0
  Number of Unrouted Nets             = 0
  Number of Partially Routed Nets     = 0
  Number of Node Overlaps             = 0

Phase 7 Route finalize | Checksum: 1d0da15a3

Time (s): cpu = 00:00:25 ; elapsed = 00:00:21 . Memory (MB): peak = 1276.121 ; gain = 0.000

Phase 8 Verifying routed nets

 Verification completed successfully
Phase 8 Verifying routed nets | Checksum: 1d0da15a3

Time (s): cpu = 00:00:25 ; elapsed = 00:00:21 . Memory (MB): peak = 1276.121 ; gain = 0.000

Phase 9 Depositing Routes
Phase 9 Depositing Routes | Checksum: 1885fe6fe

Time (s): cpu = 00:00:25 ; elapsed = 00:00:21 . Memory (MB): peak = 1276.121 ; gain = 0.000

Phase 10 Post Router Timing
INFO: [Route 35-57] Estimated Timing Summary | WNS=2.491  | TNS=0.000  | WHS=0.006  | THS=0.000  |

INFO: [Route 35-327] The final timing numbers are based on the router estimated timing analysis. For a complete and accurate timing signoff, please run report_timing_summary.
Phase 10 Post Router Timing | Checksum: 1885fe6fe

Time (s): cpu = 00:00:25 ; elapsed = 00:00:21 . Memory (MB): peak = 1276.121 ; gain = 0.000
INFO: [Route 35-16] Router Completed Successfully

Time (s): cpu = 00:00:25 ; elapsed = 00:00:21 . Memory (MB): peak = 1276.121 ; gain = 0.000

Routing Is Done.
INFO: [Common 17-83] Releasing license: Implementation
84 Infos, 3 Warnings, 0 Critical Warnings and 0 Errors encountered.
route_design completed successfully
route_design: Time (s): cpu = 00:00:26 ; elapsed = 00:00:22 . Memory (MB): peak = 1276.121 ; gain = 0.000
Writing placer database...
Writing XDEF routing.
Writing XDEF routing logical nets.
Writing XDEF routing special nets.
Write XDEF Complete: Time (s): cpu = 00:00:00 ; elapsed = 00:00:00.278 . Memory (MB): peak = 1276.121 ; gain = 0.000
INFO: [Common 17-1381] The checkpoint 'C:/Projects/2017/Arty_RGB_AXI/Arty_RGB_AXI.runs/impl_1/design_1_wrapper_routed.dcp' has been generated.
INFO: [runtcl-4] Executing : report_drc -file design_1_wrapper_drc_routed.rpt -pb design_1_wrapper_drc_routed.pb -rpx design_1_wrapper_drc_routed.rpx
Command: report_drc -file design_1_wrapper_drc_routed.rpt -pb design_1_wrapper_drc_routed.pb -rpx design_1_wrapper_drc_routed.rpx
INFO: [IP_Flow 19-1839] IP Catalog is up to date.
INFO: [DRC 23-27] Running DRC with 2 threads
INFO: [Coretcl 2-168] The results of DRC are in file C:/Projects/2017/Arty_RGB_AXI/Arty_RGB_AXI.runs/impl_1/design_1_wrapper_drc_routed.rpt.
report_drc completed successfully
INFO: [runtcl-4] Executing : report_methodology -file design_1_wrapper_methodology_drc_routed.rpt -pb design_1_wrapper_methodology_drc_routed.pb -rpx design_1_wrapper_methodology_drc_routed.rpx
Command: report_methodology -file design_1_wrapper_methodology_drc_routed.rpt -pb design_1_wrapper_methodology_drc_routed.pb -rpx design_1_wrapper_methodology_drc_routed.rpx
INFO: [Timing 38-35] Done setting XDC timing constraints.
INFO: [Timing 38-35] Done setting XDC timing constraints.
INFO: [DRC 23-133] Running Methodology with 2 threads
INFO: [Coretcl 2-1520] The results of Report Methodology are in file C:/Projects/2017/Arty_RGB_AXI/Arty_RGB_AXI.runs/impl_1/design_1_wrapper_methodology_drc_routed.rpt.
report_methodology completed successfully
INFO: [runtcl-4] Executing : report_power -file design_1_wrapper_power_routed.rpt -pb design_1_wrapper_power_summary_routed.pb -rpx design_1_wrapper_power_routed.rpx
Command: report_power -file design_1_wrapper_power_routed.rpt -pb design_1_wrapper_power_summary_routed.pb -rpx design_1_wrapper_power_routed.rpx
INFO: [Timing 38-35] Done setting XDC timing constraints.
Running Vector-less Activity Propagation...

Finished Running Vector-less Activity Propagation
WARNING: [Power 33-332] Found switching activity that implies high-fanout reset nets being asserted for excessive periods of time which may result in inaccurate power analysis.
Resolution: To review and fix problems, please run Power Constraints Advisor in the GUI from Tools > Power Constraints Advisor or run report_power with the -advisory option to generate a text report.
96 Infos, 4 Warnings, 0 Critical Warnings and 0 Errors encountered.
report_power completed successfully
INFO: [runtcl-4] Executing : report_route_status -file design_1_wrapper_route_status.rpt -pb design_1_wrapper_route_status.pb
INFO: [runtcl-4] Executing : report_timing_summary -max_paths 10 -file design_1_wrapper_timing_summary_routed.rpt -rpx design_1_wrapper_timing_summary_routed.rpx -warn_on_violation 
INFO: [Timing 38-91] UpdateTimingParams: Speed grade: -1, Delay Type: min_max.
INFO: [Timing 38-191] Multithreading enabled for timing update using a maximum of 2 CPUs
INFO: [runtcl-4] Executing : report_incremental_reuse -file design_1_wrapper_incremental_reuse_routed.rpt
INFO: [Vivado_Tcl 4-545] No incremental reuse to report, no incremental placement and routing data was found.
INFO: [runtcl-4] Executing : report_clock_utilization -file design_1_wrapper_clock_utilization_routed.rpt
Command: write_bitstream -force design_1_wrapper.bit
Attempting to get a license for feature 'Implementation' and/or device 'xc7s50'
INFO: [Common 17-349] Got license for feature 'Implementation' and/or device 'xc7s50'
Running DRC as a precondition to command write_bitstream
INFO: [IP_Flow 19-1839] IP Catalog is up to date.
INFO: [DRC 23-27] Running DRC with 2 threads
INFO: [Vivado 12-3199] DRC finished with 0 Errors
INFO: [Vivado 12-3200] Please refer to the DRC report (report_drc) for more information.
INFO: [Project 1-821] Please set project.enableDesignId to be 'true'.
INFO: [Designutils 20-2272] Running write_bitstream with 2 threads.
Loading data files...
Loading site data...
Loading route data...
Processing options...
Creating bitmap...
Creating bitstream...
Bitstream compression saved 14634720 bits.
Writing bitstream ./design_1_wrapper.bit...
INFO: [Vivado 12-1842] Bitgen Completed Successfully.
INFO: [Project 1-120] WebTalk data collection is mandatory when using a WebPACK part without a full Vivado license. To see the specific WebTalk data collected for your design, open the usage_statistics_webtalk.html or usage_statistics_webtalk.xml file in the implementation directory.
INFO: [Common 17-83] Releasing license: Implementation
113 Infos, 4 Warnings, 0 Critical Warnings and 0 Errors encountered.
write_bitstream completed successfully
write_bitstream: Time (s): cpu = 00:00:12 ; elapsed = 00:00:11 . Memory (MB): peak = 1711.965 ; gain = 399.938
INFO: [Common 17-206] Exiting Vivado at Sat Apr  7 13:56:55 2018...
