#-----------------------------------------------------------
# Vivado v2017.4 (64-bit)
# SW Build 2086221 on Fri Dec 15 20:55:39 MST 2017
# IP Build 2085800 on Fri Dec 15 22:25:07 MST 2017
# Start of session at: Sat Apr  7 13:28:40 2018
# Process ID: 11352
# Current directory: D:/Workspaces/Xilinx/Arty_RGB_AXI
# Command line: vivado.exe -gui_launcher_event rodinguilauncherevent12788 D:\Workspaces\Xilinx\Arty_RGB_AXI\Arty_RGB_AXI.xpr
# Log file: D:/Workspaces/Xilinx/Arty_RGB_AXI/vivado.log
# Journal file: D:/Workspaces/Xilinx/Arty_RGB_AXI\vivado.jou
#-----------------------------------------------------------
start_gui
open_project D:/Workspaces/Xilinx/Arty_RGB_AXI/Arty_RGB_AXI.xpr
INFO: [Project 1-313] Project file moved from 'C:/Projects/2017/Arty_RGB_AXI' since last save.
Scanning sources...
Finished scanning sources
INFO: [IP_Flow 19-234] Refreshing IP repositories
INFO: [IP_Flow 19-1700] Loaded user IP repository 'd:/Workspaces/Xilinx/ip_repo'.
INFO: [IP_Flow 19-2313] Loaded Vivado IP repository 'D:/Xilinx/Vivado/2017.4/data/ip'.
open_project: Time (s): cpu = 00:00:36 ; elapsed = 00:00:15 . Memory (MB): peak = 809.539 ; gain = 98.129
update_compile_order -fileset sources_1
launch_sdk -workspace D:/Workspaces/Xilinx/Arty_RGB_AXI/Arty_RGB_AXI.sdk -hwspec D:/Workspaces/Xilinx/Arty_RGB_AXI/Arty_RGB_AXI.sdk/design_1_wrapper.hdf
INFO: [Vivado 12-393] Launching SDK...
INFO: [Vivado 12-417] Running xsdk -workspace D:/Workspaces/Xilinx/Arty_RGB_AXI/Arty_RGB_AXI.sdk -hwspec D:/Workspaces/Xilinx/Arty_RGB_AXI/Arty_RGB_AXI.sdk/design_1_wrapper.hdf
INFO: [Vivado 12-3157] SDK launch initiated. Please check console for any further messages.
open_hw
connect_hw_server
INFO: [Labtools 27-2285] Connecting to hw_server url TCP:localhost:3121
disconnect_hw_server localhost:3121
connect_hw_server
INFO: [Labtools 27-2285] Connecting to hw_server url TCP:localhost:3121
exit
INFO: [Common 17-206] Exiting Vivado at Sat Apr  7 13:33:51 2018...
