18:20:15 INFO  : Registering command handlers for SDK TCF services
18:20:15 INFO  : Launching XSCT server: xsct.bat -interactive C:\Projects\Misc\Dual_DAC_AXI\Dual_DAC_AXI.sdk\temp_xsdb_launch_script.tcl
18:20:17 INFO  : XSCT server has started successfully.
18:20:17 INFO  : Successfully done setting XSCT server connection channel  
18:20:17 INFO  : Processing command line option -hwspec C:/Projects/Misc/Dual_DAC_AXI/Dual_DAC_AXI.sdk/design_1_wrapper.hdf.
18:20:17 INFO  : Successfully done setting SDK workspace  
18:28:54 INFO  : Connected to target on host '127.0.0.1' and port '3121'.
18:28:58 INFO  : 'targets -set -filter {jtag_cable_name =~ "Digilent Zed 210248570623" && level==0} -index 1' command is executed.
18:29:02 INFO  : FPGA configured successfully with bitstream "C:/Projects/Misc/Dual_DAC_AXI/Dual_DAC_AXI.sdk/design_1_wrapper_hw_platform_0/design_1_wrapper.bit"
18:29:37 INFO  : 'targets -set -filter {jtag_cable_name =~ "Digilent Zed 210248570623" && level==0} -index 1' command is executed.
18:29:37 INFO  : 'fpga -state' command is executed.
18:29:37 INFO  : Connected to target on host '127.0.0.1' and port '3121'.
18:29:37 INFO  : Jtag cable 'Digilent Zed 210248570623' is selected.
18:29:37 INFO  : 'jtag frequency' command is executed.
18:29:37 INFO  : Sourcing of 'C:/Projects/Misc/Dual_DAC_AXI/Dual_DAC_AXI.sdk/design_1_wrapper_hw_platform_0/ps7_init.tcl' is done.
18:29:38 INFO  : Context for 'APU' is selected.
18:29:38 INFO  : Hardware design information is loaded from 'C:/Projects/Misc/Dual_DAC_AXI/Dual_DAC_AXI.sdk/design_1_wrapper_hw_platform_0/system.hdf'.
18:29:38 INFO  : Context for 'APU' is selected.
18:29:38 INFO  : 'stop' command is executed.
18:29:46 INFO  : 'ps7_init' command is executed.
18:29:46 INFO  : 'ps7_post_config' command is executed.
18:29:46 INFO  : Context for processor 'ps7_cortexa9_0' is selected.
18:29:46 INFO  : Processor reset is completed for 'ps7_cortexa9_0'.
18:29:47 INFO  : Context for processor 'ps7_cortexa9_0' is selected.
18:29:47 INFO  : The application 'C:/Projects/Misc/Dual_DAC_AXI/Dual_DAC_AXI.sdk/Dual_DAC_AXI/Debug/Dual_DAC_AXI.elf' is downloaded to processor 'ps7_cortexa9_0'.
18:29:47 INFO  : ----------------XSDB Script----------------
connect -url tcp:127.0.0.1:3121
source C:/Projects/Misc/Dual_DAC_AXI/Dual_DAC_AXI.sdk/design_1_wrapper_hw_platform_0/ps7_init.tcl
targets -set -nocase -filter {name =~"APU*" && jtag_cable_name =~ "Digilent Zed 210248570623"} -index 0
loadhw C:/Projects/Misc/Dual_DAC_AXI/Dual_DAC_AXI.sdk/design_1_wrapper_hw_platform_0/system.hdf
targets -set -nocase -filter {name =~"APU*" && jtag_cable_name =~ "Digilent Zed 210248570623"} -index 0
stop
ps7_init
ps7_post_config
targets -set -nocase -filter {name =~ "ARM*#0" && jtag_cable_name =~ "Digilent Zed 210248570623"} -index 0
rst -processor
targets -set -nocase -filter {name =~ "ARM*#0" && jtag_cable_name =~ "Digilent Zed 210248570623"} -index 0
dow C:/Projects/Misc/Dual_DAC_AXI/Dual_DAC_AXI.sdk/Dual_DAC_AXI/Debug/Dual_DAC_AXI.elf
----------------End of Script----------------

18:29:47 INFO  : Memory regions updated for context APU
18:29:47 INFO  : Context for processor 'ps7_cortexa9_0' is selected.
18:29:48 INFO  : 'con' command is executed.
18:29:48 INFO  : ----------------XSDB Script (After Launch)----------------
targets -set -nocase -filter {name =~ "ARM*#0" && jtag_cable_name =~ "Digilent Zed 210248570623"} -index 0
con
----------------End of Script----------------

18:29:48 INFO  : Launch script is exported to file 'C:\Projects\Misc\Dual_DAC_AXI\Dual_DAC_AXI.sdk\.sdk\launch_scripts\xilinx_c-c++_application_(system_debugger)\system_debugger_using_debug_dual_dac_axi.elf_on_local.tcl'
18:30:38 INFO  : Disconnected from the channel tcfchan#1.
23:10:19 INFO  : Registering command handlers for SDK TCF services
23:10:19 INFO  : Launching XSCT server: xsct.bat -interactive C:\Projects\Misc\Dual_DAC_AXI\Dual_DAC_AXI.sdk\temp_xsdb_launch_script.tcl
23:10:21 INFO  : XSCT server has started successfully.
23:10:24 INFO  : Successfully done setting XSCT server connection channel  
23:10:24 INFO  : Processing command line option -hwspec C:/Projects/Misc/Dual_DAC_AXI/Dual_DAC_AXI.sdk/design_1_wrapper.hdf.
23:10:24 INFO  : Successfully done setting SDK workspace  
23:10:24 INFO  : Checking for hwspec changes in the project design_1_wrapper_hw_platform_0.
23:19:53 INFO  : Connected to target on host '127.0.0.1' and port '3121'.
23:19:56 INFO  : 'targets -set -filter {jtag_cable_name =~ "Digilent Zed 210248570623" && level==0} -index 1' command is executed.
23:20:00 INFO  : FPGA configured successfully with bitstream "C:/Projects/Misc/Dual_DAC_AXI/Dual_DAC_AXI.sdk/design_1_wrapper_hw_platform_0/design_1_wrapper.bit"
23:20:14 INFO  : 'targets -set -filter {jtag_cable_name =~ "Digilent Zed 210248570623" && level==0} -index 1' command is executed.
23:20:14 INFO  : 'fpga -state' command is executed.
23:20:14 INFO  : Connected to target on host '127.0.0.1' and port '3121'.
23:20:14 INFO  : Jtag cable 'Digilent Zed 210248570623' is selected.
23:20:14 INFO  : 'jtag frequency' command is executed.
23:20:14 INFO  : Sourcing of 'C:/Projects/Misc/Dual_DAC_AXI/Dual_DAC_AXI.sdk/design_1_wrapper_hw_platform_0/ps7_init.tcl' is done.
23:20:14 INFO  : Context for 'APU' is selected.
23:20:15 INFO  : Hardware design information is loaded from 'C:/Projects/Misc/Dual_DAC_AXI/Dual_DAC_AXI.sdk/design_1_wrapper_hw_platform_0/system.hdf'.
23:20:15 INFO  : Context for 'APU' is selected.
23:20:17 INFO  : 'stop' command is executed.
23:20:25 INFO  : 'ps7_init' command is executed.
23:20:25 INFO  : 'ps7_post_config' command is executed.
23:20:25 INFO  : Context for processor 'ps7_cortexa9_0' is selected.
23:20:25 INFO  : Processor reset is completed for 'ps7_cortexa9_0'.
23:20:26 INFO  : Context for processor 'ps7_cortexa9_0' is selected.
23:20:31 INFO  : The application 'C:/Projects/Misc/Dual_DAC_AXI/Dual_DAC_AXI.sdk/Dual_DAC_AXI/Debug/Dual_DAC_AXI.elf' is downloaded to processor 'ps7_cortexa9_0'.
23:20:31 INFO  : ----------------XSDB Script----------------
connect -url tcp:127.0.0.1:3121
source C:/Projects/Misc/Dual_DAC_AXI/Dual_DAC_AXI.sdk/design_1_wrapper_hw_platform_0/ps7_init.tcl
targets -set -nocase -filter {name =~"APU*" && jtag_cable_name =~ "Digilent Zed 210248570623"} -index 0
loadhw C:/Projects/Misc/Dual_DAC_AXI/Dual_DAC_AXI.sdk/design_1_wrapper_hw_platform_0/system.hdf
targets -set -nocase -filter {name =~"APU*" && jtag_cable_name =~ "Digilent Zed 210248570623"} -index 0
stop
ps7_init
ps7_post_config
targets -set -nocase -filter {name =~ "ARM*#0" && jtag_cable_name =~ "Digilent Zed 210248570623"} -index 0
rst -processor
targets -set -nocase -filter {name =~ "ARM*#0" && jtag_cable_name =~ "Digilent Zed 210248570623"} -index 0
dow C:/Projects/Misc/Dual_DAC_AXI/Dual_DAC_AXI.sdk/Dual_DAC_AXI/Debug/Dual_DAC_AXI.elf
----------------End of Script----------------

23:20:32 INFO  : Memory regions updated for context APU
23:20:33 INFO  : Context for processor 'ps7_cortexa9_0' is selected.
23:20:33 INFO  : 'con' command is executed.
23:20:33 INFO  : ----------------XSDB Script (After Launch)----------------
targets -set -nocase -filter {name =~ "ARM*#0" && jtag_cable_name =~ "Digilent Zed 210248570623"} -index 0
con
----------------End of Script----------------

23:20:33 INFO  : Launch script is exported to file 'C:\Projects\Misc\Dual_DAC_AXI\Dual_DAC_AXI.sdk\.sdk\launch_scripts\xilinx_c-c++_application_(system_debugger)\system_debugger_using_debug_dual_dac_axi.elf_on_local.tcl'
23:23:26 INFO  : Disconnected from the channel tcfchan#1.
23:23:28 INFO  : 'targets -set -filter {jtag_cable_name =~ "Digilent Zed 210248570623" && level==0} -index 1' command is executed.
23:23:28 INFO  : 'fpga -state' command is executed.
23:23:28 INFO  : Connected to target on host '127.0.0.1' and port '3121'.
23:23:28 INFO  : Jtag cable 'Digilent Zed 210248570623' is selected.
23:23:28 INFO  : 'jtag frequency' command is executed.
23:23:28 INFO  : Sourcing of 'C:/Projects/Misc/Dual_DAC_AXI/Dual_DAC_AXI.sdk/design_1_wrapper_hw_platform_0/ps7_init.tcl' is done.
23:23:28 INFO  : Context for 'APU' is selected.
23:23:30 INFO  : Hardware design information is loaded from 'C:/Projects/Misc/Dual_DAC_AXI/Dual_DAC_AXI.sdk/design_1_wrapper_hw_platform_0/system.hdf'.
23:23:30 INFO  : Context for 'APU' is selected.
23:23:30 INFO  : 'stop' command is executed.
23:23:35 INFO  : 'ps7_init' command is executed.
23:23:36 INFO  : 'ps7_post_config' command is executed.
23:23:36 INFO  : Context for processor 'ps7_cortexa9_0' is selected.
23:23:37 INFO  : Processor reset is completed for 'ps7_cortexa9_0'.
23:23:37 INFO  : Context for processor 'ps7_cortexa9_0' is selected.
23:23:39 INFO  : The application 'C:/Projects/Misc/Dual_DAC_AXI/Dual_DAC_AXI.sdk/Dual_DAC_AXI/Debug/Dual_DAC_AXI.elf' is downloaded to processor 'ps7_cortexa9_0'.
23:23:39 INFO  : ----------------XSDB Script----------------
connect -url tcp:127.0.0.1:3121
source C:/Projects/Misc/Dual_DAC_AXI/Dual_DAC_AXI.sdk/design_1_wrapper_hw_platform_0/ps7_init.tcl
targets -set -nocase -filter {name =~"APU*" && jtag_cable_name =~ "Digilent Zed 210248570623"} -index 0
loadhw C:/Projects/Misc/Dual_DAC_AXI/Dual_DAC_AXI.sdk/design_1_wrapper_hw_platform_0/system.hdf
targets -set -nocase -filter {name =~"APU*" && jtag_cable_name =~ "Digilent Zed 210248570623"} -index 0
stop
ps7_init
ps7_post_config
targets -set -nocase -filter {name =~ "ARM*#0" && jtag_cable_name =~ "Digilent Zed 210248570623"} -index 0
rst -processor
targets -set -nocase -filter {name =~ "ARM*#0" && jtag_cable_name =~ "Digilent Zed 210248570623"} -index 0
dow C:/Projects/Misc/Dual_DAC_AXI/Dual_DAC_AXI.sdk/Dual_DAC_AXI/Debug/Dual_DAC_AXI.elf
----------------End of Script----------------

23:23:39 INFO  : Memory regions updated for context APU
23:23:40 INFO  : Context for processor 'ps7_cortexa9_0' is selected.
23:23:40 INFO  : 'con' command is executed.
23:23:40 INFO  : ----------------XSDB Script (After Launch)----------------
targets -set -nocase -filter {name =~ "ARM*#0" && jtag_cable_name =~ "Digilent Zed 210248570623"} -index 0
con
----------------End of Script----------------

23:23:40 INFO  : Launch script is exported to file 'C:\Projects\Misc\Dual_DAC_AXI\Dual_DAC_AXI.sdk\.sdk\launch_scripts\xilinx_c-c++_application_(system_debugger)\system_debugger_using_debug_dual_dac_axi.elf_on_local.tcl'
10:50:30 INFO  : Disconnected from the channel tcfchan#2.
