19:33:46 INFO  : Registering command handlers for SDK TCF services
19:33:46 INFO  : Launching XSCT server: xsct.bat -interactive C:\Projects\2017\Arty_RGB_AXI\Arty_RGB_AXI.sdk\temp_xsdb_launch_script.tcl
19:33:48 INFO  : XSCT server has started successfully.
19:33:48 INFO  : Successfully done setting XSCT server connection channel  
19:33:49 INFO  : Successfully done setting SDK workspace  
19:33:49 INFO  : Processing command line option -hwspec C:/Projects/2017/Arty_RGB_AXI/Arty_RGB_AXI.sdk/design_1_wrapper.hdf.
19:36:41 INFO  : Connected to target on host '127.0.0.1' and port '3121'.
19:36:41 INFO  : 'targets -set -filter {jtag_cable_name =~ "Digilent Arty S7 - 50 210352A6BE9FA" && level==0} -index 0' command is executed.
19:36:41 INFO  : FPGA configured successfully with bitstream "C:/Projects/2017/Arty_RGB_AXI/Arty_RGB_AXI.sdk/design_1_wrapper_hw_platform_0/download.bit"
19:37:08 INFO  : 'targets -set -filter {jtag_cable_name =~ "Digilent Arty S7 - 50 210352A6BE9FA" && level==0} -index 0' command is executed.
19:37:08 INFO  : 'fpga -state' command is executed.
19:37:08 INFO  : Connected to target on host '127.0.0.1' and port '3121'.
19:37:08 INFO  : Jtag cable 'Digilent Arty S7 - 50 210352A6BE9FA' is selected.
19:37:08 INFO  : 'jtag frequency' command is executed.
19:37:08 INFO  : Context for processor 'microblaze_0' is selected.
19:37:08 INFO  : Processor reset is completed for 'microblaze_0'.
19:37:08 INFO  : Context for processor 'microblaze_0' is selected.
19:37:08 INFO  : The application 'C:/Projects/2017/Arty_RGB_AXI/Arty_RGB_AXI.sdk/RGB_test/Debug/RGB_test.elf' is downloaded to processor 'microblaze_0'.
19:37:08 INFO  : ----------------XSDB Script----------------
connect -url tcp:127.0.0.1:3121
targets -set -nocase -filter {name =~ "microblaze*#0" && bscan=="USER2"  && jtag_cable_name =~ "Digilent Arty S7 - 50 210352A6BE9FA"} -index 0
rst -processor
targets -set -nocase -filter {name =~ "microblaze*#0" && bscan=="USER2"  && jtag_cable_name =~ "Digilent Arty S7 - 50 210352A6BE9FA"} -index 0
dow C:/Projects/2017/Arty_RGB_AXI/Arty_RGB_AXI.sdk/RGB_test/Debug/RGB_test.elf
----------------End of Script----------------

19:37:08 INFO  : Memory regions updated for context MicroBlaze #0
19:37:08 INFO  : Memory regions updated for context MicroBlaze Debug Module at USER2
19:37:08 INFO  : Context for processor 'microblaze_0' is selected.
19:37:08 INFO  : 'con' command is executed.
19:37:08 INFO  : ----------------XSDB Script (After Launch)----------------
targets -set -nocase -filter {name =~ "microblaze*#0" && bscan=="USER2"  && jtag_cable_name =~ "Digilent Arty S7 - 50 210352A6BE9FA"} -index 0
con
----------------End of Script----------------

19:37:08 INFO  : Launch script is exported to file 'C:\Projects\2017\Arty_RGB_AXI\Arty_RGB_AXI.sdk\.sdk\launch_scripts\xilinx_c-c++_application_(system_debugger)\system_debugger_using_debug_rgb_test.elf_on_local.tcl'
19:37:22 INFO  : Disconnected from the channel tcfchan#1.
13:58:11 INFO  : Registering command handlers for SDK TCF services
13:58:12 INFO  : Launching XSCT server: xsct.bat -interactive C:\Projects\2017\Arty_RGB_AXI\Arty_RGB_AXI.sdk\temp_xsdb_launch_script.tcl
13:58:14 INFO  : XSCT server has started successfully.
13:58:14 INFO  : Successfully done setting XSCT server connection channel  
13:58:14 INFO  : Processing command line option -hwspec C:/Projects/2017/Arty_RGB_AXI/Arty_RGB_AXI.sdk/design_1_wrapper.hdf.
13:58:14 INFO  : Successfully done setting SDK workspace  
13:58:14 INFO  : Checking for hwspec changes in the project design_1_wrapper_hw_platform_0.
13:58:15 INFO  : SDK has detected change in the last modified timestamps for source hardware specification file Source:1523102215107,  Project:1522601822595
13:58:15 INFO  : The hardware specification for project 'design_1_wrapper_hw_platform_0' is different from C:/Projects/2017/Arty_RGB_AXI/Arty_RGB_AXI.sdk/design_1_wrapper.hdf.
13:58:15 INFO  : Copied contents of C:/Projects/2017/Arty_RGB_AXI/Arty_RGB_AXI.sdk/design_1_wrapper.hdf into \design_1_wrapper_hw_platform_0\system.hdf.
13:58:15 INFO  : Synchronizing projects in the workspace with the hardware platform specification changes.
13:58:19 INFO  : 
13:58:20 INFO  : Updating hardware inferred compiler options for RGB_test.
13:58:20 INFO  : Clearing existing target manager status.
13:58:20 WARN  : Given IPC port value is invalid. Using default port 2350
13:58:20 WARN  : Given XMD timeout value is invalid. Using default value of 50000
13:58:21 WARN  : Given XMD transaction timeout value is invalid. Using default value of 60000 milli seconds
14:00:52 INFO  : Connected to target on host '127.0.0.1' and port '3121'.
14:00:53 INFO  : 'targets -set -filter {jtag_cable_name =~ "Digilent Arty S7 - 50 210352A6BE9FA" && level==0} -index 0' command is executed.
14:00:53 INFO  : FPGA configured successfully with bitstream "C:/Projects/2017/Arty_RGB_AXI/Arty_RGB_AXI.sdk/design_1_wrapper_hw_platform_0/download.bit"
14:01:01 INFO  : 'targets -set -filter {jtag_cable_name =~ "Digilent Arty S7 - 50 210352A6BE9FA" && level==0} -index 0' command is executed.
14:01:01 INFO  : 'fpga -state' command is executed.
14:01:01 INFO  : Connected to target on host '127.0.0.1' and port '3121'.
14:01:01 INFO  : Jtag cable 'Digilent Arty S7 - 50 210352A6BE9FA' is selected.
14:01:01 INFO  : 'jtag frequency' command is executed.
14:01:01 INFO  : Context for processor 'microblaze_0' is selected.
14:01:01 INFO  : Processor reset is completed for 'microblaze_0'.
14:01:01 INFO  : Context for processor 'microblaze_0' is selected.
14:01:01 INFO  : The application 'C:/Projects/2017/Arty_RGB_AXI/Arty_RGB_AXI.sdk/RGB_test/Debug/RGB_test.elf' is downloaded to processor 'microblaze_0'.
14:01:01 INFO  : ----------------XSDB Script----------------
connect -url tcp:127.0.0.1:3121
targets -set -nocase -filter {name =~ "microblaze*#0" && bscan=="USER2"  && jtag_cable_name =~ "Digilent Arty S7 - 50 210352A6BE9FA"} -index 0
rst -processor
targets -set -nocase -filter {name =~ "microblaze*#0" && bscan=="USER2"  && jtag_cable_name =~ "Digilent Arty S7 - 50 210352A6BE9FA"} -index 0
dow C:/Projects/2017/Arty_RGB_AXI/Arty_RGB_AXI.sdk/RGB_test/Debug/RGB_test.elf
----------------End of Script----------------

14:01:02 INFO  : Memory regions updated for context MicroBlaze #0
14:01:02 INFO  : Memory regions updated for context MicroBlaze Debug Module at USER2
14:01:02 INFO  : Context for processor 'microblaze_0' is selected.
14:01:02 INFO  : 'con' command is executed.
14:01:02 INFO  : ----------------XSDB Script (After Launch)----------------
targets -set -nocase -filter {name =~ "microblaze*#0" && bscan=="USER2"  && jtag_cable_name =~ "Digilent Arty S7 - 50 210352A6BE9FA"} -index 0
con
----------------End of Script----------------

14:01:02 INFO  : Launch script is exported to file 'C:\Projects\2017\Arty_RGB_AXI\Arty_RGB_AXI.sdk\.sdk\launch_scripts\xilinx_c-c++_application_(system_debugger)\system_debugger_using_debug_rgb_test.elf_on_local.tcl'
14:01:05 INFO  : Disconnected from the channel tcfchan#1.
14:01:05 ERROR : Unexpected error while parsing XMD response ?: com.google.gson.JsonSyntaxException: com.google.gson.stream.MalformedJsonException: invalid number or unquoted string near 
13:30:23 INFO  : Registering command handlers for SDK TCF services
13:30:26 INFO  : Launching XSCT server: xsct.bat -interactive D:\Workspaces\Xilinx\Arty_RGB_AXI\Arty_RGB_AXI.sdk\temp_xsdb_launch_script.tcl
13:30:36 INFO  : XSCT server has started successfully.
13:30:36 INFO  : Successfully done setting XSCT server connection channel  
13:30:38 INFO  : Successfully done setting SDK workspace  
13:30:39 INFO  : Processing command line option -hwspec D:/Workspaces/Xilinx/Arty_RGB_AXI/Arty_RGB_AXI.sdk/design_1_wrapper.hdf.
13:31:30 INFO  : Connected to target on host '127.0.0.1' and port '3121'.
13:31:57 INFO  : Connected to target on host '127.0.0.1' and port '3121'.
13:32:23 INFO  : Connected to target on host '127.0.0.1' and port '3121'.
